This is pdfTeX, Version 3.14159265-2.6-1.40.19 (TeX Live 2018/W32TeX) (preloaded format=pdflatex 2018.5.15)  28 MAY 2018 17:34
entering extended mode
 restricted \write18 enabled.
 %&-line parsing enabled.
**overview.tex
(./overview.tex
LaTeX2e <2018-04-01> patch level 4
! Undefined control sequence.
l.1 \section
            {–û–±–∑–æ—Ä –ø—Ä–µ–¥–º–µ—Ç–Ω–æ–π –æ–±–ª–∞—Å—Ç–∏}
The control sequence at the end of the top line
of your error message was never \def'ed. If you have
misspelled it (e.g., `\hobx'), type `I' and the correct
spelling (e.g., `I\hbox'). Otherwise just continue,
and I'll forget about whatever was undefined.


! Package inputenc Error: Unicode character –û (U+41E)
(inputenc)                not set up for use with LaTeX.

See the inputenc package documentation for explanation.
Type  H <return>  for immediate help.
 ...                                              
                                                  
l.1 \section{–û
               –±–∑–æ—Ä –ø—Ä–µ–¥–º–µ—Ç–Ω–æ–π –æ–±–ª–∞—Å—Ç–∏}
You may provide a definition with
\DeclareUnicodeCharacter 


! Package inputenc Error: Unicode character –± (U+431)
(inputenc)                not set up for use with LaTeX.

See the inputenc package documentation for explanation.
Type  H <return>  for immediate help.
 ...                                              
                                                  
l.1 \section{–û–±
                 –∑–æ—Ä –ø—Ä–µ–¥–º–µ—Ç–Ω–æ–π –æ–±–ª–∞—Å—Ç–∏}
You may provide a definition with
\DeclareUnicodeCharacter 


! Package inputenc Error: Unicode character –∑ (U+437)
(inputenc)                not set up for use with LaTeX.

See the inputenc package documentation for explanation.
Type  H <return>  for immediate help.
 ...                                              
                                                  
l.1 \section{–û–±–∑
                   –æ—Ä –ø—Ä–µ–¥–º–µ—Ç–Ω–æ–π –æ–±–ª–∞—Å—Ç–∏}
You may provide a definition with
\DeclareUnicodeCharacter 


! Package inputenc Error: Unicode character –æ (U+43E)
(inputenc)                not set up for use with LaTeX.

See the inputenc package documentation for explanation.
Type  H <return>  for immediate help.
 ...                                              
                                                  
l.1 \section{–û–±–∑–æ
                     —Ä –ø—Ä–µ–¥–º–µ—Ç–Ω–æ–π –æ–±–ª–∞—Å—Ç–∏}
You may provide a definition with
\DeclareUnicodeCharacter 


! Package inputenc Error: Unicode character —Ä (U+440)
(inputenc)                not set up for use with LaTeX.

See the inputenc package documentation for explanation.
Type  H <return>  for immediate help.
 ...                                              
                                                  
l.1 \section{–û–±–∑–æ—Ä
                        –ø—Ä–µ–¥–º–µ—Ç–Ω–æ–π –æ–±–ª–∞—Å—Ç–∏}
You may provide a definition with
\DeclareUnicodeCharacter 


! Package inputenc Error: Unicode character –ø (U+43F)
(inputenc)                not set up for use with LaTeX.

See the inputenc package documentation for explanation.
Type  H <return>  for immediate help.
 ...                                              
                                                  
l.1 \section{–û–±–∑–æ—Ä –ø
                          —Ä–µ–¥–º–µ—Ç–Ω–æ–π –æ–±–ª–∞—Å—Ç–∏}
You may provide a definition with
\DeclareUnicodeCharacter 


! Package inputenc Error: Unicode character —Ä (U+440)
(inputenc)                not set up for use with LaTeX.

See the inputenc package documentation for explanation.
Type  H <return>  for immediate help.
 ...                                              
                                                  
l.1 \section{–û–±–∑–æ—Ä –ø—Ä
                            –µ–¥–º–µ—Ç–Ω–æ–π –æ–±–ª–∞—Å—Ç–∏}
You may provide a definition with
\DeclareUnicodeCharacter 


! Package inputenc Error: Unicode character –µ (U+435)
(inputenc)                not set up for use with LaTeX.

See the inputenc package documentation for explanation.
Type  H <return>  for immediate help.
 ...                                              
                                                  
l.1 \section{–û–±–∑–æ—Ä –ø—Ä–µ
                              –¥–º–µ—Ç–Ω–æ–π –æ–±–ª–∞—Å—Ç–∏}
You may provide a definition with
\DeclareUnicodeCharacter 


! Package inputenc Error: Unicode character –¥ (U+434)
(inputenc)                not set up for use with LaTeX.

See the inputenc package documentation for explanation.
Type  H <return>  for immediate help.
 ...                                              
                                                  
l.1 \section{–û–±–∑–æ—Ä –ø—Ä–µ–¥
                                –º–µ—Ç–Ω–æ–π –æ–±–ª–∞—Å—Ç–∏}
You may provide a definition with
\DeclareUnicodeCharacter 


! Package inputenc Error: Unicode character –º (U+43C)
(inputenc)                not set up for use with LaTeX.

See the inputenc package documentation for explanation.
Type  H <return>  for immediate help.
 ...                                              
                                                  
l.1 \section{–û–±–∑–æ—Ä –ø—Ä–µ–¥–º
                                  –µ—Ç–Ω–æ–π –æ–±–ª–∞—Å—Ç–∏}
You may provide a definition with
\DeclareUnicodeCharacter 


! Package inputenc Error: Unicode character –µ (U+435)
(inputenc)                not set up for use with LaTeX.

See the inputenc package documentation for explanation.
Type  H <return>  for immediate help.
 ...                                              
                                                  
l.1 \section{–û–±–∑–æ—Ä –ø—Ä–µ–¥–º–µ
                                    —Ç–Ω–æ–π –æ–±–ª–∞—Å—Ç–∏}
You may provide a definition with
\DeclareUnicodeCharacter 


! Package inputenc Error: Unicode character —Ç (U+442)
(inputenc)                not set up for use with LaTeX.

See the inputenc package documentation for explanation.
Type  H <return>  for immediate help.
 ...                                              
                                                  
l.1 \section{–û–±–∑–æ—Ä –ø—Ä–µ–¥–º–µ—Ç
                                      –Ω–æ–π –æ–±–ª–∞—Å—Ç–∏}
You may provide a definition with
\DeclareUnicodeCharacter 


! Package inputenc Error: Unicode character –Ω (U+43D)
(inputenc)                not set up for use with LaTeX.

See the inputenc package documentation for explanation.
Type  H <return>  for immediate help.
 ...                                              
                                                  
l.1 \section{–û–±–∑–æ—Ä –ø—Ä–µ–¥–º–µ—Ç–Ω
                                        –æ–π –æ–±–ª–∞—Å—Ç–∏}
You may provide a definition with
\DeclareUnicodeCharacter 


! Package inputenc Error: Unicode character –æ (U+43E)
(inputenc)                not set up for use with LaTeX.

See the inputenc package documentation for explanation.
Type  H <return>  for immediate help.
 ...                                              
                                                  
l.1 \section{–û–±–∑–æ—Ä –ø—Ä–µ–¥–º–µ—Ç–Ω–æ
                                          –π –æ–±–ª–∞—Å—Ç–∏}
You may provide a definition with
\DeclareUnicodeCharacter 


! Package inputenc Error: Unicode character –π (U+439)
(inputenc)                not set up for use with LaTeX.

See the inputenc package documentation for explanation.
Type  H <return>  for immediate help.
 ...                                              
                                                  
l.1 \section{–û–±–∑–æ—Ä –ø—Ä–µ–¥–º–µ—Ç–Ω–æ–π
                                             –æ–±–ª–∞—Å—Ç–∏}
You may provide a definition with
\DeclareUnicodeCharacter 


! Package inputenc Error: Unicode character –æ (U+43E)
(inputenc)                not set up for use with LaTeX.

See the inputenc package documentation for explanation.
Type  H <return>  for immediate help.
 ...                                              
                                                  
l.1 \section{–û–±–∑–æ—Ä –ø—Ä–µ–¥–º–µ—Ç–Ω–æ–π –æ
                                               –±–ª–∞—Å—Ç–∏}
You may provide a definition with
\DeclareUnicodeCharacter 


! Package inputenc Error: Unicode character –± (U+431)
(inputenc)                not set up for use with LaTeX.

See the inputenc package documentation for explanation.
Type  H <return>  for immediate help.
 ...                                              
                                                  
l.1 \section{–û–±–∑–æ—Ä –ø—Ä–µ–¥–º–µ—Ç–Ω–æ–π –æ–±
                                                 –ª–∞—Å—Ç–∏}
You may provide a definition with
\DeclareUnicodeCharacter 


! Package inputenc Error: Unicode character –ª (U+43B)
(inputenc)                not set up for use with LaTeX.

See the inputenc package documentation for explanation.
Type  H <return>  for immediate help.
 ...                                              
                                                  
l.1 ...tion{–û–±–∑–æ—Ä –ø—Ä–µ–¥–º–µ—Ç–Ω–æ–π –æ–±–ª
                                                  –∞—Å—Ç–∏}
You may provide a definition with
\DeclareUnicodeCharacter 


! Package inputenc Error: Unicode character –∞ (U+430)
(inputenc)                not set up for use with LaTeX.

See the inputenc package documentation for explanation.
Type  H <return>  for immediate help.
 ...                                              
                                                  
l.1 ...on{–û–±–∑–æ—Ä –ø—Ä–µ–¥–º–µ—Ç–Ω–æ–π –æ–±–ª–∞
                                                  —Å—Ç–∏}
You may provide a definition with
\DeclareUnicodeCharacter 


! Package inputenc Error: Unicode character —Å (U+441)
(inputenc)                not set up for use with LaTeX.

See the inputenc package documentation for explanation.
Type  H <return>  for immediate help.
 ...                                              
                                                  
l.1 ...{–û–±–∑–æ—Ä –ø—Ä–µ–¥–º–µ—Ç–Ω–æ–π –æ–±–ª–∞—Å
                                                  —Ç–∏}
You may provide a definition with
\DeclareUnicodeCharacter 


! Package inputenc Error: Unicode character —Ç (U+442)
(inputenc)                not set up for use with LaTeX.

See the inputenc package documentation for explanation.
Type  H <return>  for immediate help.
 ...                                              
                                                  
l.1 ...û–±–∑–æ—Ä –ø—Ä–µ–¥–º–µ—Ç–Ω–æ–π –æ–±–ª–∞—Å—Ç
                                                  –∏}
You may provide a definition with
\DeclareUnicodeCharacter 


! Package inputenc Error: Unicode character –∏ (U+438)
(inputenc)                not set up for use with LaTeX.

See the inputenc package documentation for explanation.
Type  H <return>  for immediate help.
 ...                                              
                                                  
l.1 ...±–∑–æ—Ä –ø—Ä–µ–¥–º–µ—Ç–Ω–æ–π –æ–±–ª–∞—Å—Ç–∏
                                                  }
You may provide a definition with
\DeclareUnicodeCharacter 

! Undefined control sequence.
l.4 \subsection
               {–°—Ç–∞–Ω–¥–∞—Ä—Ç OpenGIS}
The control sequence at the end of the top line
of your error message was never \def'ed. If you have
misspelled it (e.g., `\hobx'), type `I' and the correct
spelling (e.g., `I\hbox'). Otherwise just continue,
and I'll forget about whatever was undefined.


! Package inputenc Error: Unicode character –° (U+421)
(inputenc)                not set up for use with LaTeX.

See the inputenc package documentation for explanation.
Type  H <return>  for immediate help.
 ...                                              
                                                  
l.4 \subsection{–°
                  —Ç–∞–Ω–¥–∞—Ä—Ç OpenGIS}
You may provide a definition with
\DeclareUnicodeCharacter 


! Package inputenc Error: Unicode character —Ç (U+442)
(inputenc)                not set up for use with LaTeX.

See the inputenc package documentation for explanation.
Type  H <return>  for immediate help.
 ...                                              
                                                  
l.4 \subsection{–°—Ç
                    –∞–Ω–¥–∞—Ä—Ç OpenGIS}
You may provide a definition with
\DeclareUnicodeCharacter 


! Package inputenc Error: Unicode character –∞ (U+430)
(inputenc)                not set up for use with LaTeX.

See the inputenc package documentation for explanation.
Type  H <return>  for immediate help.
 ...                                              
                                                  
l.4 \subsection{–°—Ç–∞
                      –Ω–¥–∞—Ä—Ç OpenGIS}
You may provide a definition with
\DeclareUnicodeCharacter 


! Package inputenc Error: Unicode character –Ω (U+43D)
(inputenc)                not set up for use with LaTeX.

See the inputenc package documentation for explanation.
Type  H <return>  for immediate help.
 ...                                              
                                                  
l.4 \subsection{–°—Ç–∞–Ω
                        –¥–∞—Ä—Ç OpenGIS}
You may provide a definition with
\DeclareUnicodeCharacter 


! Package inputenc Error: Unicode character –¥ (U+434)
(inputenc)                not set up for use with LaTeX.

See the inputenc package documentation for explanation.
Type  H <return>  for immediate help.
 ...                                              
                                                  
l.4 \subsection{–°—Ç–∞–Ω–¥
                          –∞—Ä—Ç OpenGIS}
You may provide a definition with
\DeclareUnicodeCharacter 


! Package inputenc Error: Unicode character –∞ (U+430)
(inputenc)                not set up for use with LaTeX.

See the inputenc package documentation for explanation.
Type  H <return>  for immediate help.
 ...                                              
                                                  
l.4 \subsection{–°—Ç–∞–Ω–¥–∞
                            —Ä—Ç OpenGIS}
You may provide a definition with
\DeclareUnicodeCharacter 


! Package inputenc Error: Unicode character —Ä (U+440)
(inputenc)                not set up for use with LaTeX.

See the inputenc package documentation for explanation.
Type  H <return>  for immediate help.
 ...                                              
                                                  
l.4 \subsection{–°—Ç–∞–Ω–¥–∞—Ä
                              —Ç OpenGIS}
You may provide a definition with
\DeclareUnicodeCharacter 


! Package inputenc Error: Unicode character —Ç (U+442)
(inputenc)                not set up for use with LaTeX.

See the inputenc package documentation for explanation.
Type  H <return>  for immediate help.
 ...                                              
                                                  
l.4 \subsection{–°—Ç–∞–Ω–¥–∞—Ä—Ç
                                 OpenGIS}
You may provide a definition with
\DeclareUnicodeCharacter 


! LaTeX Error: Missing \begin{document}.

See the LaTeX manual or LaTeX Companion for explanation.
Type  H <return>  for immediate help.
 ...                                              
                                                  
l.4 \subsection{–°—Ç–∞–Ω–¥–∞—Ä—Ç O
                                  penGIS}
You're in trouble here.  Try typing  <return>  to proceed.
If that doesn't work, type  X <return>  to quit.

Missing character: There is no O in font nullfont!
Missing character: There is no p in font nullfont!
Missing character: There is no e in font nullfont!
Missing character: There is no n in font nullfont!
Missing character: There is no G in font nullfont!
Missing character: There is no I in font nullfont!
Missing character: There is no S in font nullfont!

Overfull \hbox (20.0pt too wide) in paragraph at lines 4--6
[]
 []


! LaTeX Error: Missing \begin{document}.

See the LaTeX manual or LaTeX Companion for explanation.
Type  H <return>  for immediate help.
 ...                                              
                                                  
l.7 G
     ML (Geography Markup Language) —è–≤–ª—è–µ—Ç—Å—è —Å–ø–µ—Ü–∏—Ñ–∏–∫–∞—Ü–∏–...

You're in trouble here.  Try typing  <return>  to proceed.
If that doesn't work, type  X <return>  to quit.

Missing character: There is no G in font nullfont!
Missing character: There is no M in font nullfont!
Missing character: There is no L in font nullfont!
Missing character: There is no ( in font nullfont!
Missing character: There is no G in font nullfont!
Missing character: There is no e in font nullfont!
Missing character: There is no o in font nullfont!
Missing character: There is no g in font nullfont!
Missing character: There is no r in font nullfont!
Missing character: There is no a in font nullfont!
Missing character: There is no p in font nullfont!
Missing character: There is no h in font nullfont!
Missing character: There is no y in font nullfont!
Missing character: There is no M in font nullfont!
Missing character: There is no a in font nullfont!
Missing character: There is no r in font nullfont!
Missing character: There is no k in font nullfont!
Missing character: There is no u in font nullfont!
Missing character: There is no p in font nullfont!
Missing character: There is no L in font nullfont!
Missing character: There is no a in font nullfont!
Missing character: There is no n in font nullfont!
Missing character: There is no g in font nullfont!
Missing character: There is no u in font nullfont!
Missing character: There is no a in font nullfont!
Missing character: There is no g in font nullfont!
Missing character: There is no e in font nullfont!
Missing character: There is no ) in font nullfont!

! Package inputenc Error: Unicode character —è (U+44F)
(inputenc)                not set up for use with LaTeX.

See the inputenc package documentation for explanation.
Type  H <return>  for immediate help.
 ...                                              
                                                  
l.7 GML (Geography Markup Language) —è
                                      –≤–ª—è–µ—Ç—Å—è —Å–ø–µ—Ü–∏—Ñ–∏–∫–∞—Ü–∏–...

You may provide a definition with
\DeclareUnicodeCharacter 


! Package inputenc Error: Unicode character –≤ (U+432)
(inputenc)                not set up for use with LaTeX.

See the inputenc package documentation for explanation.
Type  H <return>  for immediate help.
 ...                                              
                                                  
l.7 GML (Geography Markup Language) —è–≤
                                        –ª—è–µ—Ç—Å—è —Å–ø–µ—Ü–∏—Ñ–∏–∫–∞—Ü–∏–...

You may provide a definition with
\DeclareUnicodeCharacter 


! Package inputenc Error: Unicode character –ª (U+43B)
(inputenc)                not set up for use with LaTeX.

See the inputenc package documentation for explanation.
Type  H <return>  for immediate help.
 ...                                              
                                                  
l.7 GML (Geography Markup Language) —è–≤–ª
                                          —è–µ—Ç—Å—è —Å–ø–µ—Ü–∏—Ñ–∏–∫–∞—Ü–∏–...

You may provide a definition with
\DeclareUnicodeCharacter 


! Package inputenc Error: Unicode character —è (U+44F)
(inputenc)                not set up for use with LaTeX.

See the inputenc package documentation for explanation.
Type  H <return>  for immediate help.
 ...                                              
                                                  
l.7 GML (Geography Markup Language) —è–≤–ª—è
                                            –µ—Ç—Å—è —Å–ø–µ—Ü–∏—Ñ–∏–∫–∞—Ü–∏–...

You may provide a definition with
\DeclareUnicodeCharacter 


! Package inputenc Error: Unicode character –µ (U+435)
(inputenc)                not set up for use with LaTeX.

See the inputenc package documentation for explanation.
Type  H <return>  for immediate help.
 ...                                              
                                                  
l.7 GML (Geography Markup Language) —è–≤–ª—è–µ
                                              —Ç—Å—è —Å–ø–µ—Ü–∏—Ñ–∏–∫–∞—Ü–∏–...

You may provide a definition with
\DeclareUnicodeCharacter 


! Package inputenc Error: Unicode character —Ç (U+442)
(inputenc)                not set up for use with LaTeX.

See the inputenc package documentation for explanation.
Type  H <return>  for immediate help.
 ...                                              
                                                  
l.7 GML (Geography Markup Language) —è–≤–ª—è–µ—Ç
                                                —Å—è —Å–ø–µ—Ü–∏—Ñ–∏–∫–∞—Ü–∏–...

You may provide a definition with
\DeclareUnicodeCharacter 


! Package inputenc Error: Unicode character —Å (U+441)
(inputenc)                not set up for use with LaTeX.

See the inputenc package documentation for explanation.
Type  H <return>  for immediate help.
 ...                                              
                                                  
l.7 GML (Geography Markup Language) —è–≤–ª—è–µ—Ç—Å
                                                  —è —Å–ø–µ—Ü–∏—Ñ–∏–∫–∞—Ü–∏–...

You may provide a definition with
\DeclareUnicodeCharacter 


! Package inputenc Error: Unicode character —è (U+44F)
(inputenc)                not set up for use with LaTeX.

See the inputenc package documentation for explanation.
Type  H <return>  for immediate help.
 ...                                              
                                                  
l.7 ...Geography Markup Language) —è–≤–ª—è–µ—Ç—Å—è
                                                   —Å–ø–µ—Ü–∏—Ñ–∏–∫–∞—Ü–∏–µ–...

You may provide a definition with
\DeclareUnicodeCharacter 


! Package inputenc Error: Unicode character —Å (U+441)
(inputenc)                not set up for use with LaTeX.

See the inputenc package documentation for explanation.
Type  H <return>  for immediate help.
 ...                                              
                                                  
l.7 ...graphy Markup Language) —è–≤–ª—è–µ—Ç—Å—è —Å
                                                  –ø–µ—Ü–∏—Ñ–∏–∫–∞—Ü–∏–µ–π O...

You may provide a definition with
\DeclareUnicodeCharacter 


! Package inputenc Error: Unicode character –ø (U+43F)
(inputenc)                not set up for use with LaTeX.

See the inputenc package documentation for explanation.
Type  H <return>  for immediate help.
 ...                                              
                                                  
l.7 ...aphy Markup Language) —è–≤–ª—è–µ—Ç—Å—è —Å–ø
                                                  –µ—Ü–∏—Ñ–∏–∫–∞—Ü–∏–µ–π Ope...

You may provide a definition with
\DeclareUnicodeCharacter 


! Package inputenc Error: Unicode character –µ (U+435)
(inputenc)                not set up for use with LaTeX.

See the inputenc package documentation for explanation.
Type  H <return>  for immediate help.
 ...                                              
                                                  
l.7 ...hy Markup Language) —è–≤–ª—è–µ—Ç—Å—è —Å–ø–µ
                                                  —Ü–∏—Ñ–∏–∫–∞—Ü–∏–µ–π OpenG...

You may provide a definition with
\DeclareUnicodeCharacter 


! Package inputenc Error: Unicode character —Ü (U+446)
(inputenc)                not set up for use with LaTeX.

See the inputenc package documentation for explanation.
Type  H <return>  for immediate help.
 ...                                              
                                                  
l.7 ... Markup Language) —è–≤–ª—è–µ—Ç—Å—è —Å–ø–µ—Ü
                                                  –∏—Ñ–∏–∫–∞—Ü–∏–µ–π OpenGIS...

You may provide a definition with
\DeclareUnicodeCharacter 


! Package inputenc Error: Unicode character –∏ (U+438)
(inputenc)                not set up for use with LaTeX.

See the inputenc package documentation for explanation.
Type  H <return>  for immediate help.
 ...                                              
                                                  
l.7 ...arkup Language) —è–≤–ª—è–µ—Ç—Å—è —Å–ø–µ—Ü–∏
                                                  —Ñ–∏–∫–∞—Ü–∏–µ–π OpenGIS¬Æ...

You may provide a definition with
\DeclareUnicodeCharacter 


! Package inputenc Error: Unicode character —Ñ (U+444)
(inputenc)                not set up for use with LaTeX.

See the inputenc package documentation for explanation.
Type  H <return>  for immediate help.
 ...                                              
                                                  
l.7 ...kup Language) —è–≤–ª—è–µ—Ç—Å—è —Å–ø–µ—Ü–∏—Ñ
                                                  –∏–∫–∞—Ü–∏–µ–π OpenGIS¬Æ I...

You may provide a definition with
\DeclareUnicodeCharacter 


! Package inputenc Error: Unicode character –∏ (U+438)
(inputenc)                not set up for use with LaTeX.

See the inputenc package documentation for explanation.
Type  H <return>  for immediate help.
 ...                                              
                                                  
l.7 ...p Language) —è–≤–ª—è–µ—Ç—Å—è —Å–ø–µ—Ü–∏—Ñ–∏
                                                  –∫–∞—Ü–∏–µ–π OpenGIS¬Æ Imp...

You may provide a definition with
\DeclareUnicodeCharacter 


! Package inputenc Error: Unicode character –∫ (U+43A)
(inputenc)                not set up for use with LaTeX.

See the inputenc package documentation for explanation.
Type  H <return>  for immediate help.
 ...                                              
                                                  
l.7 ...Language) —è–≤–ª—è–µ—Ç—Å—è —Å–ø–µ—Ü–∏—Ñ–∏–∫
                                                  –∞—Ü–∏–µ–π OpenGIS¬Æ Imple...

You may provide a definition with
\DeclareUnicodeCharacter 


! Package inputenc Error: Unicode character –∞ (U+430)
(inputenc)                not set up for use with LaTeX.

See the inputenc package documentation for explanation.
Type  H <return>  for immediate help.
 ...                                              
                                                  
l.7 ...nguage) —è–≤–ª—è–µ—Ç—Å—è —Å–ø–µ—Ü–∏—Ñ–∏–∫–∞
                                                  —Ü–∏–µ–π OpenGIS¬Æ Impleme...

You may provide a definition with
\DeclareUnicodeCharacter 


! Package inputenc Error: Unicode character —Ü (U+446)
(inputenc)                not set up for use with LaTeX.

See the inputenc package documentation for explanation.
Type  H <return>  for immediate help.
 ...                                              
                                                  
l.7 ...uage) —è–≤–ª—è–µ—Ç—Å—è —Å–ø–µ—Ü–∏—Ñ–∏–∫–∞—Ü
                                                  –∏–µ–π OpenGIS¬Æ Implement...

You may provide a definition with
\DeclareUnicodeCharacter 


! Package inputenc Error: Unicode character –∏ (U+438)
(inputenc)                not set up for use with LaTeX.

See the inputenc package documentation for explanation.
Type  H <return>  for immediate help.
 ...                                              
                                                  
l.7 ...ge) —è–≤–ª—è–µ—Ç—Å—è —Å–ø–µ—Ü–∏—Ñ–∏–∫–∞—Ü–∏
                                                  –µ–π OpenGIS¬Æ Implementat...

You may provide a definition with
\DeclareUnicodeCharacter 


! Package inputenc Error: Unicode character –µ (U+435)
(inputenc)                not set up for use with LaTeX.

See the inputenc package documentation for explanation.
Type  H <return>  for immediate help.
 ...                                              
                                                  
l.7 ...) —è–≤–ª—è–µ—Ç—Å—è —Å–ø–µ—Ü–∏—Ñ–∏–∫–∞—Ü–∏–µ
                                                  –π OpenGIS¬Æ Implementatio...

You may provide a definition with
\DeclareUnicodeCharacter 


! Package inputenc Error: Unicode character –π (U+439)
(inputenc)                not set up for use with LaTeX.

See the inputenc package documentation for explanation.
Type  H <return>  for immediate help.
 ...                                              
                                                  
l.7 ...—è–≤–ª—è–µ—Ç—Å—è —Å–ø–µ—Ü–∏—Ñ–∏–∫–∞—Ü–∏–µ–π
                                                   OpenGIS¬Æ Implementation,...

You may provide a definition with
\DeclareUnicodeCharacter 

Missing character: There is no O in font nullfont!
Missing character: There is no p in font nullfont!
Missing character: There is no e in font nullfont!
Missing character: There is no n in font nullfont!
Missing character: There is no G in font nullfont!
Missing character: There is no I in font nullfont!
Missing character: There is no S in font nullfont!
LaTeX Font Info:    Try loading font information for OMS+cmr on input line 7.
(c:/texlive/2018/texmf-dist/tex/latex/base/omscmr.fd
File: omscmr.fd 2014/09/29 v2.5h Standard LaTeX font definitions
)
LaTeX Font Info:    Font shape `OMS/cmr/m/n' in size <10> not available
(Font)              Font shape `OMS/cmsy/m/n' tried instead on input line 7.
LaTeX Font Info:    Try loading font information for +cmr on input line 7.
LaTeX Font Info:    No file cmr.fd. on input line 7.
LaTeX Font Info:    Try loading font information for +cmsy on input line 7.
LaTeX Font Info:    No file cmsy.fd. on input line 7.


LaTeX Font Warning: Font shape `/cmr/m/n' undefined
(Font)              using `/cmsy/m/n' instead on input line 7.


LaTeX Font Warning: Font shape `/cmsy/m/n' undefined
(Font)              using `/cmsy/m/n' instead on input line 7.

! Corrupted NFSS tables.
wrong@fontshape ...message {Corrupted NFSS tables}
                                                  error@fontshape else let f...
l.7 ...—Ç—Å—è —Å–ø–µ—Ü–∏—Ñ–∏–∫–∞—Ü–∏–µ–π OpenGIS¬Æ
                                                   Implementation, –≤ –∫–æ—Ç...
This error message was generated by an \errmessage
command, so I can't give any explicit help.
Pretend that you're Hercule Poirot: Examine all clues,
and deduce the truth by order and method.


LaTeX Font Warning: Font shape `/cmsy/m/n' undefined
(Font)              using `OT1/cmr/m/n' instead on input line 7.

LaTeX Font Info:    External font `cmex10' loaded for size
(Font)              <7> on input line 7.
LaTeX Font Info:    External font `cmex10' loaded for size
(Font)              <5> on input line 7.

LaTeX Font Warning: Font shape `/cmr/m/n' undefined
(Font)              using `/cmsy/m/n' instead on input line 7.

Missing character: There is no I in font nullfont!
Missing character: There is no m in font nullfont!
Missing character: There is no p in font nullfont!
Missing character: There is no l in font nullfont!
Missing character: There is no e in font nullfont!
Missing character: There is no m in font nullfont!
Missing character: There is no e in font nullfont!
Missing character: There is no n in font nullfont!
Missing character: There is no t in font nullfont!
Missing character: There is no a in font nullfont!
Missing character: There is no t in font nullfont!
Missing character: There is no i in font nullfont!
Missing character: There is no o in font nullfont!
Missing character: There is no n in font nullfont!
Missing character: There is no , in font nullfont!

! Package inputenc Error: Unicode character –≤ (U+432)
(inputenc)                not set up for use with LaTeX.

See the inputenc package documentation for explanation.
Type  H <return>  for immediate help.
 ...                                              
                                                  
l.7 ...–∏–∫–∞—Ü–∏–µ–π OpenGIS¬Æ Implementation, –≤
                                                   –∫–æ—Ç–æ—Ä–æ–π –æ–ø—Ä–µ–¥...

You may provide a definition with
\DeclareUnicodeCharacter 


! Package inputenc Error: Unicode character –∫ (U+43A)
(inputenc)                not set up for use with LaTeX.

See the inputenc package documentation for explanation.
Type  H <return>  for immediate help.
 ...                                              
                                                  
l.7 ...∫–∞—Ü–∏–µ–π OpenGIS¬Æ Implementation, –≤ –∫
                                                  –æ—Ç–æ—Ä–æ–π –æ–ø—Ä–µ–¥–µ–...

You may provide a definition with
\DeclareUnicodeCharacter 


! Package inputenc Error: Unicode character –æ (U+43E)
(inputenc)                not set up for use with LaTeX.

See the inputenc package documentation for explanation.
Type  H <return>  for immediate help.
 ...                                              
                                                  
l.7 ...∞—Ü–∏–µ–π OpenGIS¬Æ Implementation, –≤ –∫–æ
                                                  —Ç–æ—Ä–æ–π –æ–ø—Ä–µ–¥–µ–ª—...

You may provide a definition with
\DeclareUnicodeCharacter 


! Package inputenc Error: Unicode character —Ç (U+442)
(inputenc)                not set up for use with LaTeX.

See the inputenc package documentation for explanation.
Type  H <return>  for immediate help.
 ...                                              
                                                  
l.7 ...Ü–∏–µ–π OpenGIS¬Æ Implementation, –≤ –∫–æ—Ç
                                                  –æ—Ä–æ–π –æ–ø—Ä–µ–¥–µ–ª—è–...

You may provide a definition with
\DeclareUnicodeCharacter 


! Package inputenc Error: Unicode character –æ (U+43E)
(inputenc)                not set up for use with LaTeX.

See the inputenc package documentation for explanation.
Type  H <return>  for immediate help.
 ...                                              
                                                  
l.7 ...∏–µ–π OpenGIS¬Æ Implementation, –≤ –∫–æ—Ç–æ
                                                  —Ä–æ–π –æ–ø—Ä–µ–¥–µ–ª—è–µ—...

You may provide a definition with
\DeclareUnicodeCharacter 


! Package inputenc Error: Unicode character —Ä (U+440)
(inputenc)                not set up for use with LaTeX.

See the inputenc package documentation for explanation.
Type  H <return>  for immediate help.
 ...                                              
                                                  
l.7 ...µ–π OpenGIS¬Æ Implementation, –≤ –∫–æ—Ç–æ—Ä
                                                  –æ–π –æ–ø—Ä–µ–¥–µ–ª—è–µ—Ç—...

You may provide a definition with
\DeclareUnicodeCharacter 


! Package inputenc Error: Unicode character –æ (U+43E)
(inputenc)                not set up for use with LaTeX.

See the inputenc package documentation for explanation.
Type  H <return>  for immediate help.
 ...                                              
                                                  
l.7 ...π OpenGIS¬Æ Implementation, –≤ –∫–æ—Ç–æ—Ä–æ
                                                  –π –æ–ø—Ä–µ–¥–µ–ª—è–µ—Ç—Å—...

You may provide a definition with
\DeclareUnicodeCharacter 


! Package inputenc Error: Unicode character –π (U+439)
(inputenc)                not set up for use with LaTeX.

See the inputenc package documentation for explanation.
Type  H <return>  for immediate help.
 ...                                              
                                                  
l.7 ...OpenGIS¬Æ Implementation, –≤ –∫–æ—Ç–æ—Ä–æ–π
                                                   –æ–ø—Ä–µ–¥–µ–ª—è–µ—Ç—Å—è ...

You may provide a definition with
\DeclareUnicodeCharacter 


! Package inputenc Error: Unicode character –æ (U+43E)
(inputenc)                not set up for use with LaTeX.

See the inputenc package documentation for explanation.
Type  H <return>  for immediate help.
 ...                                              
                                                  
l.7 ...nGIS¬Æ Implementation, –≤ –∫–æ—Ç–æ—Ä–æ–π –æ
                                                  –ø—Ä–µ–¥–µ–ª—è–µ—Ç—Å—è –∫–...

You may provide a definition with
\DeclareUnicodeCharacter 


! Package inputenc Error: Unicode character –ø (U+43F)
(inputenc)                not set up for use with LaTeX.

See the inputenc package documentation for explanation.
Type  H <return>  for immediate help.
 ...                                              
                                                  
l.7 ...IS¬Æ Implementation, –≤ –∫–æ—Ç–æ—Ä–æ–π –æ–ø
                                                  —Ä–µ–¥–µ–ª—è–µ—Ç—Å—è –∫–æ–...

You may provide a definition with
\DeclareUnicodeCharacter 


! Package inputenc Error: Unicode character —Ä (U+440)
(inputenc)                not set up for use with LaTeX.

See the inputenc package documentation for explanation.
Type  H <return>  for immediate help.
 ...                                              
                                                  
l.7 ...¬Æ Implementation, –≤ –∫–æ—Ç–æ—Ä–æ–π –æ–ø—Ä
                                                  –µ–¥–µ–ª—è–µ—Ç—Å—è –∫–æ–¥–...

You may provide a definition with
\DeclareUnicodeCharacter 


! Package inputenc Error: Unicode character –µ (U+435)
(inputenc)                not set up for use with LaTeX.

See the inputenc package documentation for explanation.
Type  H <return>  for immediate help.
 ...                                              
                                                  
l.7 ... Implementation, –≤ –∫–æ—Ç–æ—Ä–æ–π –æ–ø—Ä–µ
                                                  –¥–µ–ª—è–µ—Ç—Å—è –∫–æ–¥–∏—...

You may provide a definition with
\DeclareUnicodeCharacter 


! Package inputenc Error: Unicode character –¥ (U+434)
(inputenc)                not set up for use with LaTeX.

See the inputenc package documentation for explanation.
Type  H <return>  for immediate help.
 ...                                              
                                                  
l.7 ...mplementation, –≤ –∫–æ—Ç–æ—Ä–æ–π –æ–ø—Ä–µ–¥
                                                  –µ–ª—è–µ—Ç—Å—è –∫–æ–¥–∏—Ä–...

You may provide a definition with
\DeclareUnicodeCharacter 


! Package inputenc Error: Unicode character –µ (U+435)
(inputenc)                not set up for use with LaTeX.

See the inputenc package documentation for explanation.
Type  H <return>  for immediate help.
 ...                                              
                                                  
l.7 ...lementation, –≤ –∫–æ—Ç–æ—Ä–æ–π –æ–ø—Ä–µ–¥–µ
                                                  –ª—è–µ—Ç—Å—è –∫–æ–¥–∏—Ä–æ–...

You may provide a definition with
\DeclareUnicodeCharacter 


! Package inputenc Error: Unicode character –ª (U+43B)
(inputenc)                not set up for use with LaTeX.

See the inputenc package documentation for explanation.
Type  H <return>  for immediate help.
 ...                                              
                                                  
l.7 ...mentation, –≤ –∫–æ—Ç–æ—Ä–æ–π –æ–ø—Ä–µ–¥–µ–ª
                                                  —è–µ—Ç—Å—è –∫–æ–¥–∏—Ä–æ–≤–...

You may provide a definition with
\DeclareUnicodeCharacter 


! Package inputenc Error: Unicode character —è (U+44F)
(inputenc)                not set up for use with LaTeX.

See the inputenc package documentation for explanation.
Type  H <return>  for immediate help.
 ...                                              
                                                  
l.7 ...ntation, –≤ –∫–æ—Ç–æ—Ä–æ–π –æ–ø—Ä–µ–¥–µ–ª—è
                                                  –µ—Ç—Å—è –∫–æ–¥–∏—Ä–æ–≤–∫–...

You may provide a definition with
\DeclareUnicodeCharacter 


! Package inputenc Error: Unicode character –µ (U+435)
(inputenc)                not set up for use with LaTeX.

See the inputenc package documentation for explanation.
Type  H <return>  for immediate help.
 ...                                              
                                                  
l.7 ...ation, –≤ –∫–æ—Ç–æ—Ä–æ–π –æ–ø—Ä–µ–¥–µ–ª—è–µ
                                                  —Ç—Å—è –∫–æ–¥–∏—Ä–æ–≤–∫–∞ ...

You may provide a definition with
\DeclareUnicodeCharacter 


! Package inputenc Error: Unicode character —Ç (U+442)
(inputenc)                not set up for use with LaTeX.

See the inputenc package documentation for explanation.
Type  H <return>  for immediate help.
 ...                                              
                                                  
l.7 ...ion, –≤ –∫–æ—Ç–æ—Ä–æ–π –æ–ø—Ä–µ–¥–µ–ª—è–µ—Ç
                                                  —Å—è –∫–æ–¥–∏—Ä–æ–≤–∫–∞ XM...

You may provide a definition with
\DeclareUnicodeCharacter 


! Package inputenc Error: Unicode character —Å (U+441)
(inputenc)                not set up for use with LaTeX.

See the inputenc package documentation for explanation.
Type  H <return>  for immediate help.
 ...                                              
                                                  
l.7 ...n, –≤ –∫–æ—Ç–æ—Ä–æ–π –æ–ø—Ä–µ–¥–µ–ª—è–µ—Ç—Å
                                                  —è –∫–æ–¥–∏—Ä–æ–≤–∫–∞ XML ...

You may provide a definition with
\DeclareUnicodeCharacter 


! Package inputenc Error: Unicode character —è (U+44F)
(inputenc)                not set up for use with LaTeX.

See the inputenc package documentation for explanation.
Type  H <return>  for immediate help.
 ...                                              
                                                  
l.7 ... –≤ –∫–æ—Ç–æ—Ä–æ–π –æ–ø—Ä–µ–¥–µ–ª—è–µ—Ç—Å—è
                                                   –∫–æ–¥–∏—Ä–æ–≤–∫–∞ XML –¥...

You may provide a definition with
\DeclareUnicodeCharacter 


! Package inputenc Error: Unicode character –∫ (U+43A)
(inputenc)                not set up for use with LaTeX.

See the inputenc package documentation for explanation.
Type  H <return>  for immediate help.
 ...                                              
                                                  
l.7 ... –∫–æ—Ç–æ—Ä–æ–π –æ–ø—Ä–µ–¥–µ–ª—è–µ—Ç—Å—è –∫
                                                  –æ–¥–∏—Ä–æ–≤–∫–∞ XML –¥–ª—...

You may provide a definition with
\DeclareUnicodeCharacter 


! Package inputenc Error: Unicode character –æ (U+43E)
(inputenc)                not set up for use with LaTeX.

See the inputenc package documentation for explanation.
Type  H <return>  for immediate help.
 ...                                              
                                                  
l.7 ...∫–æ—Ç–æ—Ä–æ–π –æ–ø—Ä–µ–¥–µ–ª—è–µ—Ç—Å—è –∫–æ
                                                  –¥–∏—Ä–æ–≤–∫–∞ XML –¥–ª—è ...

You may provide a definition with
\DeclareUnicodeCharacter 


! Package inputenc Error: Unicode character –¥ (U+434)
(inputenc)                not set up for use with LaTeX.

See the inputenc package documentation for explanation.
Type  H <return>  for immediate help.
 ...                                              
                                                  
l.7 ...æ—Ç–æ—Ä–æ–π –æ–ø—Ä–µ–¥–µ–ª—è–µ—Ç—Å—è –∫–æ–¥
                                                  –∏—Ä–æ–≤–∫–∞ XML –¥–ª—è –ø...

You may provide a definition with
\DeclareUnicodeCharacter 


! Package inputenc Error: Unicode character –∏ (U+438)
(inputenc)                not set up for use with LaTeX.

See the inputenc package documentation for explanation.
Type  H <return>  for immediate help.
 ...                                              
                                                  
l.7 ...Ç–æ—Ä–æ–π –æ–ø—Ä–µ–¥–µ–ª—è–µ—Ç—Å—è –∫–æ–¥–∏
                                                  —Ä–æ–≤–∫–∞ XML –¥–ª—è –ø–µ...

You may provide a definition with
\DeclareUnicodeCharacter 


! Package inputenc Error: Unicode character —Ä (U+440)
(inputenc)                not set up for use with LaTeX.

See the inputenc package documentation for explanation.
Type  H <return>  for immediate help.
 ...                                              
                                                  
l.7 ...æ—Ä–æ–π –æ–ø—Ä–µ–¥–µ–ª—è–µ—Ç—Å—è –∫–æ–¥–∏—Ä
                                                  –æ–≤–∫–∞ XML –¥–ª—è –ø–µ—Ä...

You may provide a definition with
\DeclareUnicodeCharacter 


! Package inputenc Error: Unicode character –æ (U+43E)
(inputenc)                not set up for use with LaTeX.

See the inputenc package documentation for explanation.
Type  H <return>  for immediate help.
 ...                                              
                                                  
l.7 ...Ä–æ–π –æ–ø—Ä–µ–¥–µ–ª—è–µ—Ç—Å—è –∫–æ–¥–∏—Ä–æ
                                                  –≤–∫–∞ XML –¥–ª—è –ø–µ—Ä–µ...

You may provide a definition with
\DeclareUnicodeCharacter 


! Package inputenc Error: Unicode character –≤ (U+432)
(inputenc)                not set up for use with LaTeX.

See the inputenc package documentation for explanation.
Type  H <return>  for immediate help.
 ...                                              
                                                  
l.7 ...æ–π –æ–ø—Ä–µ–¥–µ–ª—è–µ—Ç—Å—è –∫–æ–¥–∏—Ä–æ–≤
                                                  –∫–∞ XML –¥–ª—è –ø–µ—Ä–µ–¥...

You may provide a definition with
\DeclareUnicodeCharacter 


! Package inputenc Error: Unicode character –∫ (U+43A)
(inputenc)                not set up for use with LaTeX.

See the inputenc package documentation for explanation.
Type  H <return>  for immediate help.
 ...                                              
                                                  
l.7 ...π –æ–ø—Ä–µ–¥–µ–ª—è–µ—Ç—Å—è –∫–æ–¥–∏—Ä–æ–≤–∫
                                                  –∞ XML –¥–ª—è –ø–µ—Ä–µ–¥–∞...

You may provide a definition with
\DeclareUnicodeCharacter 


! Package inputenc Error: Unicode character –∞ (U+430)
(inputenc)                not set up for use with LaTeX.

See the inputenc package documentation for explanation.
Type  H <return>  for immediate help.
 ...                                              
                                                  
l.7 ...–æ–ø—Ä–µ–¥–µ–ª—è–µ—Ç—Å—è –∫–æ–¥–∏—Ä–æ–≤–∫–∞
                                                   XML –¥–ª—è –ø–µ—Ä–µ–¥–∞—á...

You may provide a definition with
\DeclareUnicodeCharacter 

Missing character: There is no X in font nullfont!
Missing character: There is no M in font nullfont!
Missing character: There is no L in font nullfont!

! Package inputenc Error: Unicode character –¥ (U+434)
(inputenc)                not set up for use with LaTeX.

See the inputenc package documentation for explanation.
Type  H <return>  for immediate help.
 ...                                              
                                                  
l.7 ...µ–¥–µ–ª—è–µ—Ç—Å—è –∫–æ–¥–∏—Ä–æ–≤–∫–∞ XML –¥
                                                  –ª—è –ø–µ—Ä–µ–¥–∞—á–∏ –∏ —...

You may provide a definition with
\DeclareUnicodeCharacter 


! Package inputenc Error: Unicode character –ª (U+43B)
(inputenc)                not set up for use with LaTeX.

See the inputenc package documentation for explanation.
Type  H <return>  for immediate help.
 ...                                              
                                                  
l.7 ...¥–µ–ª—è–µ—Ç—Å—è –∫–æ–¥–∏—Ä–æ–≤–∫–∞ XML –¥–ª
                                                  —è –ø–µ—Ä–µ–¥–∞—á–∏ –∏ —Ö—...

You may provide a definition with
\DeclareUnicodeCharacter 


! Package inputenc Error: Unicode character —è (U+44F)
(inputenc)                not set up for use with LaTeX.

See the inputenc package documentation for explanation.
Type  H <return>  for immediate help.
 ...                                              
                                                  
l.7 ...µ–ª—è–µ—Ç—Å—è –∫–æ–¥–∏—Ä–æ–≤–∫–∞ XML –¥–ª—è
                                                   –ø–µ—Ä–µ–¥–∞—á–∏ –∏ —Ö—Ä–...

You may provide a definition with
\DeclareUnicodeCharacter 


! Package inputenc Error: Unicode character –ø (U+43F)
(inputenc)                not set up for use with LaTeX.

See the inputenc package documentation for explanation.
Type  H <return>  for immediate help.
 ...                                              
                                                  
l.7 ...—è–µ—Ç—Å—è –∫–æ–¥–∏—Ä–æ–≤–∫–∞ XML –¥–ª—è –ø
                                                  –µ—Ä–µ–¥–∞—á–∏ –∏ —Ö—Ä–∞–Ω...

You may provide a definition with
\DeclareUnicodeCharacter 


! Package inputenc Error: Unicode character –µ (U+435)
(inputenc)                not set up for use with LaTeX.

See the inputenc package documentation for explanation.
Type  H <return>  for immediate help.
 ...                                              
                                                  
l.7 ...–µ—Ç—Å—è –∫–æ–¥–∏—Ä–æ–≤–∫–∞ XML –¥–ª—è –ø–µ
                                                  —Ä–µ–¥–∞—á–∏ –∏ —Ö—Ä–∞–Ω–µ...

You may provide a definition with
\DeclareUnicodeCharacter 


! Package inputenc Error: Unicode character —Ä (U+440)
(inputenc)                not set up for use with LaTeX.

See the inputenc package documentation for explanation.
Type  H <return>  for immediate help.
 ...                                              
                                                  
l.7 ...—Ç—Å—è –∫–æ–¥–∏—Ä–æ–≤–∫–∞ XML –¥–ª—è –ø–µ—Ä
                                                  –µ–¥–∞—á–∏ –∏ —Ö—Ä–∞–Ω–µ–Ω...

You may provide a definition with
\DeclareUnicodeCharacter 


! Package inputenc Error: Unicode character –µ (U+435)
(inputenc)                not set up for use with LaTeX.

See the inputenc package documentation for explanation.
Type  H <return>  for immediate help.
 ...                                              
                                                  
l.7 ...—Å—è –∫–æ–¥–∏—Ä–æ–≤–∫–∞ XML –¥–ª—è –ø–µ—Ä–µ
                                                  –¥–∞—á–∏ –∏ —Ö—Ä–∞–Ω–µ–Ω–∏...

You may provide a definition with
\DeclareUnicodeCharacter 


! Package inputenc Error: Unicode character –¥ (U+434)
(inputenc)                not set up for use with LaTeX.

See the inputenc package documentation for explanation.
Type  H <return>  for immediate help.
 ...                                              
                                                  
l.7 ...—è –∫–æ–¥–∏—Ä–æ–≤–∫–∞ XML –¥–ª—è –ø–µ—Ä–µ–¥
                                                  –∞—á–∏ –∏ —Ö—Ä–∞–Ω–µ–Ω–∏—è...

You may provide a definition with
\DeclareUnicodeCharacter 


! Package inputenc Error: Unicode character –∞ (U+430)
(inputenc)                not set up for use with LaTeX.

See the inputenc package documentation for explanation.
Type  H <return>  for immediate help.
 ...                                              
                                                  
l.7 ... –∫–æ–¥–∏—Ä–æ–≤–∫–∞ XML –¥–ª—è –ø–µ—Ä–µ–¥–∞
                                                  —á–∏ –∏ —Ö—Ä–∞–Ω–µ–Ω–∏—è –...

You may provide a definition with
\DeclareUnicodeCharacter 


! Package inputenc Error: Unicode character —á (U+447)
(inputenc)                not set up for use with LaTeX.

See the inputenc package documentation for explanation.
Type  H <return>  for immediate help.
 ...                                              
                                                  
l.7 ...∫–æ–¥–∏—Ä–æ–≤–∫–∞ XML –¥–ª—è –ø–µ—Ä–µ–¥–∞—á
                                                  –∏ –∏ —Ö—Ä–∞–Ω–µ–Ω–∏—è –≥–...

You may provide a definition with
\DeclareUnicodeCharacter 


! Package inputenc Error: Unicode character –∏ (U+438)
(inputenc)                not set up for use with LaTeX.

See the inputenc package documentation for explanation.
Type  H <return>  for immediate help.
 ...                                              
                                                  
l.7 ...æ–¥–∏—Ä–æ–≤–∫–∞ XML –¥–ª—è –ø–µ—Ä–µ–¥–∞—á–∏
                                                   –∏ —Ö—Ä–∞–Ω–µ–Ω–∏—è –≥–µ–...

You may provide a definition with
\DeclareUnicodeCharacter 


! Package inputenc Error: Unicode character –∏ (U+438)
(inputenc)                not set up for use with LaTeX.

See the inputenc package documentation for explanation.
Type  H <return>  for immediate help.
 ...                                              
                                                  
l.7 ...–∏—Ä–æ–≤–∫–∞ XML –¥–ª—è –ø–µ—Ä–µ–¥–∞—á–∏ –∏
                                                   —Ö—Ä–∞–Ω–µ–Ω–∏—è –≥–µ–æ–≥...

You may provide a definition with
\DeclareUnicodeCharacter 


! Package inputenc Error: Unicode character —Ö (U+445)
(inputenc)                not set up for use with LaTeX.

See the inputenc package documentation for explanation.
Type  H <return>  for immediate help.
 ...                                              
                                                  
l.7 ...Ä–æ–≤–∫–∞ XML –¥–ª—è –ø–µ—Ä–µ–¥–∞—á–∏ –∏ —Ö
                                                  —Ä–∞–Ω–µ–Ω–∏—è –≥–µ–æ–≥—Ä–...

You may provide a definition with
\DeclareUnicodeCharacter 


! Package inputenc Error: Unicode character —Ä (U+440)
(inputenc)                not set up for use with LaTeX.

See the inputenc package documentation for explanation.
Type  H <return>  for immediate help.
 ...                                              
                                                  
l.7 ...æ–≤–∫–∞ XML –¥–ª—è –ø–µ—Ä–µ–¥–∞—á–∏ –∏ —Ö—Ä
                                                  –∞–Ω–µ–Ω–∏—è –≥–µ–æ–≥—Ä–∞—...

You may provide a definition with
\DeclareUnicodeCharacter 


! Package inputenc Error: Unicode character –∞ (U+430)
(inputenc)                not set up for use with LaTeX.

See the inputenc package documentation for explanation.
Type  H <return>  for immediate help.
 ...                                              
                                                  
l.7 ...≤–∫–∞ XML –¥–ª—è –ø–µ—Ä–µ–¥–∞—á–∏ –∏ —Ö—Ä–∞
                                                  –Ω–µ–Ω–∏—è –≥–µ–æ–≥—Ä–∞—Ñ–...

You may provide a definition with
\DeclareUnicodeCharacter 


! Package inputenc Error: Unicode character –Ω (U+43D)
(inputenc)                not set up for use with LaTeX.

See the inputenc package documentation for explanation.
Type  H <return>  for immediate help.
 ...                                              
                                                  
l.7 ...∫–∞ XML –¥–ª—è –ø–µ—Ä–µ–¥–∞—á–∏ –∏ —Ö—Ä–∞–Ω
                                                  –µ–Ω–∏—è –≥–µ–æ–≥—Ä–∞—Ñ–∏—...

You may provide a definition with
\DeclareUnicodeCharacter 


! Package inputenc Error: Unicode character –µ (U+435)
(inputenc)                not set up for use with LaTeX.

See the inputenc package documentation for explanation.
Type  H <return>  for immediate help.
 ...                                              
                                                  
l.7 ...∞ XML –¥–ª—è –ø–µ—Ä–µ–¥–∞—á–∏ –∏ —Ö—Ä–∞–Ω–µ
                                                  –Ω–∏—è –≥–µ–æ–≥—Ä–∞—Ñ–∏—á–...

You may provide a definition with
\DeclareUnicodeCharacter 


! Package inputenc Error: Unicode character –Ω (U+43D)
(inputenc)                not set up for use with LaTeX.

See the inputenc package documentation for explanation.
Type  H <return>  for immediate help.
 ...                                              
                                                  
l.7 ...XML –¥–ª—è –ø–µ—Ä–µ–¥–∞—á–∏ –∏ —Ö—Ä–∞–Ω–µ–Ω
                                                  –∏—è –≥–µ–æ–≥—Ä–∞—Ñ–∏—á–µ—...

You may provide a definition with
\DeclareUnicodeCharacter 


! Package inputenc Error: Unicode character –∏ (U+438)
(inputenc)                not set up for use with LaTeX.

See the inputenc package documentation for explanation.
Type  H <return>  for immediate help.
 ...                                              
                                                  
l.7 ...L –¥–ª—è –ø–µ—Ä–µ–¥–∞—á–∏ –∏ —Ö—Ä–∞–Ω–µ–Ω–∏
                                                  —è –≥–µ–æ–≥—Ä–∞—Ñ–∏—á–µ—Å–...

You may provide a definition with
\DeclareUnicodeCharacter 


! Package inputenc Error: Unicode character —è (U+44F)
(inputenc)                not set up for use with LaTeX.

See the inputenc package documentation for explanation.
Type  H <return>  for immediate help.
 ...                                              
                                                  
l.7 ...–¥–ª—è –ø–µ—Ä–µ–¥–∞—á–∏ –∏ —Ö—Ä–∞–Ω–µ–Ω–∏—è
                                                   –≥–µ–æ–≥—Ä–∞—Ñ–∏—á–µ—Å–∫–...

You may provide a definition with
\DeclareUnicodeCharacter 


! Package inputenc Error: Unicode character –≥ (U+433)
(inputenc)                not set up for use with LaTeX.

See the inputenc package documentation for explanation.
Type  H <return>  for immediate help.
 ...                                              
                                                  
l.7 ...ª—è –ø–µ—Ä–µ–¥–∞—á–∏ –∏ —Ö—Ä–∞–Ω–µ–Ω–∏—è –≥
                                                  –µ–æ–≥—Ä–∞—Ñ–∏—á–µ—Å–∫–æ–π...

You may provide a definition with
\DeclareUnicodeCharacter 


! Package inputenc Error: Unicode character –µ (U+435)
(inputenc)                not set up for use with LaTeX.

See the inputenc package documentation for explanation.
Type  H <return>  for immediate help.
 ...                                              
                                                  
l.7 ...è –ø–µ—Ä–µ–¥–∞—á–∏ –∏ —Ö—Ä–∞–Ω–µ–Ω–∏—è –≥–µ
                                                  –æ–≥—Ä–∞—Ñ–∏—á–µ—Å–∫–æ–π –...

You may provide a definition with
\DeclareUnicodeCharacter 


! Package inputenc Error: Unicode character –æ (U+43E)
(inputenc)                not set up for use with LaTeX.

See the inputenc package documentation for explanation.
Type  H <return>  for immediate help.
 ...                                              
                                                  
l.7 ...–ø–µ—Ä–µ–¥–∞—á–∏ –∏ —Ö—Ä–∞–Ω–µ–Ω–∏—è –≥–µ–æ
                                                  –≥—Ä–∞—Ñ–∏—á–µ—Å–∫–æ–π –∏–...

You may provide a definition with
\DeclareUnicodeCharacter 


! Package inputenc Error: Unicode character –≥ (U+433)
(inputenc)                not set up for use with LaTeX.

See the inputenc package documentation for explanation.
Type  H <return>  for immediate help.
 ...                                              
                                                  
l.7 ...–µ—Ä–µ–¥–∞—á–∏ –∏ —Ö—Ä–∞–Ω–µ–Ω–∏—è –≥–µ–æ–≥
                                                  —Ä–∞—Ñ–∏—á–µ—Å–∫–æ–π –∏–Ω—...

You may provide a definition with
\DeclareUnicodeCharacter 


! Package inputenc Error: Unicode character —Ä (U+440)
(inputenc)                not set up for use with LaTeX.

See the inputenc package documentation for explanation.
Type  H <return>  for immediate help.
 ...                                              
                                                  
l.7 ...—Ä–µ–¥–∞—á–∏ –∏ —Ö—Ä–∞–Ω–µ–Ω–∏—è –≥–µ–æ–≥—Ä
                                                  –∞—Ñ–∏—á–µ—Å–∫–æ–π –∏–Ω—Ñ–...

You may provide a definition with
\DeclareUnicodeCharacter 


! Package inputenc Error: Unicode character –∞ (U+430)
(inputenc)                not set up for use with LaTeX.

See the inputenc package documentation for explanation.
Type  H <return>  for immediate help.
 ...                                              
                                                  
l.7 ...–µ–¥–∞—á–∏ –∏ —Ö—Ä–∞–Ω–µ–Ω–∏—è –≥–µ–æ–≥—Ä–∞
                                                  —Ñ–∏—á–µ—Å–∫–æ–π –∏–Ω—Ñ–æ—...

You may provide a definition with
\DeclareUnicodeCharacter 


! Package inputenc Error: Unicode character —Ñ (U+444)
(inputenc)                not set up for use with LaTeX.

See the inputenc package documentation for explanation.
Type  H <return>  for immediate help.
 ...                                              
                                                  
l.7 ...–¥–∞—á–∏ –∏ —Ö—Ä–∞–Ω–µ–Ω–∏—è –≥–µ–æ–≥—Ä–∞—Ñ
                                                  –∏—á–µ—Å–∫–æ–π –∏–Ω—Ñ–æ—Ä–...

You may provide a definition with
\DeclareUnicodeCharacter 


! Package inputenc Error: Unicode character –∏ (U+438)
(inputenc)                not set up for use with LaTeX.

See the inputenc package documentation for explanation.
Type  H <return>  for immediate help.
 ...                                              
                                                  
l.7 ...–∞—á–∏ –∏ —Ö—Ä–∞–Ω–µ–Ω–∏—è –≥–µ–æ–≥—Ä–∞—Ñ–∏
                                                  —á–µ—Å–∫–æ–π –∏–Ω—Ñ–æ—Ä–º–...

You may provide a definition with
\DeclareUnicodeCharacter 


! Package inputenc Error: Unicode character —á (U+447)
(inputenc)                not set up for use with LaTeX.

See the inputenc package documentation for explanation.
Type  H <return>  for immediate help.
 ...                                              
                                                  
l.7 ...—á–∏ –∏ —Ö—Ä–∞–Ω–µ–Ω–∏—è –≥–µ–æ–≥—Ä–∞—Ñ–∏—á
                                                  –µ—Å–∫–æ–π –∏–Ω—Ñ–æ—Ä–º–∞—...

You may provide a definition with
\DeclareUnicodeCharacter 


! Package inputenc Error: Unicode character –µ (U+435)
(inputenc)                not set up for use with LaTeX.

See the inputenc package documentation for explanation.
Type  H <return>  for immediate help.
 ...                                              
                                                  
l.7 ...–∏ –∏ —Ö—Ä–∞–Ω–µ–Ω–∏—è –≥–µ–æ–≥—Ä–∞—Ñ–∏—á–µ
                                                  —Å–∫–æ–π –∏–Ω—Ñ–æ—Ä–º–∞—Ü–...

You may provide a definition with
\DeclareUnicodeCharacter 


! Package inputenc Error: Unicode character —Å (U+441)
(inputenc)                not set up for use with LaTeX.

See the inputenc package documentation for explanation.
Type  H <return>  for immediate help.
 ...                                              
                                                  
l.7 ... –∏ —Ö—Ä–∞–Ω–µ–Ω–∏—è –≥–µ–æ–≥—Ä–∞—Ñ–∏—á–µ—Å
                                                  –∫–æ–π –∏–Ω—Ñ–æ—Ä–º–∞—Ü–∏–...

You may provide a definition with
\DeclareUnicodeCharacter 


! Package inputenc Error: Unicode character –∫ (U+43A)
(inputenc)                not set up for use with LaTeX.

See the inputenc package documentation for explanation.
Type  H <return>  for immediate help.
 ...                                              
                                                  
l.7 ...∏ —Ö—Ä–∞–Ω–µ–Ω–∏—è –≥–µ–æ–≥—Ä–∞—Ñ–∏—á–µ—Å–∫
                                                  –æ–π –∏–Ω—Ñ–æ—Ä–º–∞—Ü–∏–∏....

You may provide a definition with
\DeclareUnicodeCharacter 


! Package inputenc Error: Unicode character –æ (U+43E)
(inputenc)                not set up for use with LaTeX.

See the inputenc package documentation for explanation.
Type  H <return>  for immediate help.
 ...                                              
                                                  
l.7 ...—Ö—Ä–∞–Ω–µ–Ω–∏—è –≥–µ–æ–≥—Ä–∞—Ñ–∏—á–µ—Å–∫–æ
                                                  –π –∏–Ω—Ñ–æ—Ä–º–∞—Ü–∏–∏. –...

You may provide a definition with
\DeclareUnicodeCharacter 


! Package inputenc Error: Unicode character –π (U+439)
(inputenc)                not set up for use with LaTeX.

See the inputenc package documentation for explanation.
Type  H <return>  for immediate help.
 ...                                              
                                                  
l.7 ...—Ä–∞–Ω–µ–Ω–∏—è –≥–µ–æ–≥—Ä–∞—Ñ–∏—á–µ—Å–∫–æ–π
                                                   –∏–Ω—Ñ–æ—Ä–º–∞—Ü–∏–∏. –°–...

You may provide a definition with
\DeclareUnicodeCharacter 


! Package inputenc Error: Unicode character –∏ (U+438)
(inputenc)                not set up for use with LaTeX.

See the inputenc package documentation for explanation.
Type  H <return>  for immediate help.
 ...                                              
                                                  
l.7 ...∞–Ω–µ–Ω–∏—è –≥–µ–æ–≥—Ä–∞—Ñ–∏—á–µ—Å–∫–æ–π –∏
                                                  –Ω—Ñ–æ—Ä–º–∞—Ü–∏–∏. –°–ø–µ...

You may provide a definition with
\DeclareUnicodeCharacter 


! Package inputenc Error: Unicode character –Ω (U+43D)
(inputenc)                not set up for use with LaTeX.

See the inputenc package documentation for explanation.
Type  H <return>  for immediate help.
 ...                                              
                                                  
l.7 ...Ω–µ–Ω–∏—è –≥–µ–æ–≥—Ä–∞—Ñ–∏—á–µ—Å–∫–æ–π –∏–Ω
                                                  —Ñ–æ—Ä–º–∞—Ü–∏–∏. –°–ø–µ—Ü...

You may provide a definition with
\DeclareUnicodeCharacter 


! Package inputenc Error: Unicode character —Ñ (U+444)
(inputenc)                not set up for use with LaTeX.

See the inputenc package documentation for explanation.
Type  H <return>  for immediate help.
 ...                                              
                                                  
l.7 ...µ–Ω–∏—è –≥–µ–æ–≥—Ä–∞—Ñ–∏—á–µ—Å–∫–æ–π –∏–Ω—Ñ
                                                  –æ—Ä–º–∞—Ü–∏–∏. –°–ø–µ—Ü–∏...

You may provide a definition with
\DeclareUnicodeCharacter 


! Package inputenc Error: Unicode character –æ (U+43E)
(inputenc)                not set up for use with LaTeX.

See the inputenc package documentation for explanation.
Type  H <return>  for immediate help.
 ...                                              
                                                  
l.7 ...Ω–∏—è –≥–µ–æ–≥—Ä–∞—Ñ–∏—á–µ—Å–∫–æ–π –∏–Ω—Ñ–æ
                                                  —Ä–º–∞—Ü–∏–∏. –°–ø–µ—Ü–∏—Ñ...

You may provide a definition with
\DeclareUnicodeCharacter 


! Package inputenc Error: Unicode character —Ä (U+440)
(inputenc)                not set up for use with LaTeX.

See the inputenc package documentation for explanation.
Type  H <return>  for immediate help.
 ...                                              
                                                  
l.7 ...∏—è –≥–µ–æ–≥—Ä–∞—Ñ–∏—á–µ—Å–∫–æ–π –∏–Ω—Ñ–æ—Ä
                                                  –º–∞—Ü–∏–∏. –°–ø–µ—Ü–∏—Ñ–∏...

You may provide a definition with
\DeclareUnicodeCharacter 


! Package inputenc Error: Unicode character –º (U+43C)
(inputenc)                not set up for use with LaTeX.

See the inputenc package documentation for explanation.
Type  H <return>  for immediate help.
 ...                                              
                                                  
l.7 ...è –≥–µ–æ–≥—Ä–∞—Ñ–∏—á–µ—Å–∫–æ–π –∏–Ω—Ñ–æ—Ä–º
                                                  –∞—Ü–∏–∏. –°–ø–µ—Ü–∏—Ñ–∏–∫...

You may provide a definition with
\DeclareUnicodeCharacter 


! Package inputenc Error: Unicode character –∞ (U+430)
(inputenc)                not set up for use with LaTeX.

See the inputenc package documentation for explanation.
Type  H <return>  for immediate help.
 ...                                              
                                                  
l.7 ...–≥–µ–æ–≥—Ä–∞—Ñ–∏—á–µ—Å–∫–æ–π –∏–Ω—Ñ–æ—Ä–º–∞
                                                  —Ü–∏–∏. –°–ø–µ—Ü–∏—Ñ–∏–∫–∞...

You may provide a definition with
\DeclareUnicodeCharacter 


! Package inputenc Error: Unicode character —Ü (U+446)
(inputenc)                not set up for use with LaTeX.

See the inputenc package documentation for explanation.
Type  H <return>  for immediate help.
 ...                                              
                                                  
l.7 ...–µ–æ–≥—Ä–∞—Ñ–∏—á–µ—Å–∫–æ–π –∏–Ω—Ñ–æ—Ä–º–∞—Ü
                                                  –∏–∏. –°–ø–µ—Ü–∏—Ñ–∏–∫–∞—Ü...

You may provide a definition with
\DeclareUnicodeCharacter 


! Package inputenc Error: Unicode character –∏ (U+438)
(inputenc)                not set up for use with LaTeX.

See the inputenc package documentation for explanation.
Type  H <return>  for immediate help.
 ...                                              
                                                  
l.7 ...–æ–≥—Ä–∞—Ñ–∏—á–µ—Å–∫–æ–π –∏–Ω—Ñ–æ—Ä–º–∞—Ü–∏
                                                  –∏. –°–ø–µ—Ü–∏—Ñ–∏–∫–∞—Ü–∏...

You may provide a definition with
\DeclareUnicodeCharacter 


! Package inputenc Error: Unicode character –∏ (U+438)
(inputenc)                not set up for use with LaTeX.

See the inputenc package documentation for explanation.
Type  H <return>  for immediate help.
 ...                                              
                                                  
l.7 ...–≥—Ä–∞—Ñ–∏—á–µ—Å–∫–æ–π –∏–Ω—Ñ–æ—Ä–º–∞—Ü–∏–∏
                                                  . –°–ø–µ—Ü–∏—Ñ–∏–∫–∞—Ü–∏—è...

You may provide a definition with
\DeclareUnicodeCharacter 

Missing character: There is no . in font nullfont!

! Package inputenc Error: Unicode character –° (U+421)
(inputenc)                not set up for use with LaTeX.

See the inputenc package documentation for explanation.
Type  H <return>  for immediate help.
 ...                                              
                                                  
l.7 ...–∞—Ñ–∏—á–µ—Å–∫–æ–π –∏–Ω—Ñ–æ—Ä–º–∞—Ü–∏–∏. –°
                                                  –ø–µ—Ü–∏—Ñ–∏–∫–∞—Ü–∏—è –æ–...

You may provide a definition with
\DeclareUnicodeCharacter 


! Package inputenc Error: Unicode character –ø (U+43F)
(inputenc)                not set up for use with LaTeX.

See the inputenc package documentation for explanation.
Type  H <return>  for immediate help.
 ...                                              
                                                  
l.7 ...—Ñ–∏—á–µ—Å–∫–æ–π –∏–Ω—Ñ–æ—Ä–º–∞—Ü–∏–∏. –°–ø
                                                  –µ—Ü–∏—Ñ–∏–∫–∞—Ü–∏—è –æ–ø—...

You may provide a definition with
\DeclareUnicodeCharacter 


! Package inputenc Error: Unicode character –µ (U+435)
(inputenc)                not set up for use with LaTeX.

See the inputenc package documentation for explanation.
Type  H <return>  for immediate help.
 ...                                              
                                                  
l.7 ...–∏—á–µ—Å–∫–æ–π –∏–Ω—Ñ–æ—Ä–º–∞—Ü–∏–∏. –°–ø–µ
                                                  —Ü–∏—Ñ–∏–∫–∞—Ü–∏—è –æ–ø—É–...

You may provide a definition with
\DeclareUnicodeCharacter 


! Package inputenc Error: Unicode character —Ü (U+446)
(inputenc)                not set up for use with LaTeX.

See the inputenc package documentation for explanation.
Type  H <return>  for immediate help.
 ...                                              
                                                  
l.7 ...—á–µ—Å–∫–æ–π –∏–Ω—Ñ–æ—Ä–º–∞—Ü–∏–∏. –°–ø–µ—Ü
                                                  –∏—Ñ–∏–∫–∞—Ü–∏—è –æ–ø—É–±–...
(That makes 100 errors; please try again.) 
Here is how much of TeX's memory you used:
 64 strings out of 492649
 878 string characters out of 6133384
 56998 words of memory out of 5000000
 4041 multiletter control sequences out of 15000+600000
 3640 words of font info for 14 fonts, out of 8000000 for 9000
 1141 hyphenation exceptions out of 8191
 23i,6n,17p,516b,165s stack positions out of 5000i,500n,10000p,200000b,80000s

!  ==> Fatal error occurred, no output PDF file produced!
