This is pdfTeX, Version 3.14159265-2.6-1.40.19 (TeX Live 2018/W32TeX) (preloaded format=pdflatex 2018.5.15)  20 MAY 2018 14:24
entering extended mode
 restricted \write18 enabled.
 %&-line parsing enabled.
**practice.tex
(./practice.tex
LaTeX2e <2018-04-01> patch level 4
! Undefined control sequence.
l.1 \section
            {–†–µ–∞–ª–∏–∑–∞—Ü–∏—è –∞–ª–≥–æ—Ä–∏—Ç–º–∞}
The control sequence at the end of the top line
of your error message was never \def'ed. If you have
misspelled it (e.g., `\hobx'), type `I' and the correct
spelling (e.g., `I\hbox'). Otherwise just continue,
and I'll forget about whatever was undefined.


! Package inputenc Error: Unicode character –† (U+420)
(inputenc)                not set up for use with LaTeX.

See the inputenc package documentation for explanation.
Type  H <return>  for immediate help.
 ...                                              
                                                  
l.1 \section{–†
               –µ–∞–ª–∏–∑–∞—Ü–∏—è –∞–ª–≥–æ—Ä–∏—Ç–º–∞}
You may provide a definition with
\DeclareUnicodeCharacter 


! Package inputenc Error: Unicode character –µ (U+435)
(inputenc)                not set up for use with LaTeX.

See the inputenc package documentation for explanation.
Type  H <return>  for immediate help.
 ...                                              
                                                  
l.1 \section{–†–µ
                 –∞–ª–∏–∑–∞—Ü–∏—è –∞–ª–≥–æ—Ä–∏—Ç–º–∞}
You may provide a definition with
\DeclareUnicodeCharacter 


! Package inputenc Error: Unicode character –∞ (U+430)
(inputenc)                not set up for use with LaTeX.

See the inputenc package documentation for explanation.
Type  H <return>  for immediate help.
 ...                                              
                                                  
l.1 \section{–†–µ–∞
                   –ª–∏–∑–∞—Ü–∏—è –∞–ª–≥–æ—Ä–∏—Ç–º–∞}
You may provide a definition with
\DeclareUnicodeCharacter 


! Package inputenc Error: Unicode character –ª (U+43B)
(inputenc)                not set up for use with LaTeX.

See the inputenc package documentation for explanation.
Type  H <return>  for immediate help.
 ...                                              
                                                  
l.1 \section{–†–µ–∞–ª
                     –∏–∑–∞—Ü–∏—è –∞–ª–≥–æ—Ä–∏—Ç–º–∞}
You may provide a definition with
\DeclareUnicodeCharacter 


! Package inputenc Error: Unicode character –∏ (U+438)
(inputenc)                not set up for use with LaTeX.

See the inputenc package documentation for explanation.
Type  H <return>  for immediate help.
 ...                                              
                                                  
l.1 \section{–†–µ–∞–ª–∏
                       –∑–∞—Ü–∏—è –∞–ª–≥–æ—Ä–∏—Ç–º–∞}
You may provide a definition with
\DeclareUnicodeCharacter 


! Package inputenc Error: Unicode character –∑ (U+437)
(inputenc)                not set up for use with LaTeX.

See the inputenc package documentation for explanation.
Type  H <return>  for immediate help.
 ...                                              
                                                  
l.1 \section{–†–µ–∞–ª–∏–∑
                         –∞—Ü–∏—è –∞–ª–≥–æ—Ä–∏—Ç–º–∞}
You may provide a definition with
\DeclareUnicodeCharacter 


! Package inputenc Error: Unicode character –∞ (U+430)
(inputenc)                not set up for use with LaTeX.

See the inputenc package documentation for explanation.
Type  H <return>  for immediate help.
 ...                                              
                                                  
l.1 \section{–†–µ–∞–ª–∏–∑–∞
                           —Ü–∏—è –∞–ª–≥–æ—Ä–∏—Ç–º–∞}
You may provide a definition with
\DeclareUnicodeCharacter 


! Package inputenc Error: Unicode character —Ü (U+446)
(inputenc)                not set up for use with LaTeX.

See the inputenc package documentation for explanation.
Type  H <return>  for immediate help.
 ...                                              
                                                  
l.1 \section{–†–µ–∞–ª–∏–∑–∞—Ü
                             –∏—è –∞–ª–≥–æ—Ä–∏—Ç–º–∞}
You may provide a definition with
\DeclareUnicodeCharacter 


! Package inputenc Error: Unicode character –∏ (U+438)
(inputenc)                not set up for use with LaTeX.

See the inputenc package documentation for explanation.
Type  H <return>  for immediate help.
 ...                                              
                                                  
l.1 \section{–†–µ–∞–ª–∏–∑–∞—Ü–∏
                               —è –∞–ª–≥–æ—Ä–∏—Ç–º–∞}
You may provide a definition with
\DeclareUnicodeCharacter 


! Package inputenc Error: Unicode character —è (U+44F)
(inputenc)                not set up for use with LaTeX.

See the inputenc package documentation for explanation.
Type  H <return>  for immediate help.
 ...                                              
                                                  
l.1 \section{–†–µ–∞–ª–∏–∑–∞—Ü–∏—è
                                  –∞–ª–≥–æ—Ä–∏—Ç–º–∞}
You may provide a definition with
\DeclareUnicodeCharacter 


! Package inputenc Error: Unicode character –∞ (U+430)
(inputenc)                not set up for use with LaTeX.

See the inputenc package documentation for explanation.
Type  H <return>  for immediate help.
 ...                                              
                                                  
l.1 \section{–†–µ–∞–ª–∏–∑–∞—Ü–∏—è –∞
                                    –ª–≥–æ—Ä–∏—Ç–º–∞}
You may provide a definition with
\DeclareUnicodeCharacter 


! Package inputenc Error: Unicode character –ª (U+43B)
(inputenc)                not set up for use with LaTeX.

See the inputenc package documentation for explanation.
Type  H <return>  for immediate help.
 ...                                              
                                                  
l.1 \section{–†–µ–∞–ª–∏–∑–∞—Ü–∏—è –∞–ª
                                      –≥–æ—Ä–∏—Ç–º–∞}
You may provide a definition with
\DeclareUnicodeCharacter 


! Package inputenc Error: Unicode character –≥ (U+433)
(inputenc)                not set up for use with LaTeX.

See the inputenc package documentation for explanation.
Type  H <return>  for immediate help.
 ...                                              
                                                  
l.1 \section{–†–µ–∞–ª–∏–∑–∞—Ü–∏—è –∞–ª–≥
                                        –æ—Ä–∏—Ç–º–∞}
You may provide a definition with
\DeclareUnicodeCharacter 


! Package inputenc Error: Unicode character –æ (U+43E)
(inputenc)                not set up for use with LaTeX.

See the inputenc package documentation for explanation.
Type  H <return>  for immediate help.
 ...                                              
                                                  
l.1 \section{–†–µ–∞–ª–∏–∑–∞—Ü–∏—è –∞–ª–≥–æ
                                          —Ä–∏—Ç–º–∞}
You may provide a definition with
\DeclareUnicodeCharacter 


! Package inputenc Error: Unicode character —Ä (U+440)
(inputenc)                not set up for use with LaTeX.

See the inputenc package documentation for explanation.
Type  H <return>  for immediate help.
 ...                                              
                                                  
l.1 \section{–†–µ–∞–ª–∏–∑–∞—Ü–∏—è –∞–ª–≥–æ—Ä
                                            –∏—Ç–º–∞}
You may provide a definition with
\DeclareUnicodeCharacter 


! Package inputenc Error: Unicode character –∏ (U+438)
(inputenc)                not set up for use with LaTeX.

See the inputenc package documentation for explanation.
Type  H <return>  for immediate help.
 ...                                              
                                                  
l.1 \section{–†–µ–∞–ª–∏–∑–∞—Ü–∏—è –∞–ª–≥–æ—Ä–∏
                                              —Ç–º–∞}
You may provide a definition with
\DeclareUnicodeCharacter 


! Package inputenc Error: Unicode character —Ç (U+442)
(inputenc)                not set up for use with LaTeX.

See the inputenc package documentation for explanation.
Type  H <return>  for immediate help.
 ...                                              
                                                  
l.1 \section{–†–µ–∞–ª–∏–∑–∞—Ü–∏—è –∞–ª–≥–æ—Ä–∏—Ç
                                                –º–∞}
You may provide a definition with
\DeclareUnicodeCharacter 


! Package inputenc Error: Unicode character –º (U+43C)
(inputenc)                not set up for use with LaTeX.

See the inputenc package documentation for explanation.
Type  H <return>  for immediate help.
 ...                                              
                                                  
l.1 \section{–†–µ–∞–ª–∏–∑–∞—Ü–∏—è –∞–ª–≥–æ—Ä–∏—Ç–º
                                                  –∞}
You may provide a definition with
\DeclareUnicodeCharacter 


! Package inputenc Error: Unicode character –∞ (U+430)
(inputenc)                not set up for use with LaTeX.

See the inputenc package documentation for explanation.
Type  H <return>  for immediate help.
 ...                                              
                                                  
l.1 ...ion{–†–µ–∞–ª–∏–∑–∞—Ü–∏—è –∞–ª–≥–æ—Ä–∏—Ç–º–∞
                                                  }
You may provide a definition with
\DeclareUnicodeCharacter 


! Package inputenc Error: Unicode character –¢ (U+422)
(inputenc)                not set up for use with LaTeX.

See the inputenc package documentation for explanation.
Type  H <return>  for immediate help.
 ...                                              
                                                  
l.4 –¢
      —Ä–µ–±–æ–≤–∞–Ω–∏—è, –ø—Ä–µ–¥—ä—è–≤–ª–µ–Ω–Ω—ã–µ –∫ —Ä–∞–∑—Ä–∞–±–∞—Ç—ã–≤...

You may provide a definition with
\DeclareUnicodeCharacter 


! Package inputenc Error: Unicode character —Ä (U+440)
(inputenc)                not set up for use with LaTeX.

See the inputenc package documentation for explanation.
Type  H <return>  for immediate help.
 ...                                              
                                                  
l.4 –¢—Ä
        –µ–±–æ–≤–∞–Ω–∏—è, –ø—Ä–µ–¥—ä—è–≤–ª–µ–Ω–Ω—ã–µ –∫ —Ä–∞–∑—Ä–∞–±–∞—Ç—ã–≤...

You may provide a definition with
\DeclareUnicodeCharacter 


! Package inputenc Error: Unicode character –µ (U+435)
(inputenc)                not set up for use with LaTeX.

See the inputenc package documentation for explanation.
Type  H <return>  for immediate help.
 ...                                              
                                                  
l.4 –¢—Ä–µ
          –±–æ–≤–∞–Ω–∏—è, –ø—Ä–µ–¥—ä—è–≤–ª–µ–Ω–Ω—ã–µ –∫ —Ä–∞–∑—Ä–∞–±–∞—Ç—ã–≤...

You may provide a definition with
\DeclareUnicodeCharacter 


! Package inputenc Error: Unicode character –± (U+431)
(inputenc)                not set up for use with LaTeX.

See the inputenc package documentation for explanation.
Type  H <return>  for immediate help.
 ...                                              
                                                  
l.4 –¢—Ä–µ–±
            –æ–≤–∞–Ω–∏—è, –ø—Ä–µ–¥—ä—è–≤–ª–µ–Ω–Ω—ã–µ –∫ —Ä–∞–∑—Ä–∞–±–∞—Ç—ã–≤...

You may provide a definition with
\DeclareUnicodeCharacter 


! Package inputenc Error: Unicode character –æ (U+43E)
(inputenc)                not set up for use with LaTeX.

See the inputenc package documentation for explanation.
Type  H <return>  for immediate help.
 ...                                              
                                                  
l.4 –¢—Ä–µ–±–æ
              –≤–∞–Ω–∏—è, –ø—Ä–µ–¥—ä—è–≤–ª–µ–Ω–Ω—ã–µ –∫ —Ä–∞–∑—Ä–∞–±–∞—Ç—ã–≤...

You may provide a definition with
\DeclareUnicodeCharacter 


! Package inputenc Error: Unicode character –≤ (U+432)
(inputenc)                not set up for use with LaTeX.

See the inputenc package documentation for explanation.
Type  H <return>  for immediate help.
 ...                                              
                                                  
l.4 –¢—Ä–µ–±–æ–≤
                –∞–Ω–∏—è, –ø—Ä–µ–¥—ä—è–≤–ª–µ–Ω–Ω—ã–µ –∫ —Ä–∞–∑—Ä–∞–±–∞—Ç—ã–≤...

You may provide a definition with
\DeclareUnicodeCharacter 


! Package inputenc Error: Unicode character –∞ (U+430)
(inputenc)                not set up for use with LaTeX.

See the inputenc package documentation for explanation.
Type  H <return>  for immediate help.
 ...                                              
                                                  
l.4 –¢—Ä–µ–±–æ–≤–∞
                  –Ω–∏—è, –ø—Ä–µ–¥—ä—è–≤–ª–µ–Ω–Ω—ã–µ –∫ —Ä–∞–∑—Ä–∞–±–∞—Ç—ã–≤...

You may provide a definition with
\DeclareUnicodeCharacter 


! Package inputenc Error: Unicode character –Ω (U+43D)
(inputenc)                not set up for use with LaTeX.

See the inputenc package documentation for explanation.
Type  H <return>  for immediate help.
 ...                                              
                                                  
l.4 –¢—Ä–µ–±–æ–≤–∞–Ω
                    –∏—è, –ø—Ä–µ–¥—ä—è–≤–ª–µ–Ω–Ω—ã–µ –∫ —Ä–∞–∑—Ä–∞–±–∞—Ç—ã–≤...

You may provide a definition with
\DeclareUnicodeCharacter 


! Package inputenc Error: Unicode character –∏ (U+438)
(inputenc)                not set up for use with LaTeX.

See the inputenc package documentation for explanation.
Type  H <return>  for immediate help.
 ...                                              
                                                  
l.4 –¢—Ä–µ–±–æ–≤–∞–Ω–∏
                      —è, –ø—Ä–µ–¥—ä—è–≤–ª–µ–Ω–Ω—ã–µ –∫ —Ä–∞–∑—Ä–∞–±–∞—Ç—ã–≤...

You may provide a definition with
\DeclareUnicodeCharacter 


! Package inputenc Error: Unicode character —è (U+44F)
(inputenc)                not set up for use with LaTeX.

See the inputenc package documentation for explanation.
Type  H <return>  for immediate help.
 ...                                              
                                                  
l.4 –¢—Ä–µ–±–æ–≤–∞–Ω–∏—è
                        , –ø—Ä–µ–¥—ä—è–≤–ª–µ–Ω–Ω—ã–µ –∫ —Ä–∞–∑—Ä–∞–±–∞—Ç—ã–≤...

You may provide a definition with
\DeclareUnicodeCharacter 


! LaTeX Error: Missing \begin{document}.

See the LaTeX manual or LaTeX Companion for explanation.
Type  H <return>  for immediate help.
 ...                                              
                                                  
l.4 –¢—Ä–µ–±–æ–≤–∞–Ω–∏—è,
                          –ø—Ä–µ–¥—ä—è–≤–ª–µ–Ω–Ω—ã–µ –∫ —Ä–∞–∑—Ä–∞–±–∞—Ç—ã–≤...

You're in trouble here.  Try typing  <return>  to proceed.
If that doesn't work, type  X <return>  to quit.

Missing character: There is no , in font nullfont!

! Package inputenc Error: Unicode character –ø (U+43F)
(inputenc)                not set up for use with LaTeX.

See the inputenc package documentation for explanation.
Type  H <return>  for immediate help.
 ...                                              
                                                  
l.4 –¢—Ä–µ–±–æ–≤–∞–Ω–∏—è, –ø
                            —Ä–µ–¥—ä—è–≤–ª–µ–Ω–Ω—ã–µ –∫ —Ä–∞–∑—Ä–∞–±–∞—Ç—ã–≤...

You may provide a definition with
\DeclareUnicodeCharacter 


! Package inputenc Error: Unicode character —Ä (U+440)
(inputenc)                not set up for use with LaTeX.

See the inputenc package documentation for explanation.
Type  H <return>  for immediate help.
 ...                                              
                                                  
l.4 –¢—Ä–µ–±–æ–≤–∞–Ω–∏—è, –ø—Ä
                              –µ–¥—ä—è–≤–ª–µ–Ω–Ω—ã–µ –∫ —Ä–∞–∑—Ä–∞–±–∞—Ç—ã–≤...

You may provide a definition with
\DeclareUnicodeCharacter 


! Package inputenc Error: Unicode character –µ (U+435)
(inputenc)                not set up for use with LaTeX.

See the inputenc package documentation for explanation.
Type  H <return>  for immediate help.
 ...                                              
                                                  
l.4 –¢—Ä–µ–±–æ–≤–∞–Ω–∏—è, –ø—Ä–µ
                                –¥—ä—è–≤–ª–µ–Ω–Ω—ã–µ –∫ —Ä–∞–∑—Ä–∞–±–∞—Ç—ã–≤...

You may provide a definition with
\DeclareUnicodeCharacter 


! Package inputenc Error: Unicode character –¥ (U+434)
(inputenc)                not set up for use with LaTeX.

See the inputenc package documentation for explanation.
Type  H <return>  for immediate help.
 ...                                              
                                                  
l.4 –¢—Ä–µ–±–æ–≤–∞–Ω–∏—è, –ø—Ä–µ–¥
                                  —ä—è–≤–ª–µ–Ω–Ω—ã–µ –∫ —Ä–∞–∑—Ä–∞–±–∞—Ç—ã–≤...

You may provide a definition with
\DeclareUnicodeCharacter 


! Package inputenc Error: Unicode character —ä (U+44A)
(inputenc)                not set up for use with LaTeX.

See the inputenc package documentation for explanation.
Type  H <return>  for immediate help.
 ...                                              
                                                  
l.4 –¢—Ä–µ–±–æ–≤–∞–Ω–∏—è, –ø—Ä–µ–¥—ä
                                    —è–≤–ª–µ–Ω–Ω—ã–µ –∫ —Ä–∞–∑—Ä–∞–±–∞—Ç—ã–≤...

You may provide a definition with
\DeclareUnicodeCharacter 


! Package inputenc Error: Unicode character —è (U+44F)
(inputenc)                not set up for use with LaTeX.

See the inputenc package documentation for explanation.
Type  H <return>  for immediate help.
 ...                                              
                                                  
l.4 –¢—Ä–µ–±–æ–≤–∞–Ω–∏—è, –ø—Ä–µ–¥—ä—è
                                      –≤–ª–µ–Ω–Ω—ã–µ –∫ —Ä–∞–∑—Ä–∞–±–∞—Ç—ã–≤...

You may provide a definition with
\DeclareUnicodeCharacter 


! Package inputenc Error: Unicode character –≤ (U+432)
(inputenc)                not set up for use with LaTeX.

See the inputenc package documentation for explanation.
Type  H <return>  for immediate help.
 ...                                              
                                                  
l.4 –¢—Ä–µ–±–æ–≤–∞–Ω–∏—è, –ø—Ä–µ–¥—ä—è–≤
                                        –ª–µ–Ω–Ω—ã–µ –∫ —Ä–∞–∑—Ä–∞–±–∞—Ç—ã–≤...

You may provide a definition with
\DeclareUnicodeCharacter 


! Package inputenc Error: Unicode character –ª (U+43B)
(inputenc)                not set up for use with LaTeX.

See the inputenc package documentation for explanation.
Type  H <return>  for immediate help.
 ...                                              
                                                  
l.4 –¢—Ä–µ–±–æ–≤–∞–Ω–∏—è, –ø—Ä–µ–¥—ä—è–≤–ª
                                          –µ–Ω–Ω—ã–µ –∫ —Ä–∞–∑—Ä–∞–±–∞—Ç—ã–≤...

You may provide a definition with
\DeclareUnicodeCharacter 


! Package inputenc Error: Unicode character –µ (U+435)
(inputenc)                not set up for use with LaTeX.

See the inputenc package documentation for explanation.
Type  H <return>  for immediate help.
 ...                                              
                                                  
l.4 –¢—Ä–µ–±–æ–≤–∞–Ω–∏—è, –ø—Ä–µ–¥—ä—è–≤–ª–µ
                                            –Ω–Ω—ã–µ –∫ —Ä–∞–∑—Ä–∞–±–∞—Ç—ã–≤...

You may provide a definition with
\DeclareUnicodeCharacter 


! Package inputenc Error: Unicode character –Ω (U+43D)
(inputenc)                not set up for use with LaTeX.

See the inputenc package documentation for explanation.
Type  H <return>  for immediate help.
 ...                                              
                                                  
l.4 –¢—Ä–µ–±–æ–≤–∞–Ω–∏—è, –ø—Ä–µ–¥—ä—è–≤–ª–µ–Ω
                                              –Ω—ã–µ –∫ —Ä–∞–∑—Ä–∞–±–∞—Ç—ã–≤...

You may provide a definition with
\DeclareUnicodeCharacter 


! Package inputenc Error: Unicode character –Ω (U+43D)
(inputenc)                not set up for use with LaTeX.

See the inputenc package documentation for explanation.
Type  H <return>  for immediate help.
 ...                                              
                                                  
l.4 –¢—Ä–µ–±–æ–≤–∞–Ω–∏—è, –ø—Ä–µ–¥—ä—è–≤–ª–µ–Ω–Ω
                                                —ã–µ –∫ —Ä–∞–∑—Ä–∞–±–∞—Ç—ã–≤...

You may provide a definition with
\DeclareUnicodeCharacter 


! Package inputenc Error: Unicode character —ã (U+44B)
(inputenc)                not set up for use with LaTeX.

See the inputenc package documentation for explanation.
Type  H <return>  for immediate help.
 ...                                              
                                                  
l.4 –¢—Ä–µ–±–æ–≤–∞–Ω–∏—è, –ø—Ä–µ–¥—ä—è–≤–ª–µ–Ω–Ω—ã
                                                  –µ –∫ —Ä–∞–∑—Ä–∞–±–∞—Ç—ã–≤...

You may provide a definition with
\DeclareUnicodeCharacter 


! Package inputenc Error: Unicode character –µ (U+435)
(inputenc)                not set up for use with LaTeX.

See the inputenc package documentation for explanation.
Type  H <return>  for immediate help.
 ...                                              
                                                  
l.4 ...µ–±–æ–≤–∞–Ω–∏—è, –ø—Ä–µ–¥—ä—è–≤–ª–µ–Ω–Ω—ã–µ
                                                   –∫ —Ä–∞–∑—Ä–∞–±–∞—Ç—ã–≤–∞...

You may provide a definition with
\DeclareUnicodeCharacter 


! Package inputenc Error: Unicode character –∫ (U+43A)
(inputenc)                not set up for use with LaTeX.

See the inputenc package documentation for explanation.
Type  H <return>  for immediate help.
 ...                                              
                                                  
l.4 ...–æ–≤–∞–Ω–∏—è, –ø—Ä–µ–¥—ä—è–≤–ª–µ–Ω–Ω—ã–µ –∫
                                                   —Ä–∞–∑—Ä–∞–±–∞—Ç—ã–≤–∞–µ–...

You may provide a definition with
\DeclareUnicodeCharacter 


! Package inputenc Error: Unicode character —Ä (U+440)
(inputenc)                not set up for use with LaTeX.

See the inputenc package documentation for explanation.
Type  H <return>  for immediate help.
 ...                                              
                                                  
l.4 ...≤–∞–Ω–∏—è, –ø—Ä–µ–¥—ä—è–≤–ª–µ–Ω–Ω—ã–µ –∫ —Ä
                                                  –∞–∑—Ä–∞–±–∞—Ç—ã–≤–∞–µ–º–æ...

You may provide a definition with
\DeclareUnicodeCharacter 


! Package inputenc Error: Unicode character –∞ (U+430)
(inputenc)                not set up for use with LaTeX.

See the inputenc package documentation for explanation.
Type  H <return>  for immediate help.
 ...                                              
                                                  
l.4 ...∞–Ω–∏—è, –ø—Ä–µ–¥—ä—è–≤–ª–µ–Ω–Ω—ã–µ –∫ —Ä–∞
                                                  –∑—Ä–∞–±–∞—Ç—ã–≤–∞–µ–º–æ–º...

You may provide a definition with
\DeclareUnicodeCharacter 


! Package inputenc Error: Unicode character –∑ (U+437)
(inputenc)                not set up for use with LaTeX.

See the inputenc package documentation for explanation.
Type  H <return>  for immediate help.
 ...                                              
                                                  
l.4 ...Ω–∏—è, –ø—Ä–µ–¥—ä—è–≤–ª–µ–Ω–Ω—ã–µ –∫ —Ä–∞–∑
                                                  —Ä–∞–±–∞—Ç—ã–≤–∞–µ–º–æ–º—É...

You may provide a definition with
\DeclareUnicodeCharacter 


! Package inputenc Error: Unicode character —Ä (U+440)
(inputenc)                not set up for use with LaTeX.

See the inputenc package documentation for explanation.
Type  H <return>  for immediate help.
 ...                                              
                                                  
l.4 ...∏—è, –ø—Ä–µ–¥—ä—è–≤–ª–µ–Ω–Ω—ã–µ –∫ —Ä–∞–∑—Ä
                                                  –∞–±–∞—Ç—ã–≤–∞–µ–º–æ–º—É –...

You may provide a definition with
\DeclareUnicodeCharacter 


! Package inputenc Error: Unicode character –∞ (U+430)
(inputenc)                not set up for use with LaTeX.

See the inputenc package documentation for explanation.
Type  H <return>  for immediate help.
 ...                                              
                                                  
l.4 ...è, –ø—Ä–µ–¥—ä—è–≤–ª–µ–Ω–Ω—ã–µ –∫ —Ä–∞–∑—Ä–∞
                                                  –±–∞—Ç—ã–≤–∞–µ–º–æ–º—É –∏—...

You may provide a definition with
\DeclareUnicodeCharacter 


! Package inputenc Error: Unicode character –± (U+431)
(inputenc)                not set up for use with LaTeX.

See the inputenc package documentation for explanation.
Type  H <return>  for immediate help.
 ...                                              
                                                  
l.4 ... –ø—Ä–µ–¥—ä—è–≤–ª–µ–Ω–Ω—ã–µ –∫ —Ä–∞–∑—Ä–∞–±
                                                  –∞—Ç—ã–≤–∞–µ–º–æ–º—É –∏—Å–...

You may provide a definition with
\DeclareUnicodeCharacter 


! Package inputenc Error: Unicode character –∞ (U+430)
(inputenc)                not set up for use with LaTeX.

See the inputenc package documentation for explanation.
Type  H <return>  for immediate help.
 ...                                              
                                                  
l.4 ...ø—Ä–µ–¥—ä—è–≤–ª–µ–Ω–Ω—ã–µ –∫ —Ä–∞–∑—Ä–∞–±–∞
                                                  —Ç—ã–≤–∞–µ–º–æ–º—É –∏—Å–ø–...

You may provide a definition with
\DeclareUnicodeCharacter 


! Package inputenc Error: Unicode character —Ç (U+442)
(inputenc)                not set up for use with LaTeX.

See the inputenc package documentation for explanation.
Type  H <return>  for immediate help.
 ...                                              
                                                  
l.4 ...Ä–µ–¥—ä—è–≤–ª–µ–Ω–Ω—ã–µ –∫ —Ä–∞–∑—Ä–∞–±–∞—Ç
                                                  —ã–≤–∞–µ–º–æ–º—É –∏—Å–ø–æ–...

You may provide a definition with
\DeclareUnicodeCharacter 


! Package inputenc Error: Unicode character —ã (U+44B)
(inputenc)                not set up for use with LaTeX.

See the inputenc package documentation for explanation.
Type  H <return>  for immediate help.
 ...                                              
                                                  
l.4 ...µ–¥—ä—è–≤–ª–µ–Ω–Ω—ã–µ –∫ —Ä–∞–∑—Ä–∞–±–∞—Ç—ã
                                                  –≤–∞–µ–º–æ–º—É –∏—Å–ø–æ–ª–...

You may provide a definition with
\DeclareUnicodeCharacter 


! Package inputenc Error: Unicode character –≤ (U+432)
(inputenc)                not set up for use with LaTeX.

See the inputenc package documentation for explanation.
Type  H <return>  for immediate help.
 ...                                              
                                                  
l.4 ...¥—ä—è–≤–ª–µ–Ω–Ω—ã–µ –∫ —Ä–∞–∑—Ä–∞–±–∞—Ç—ã–≤
                                                  –∞–µ–º–æ–º—É –∏—Å–ø–æ–ª–Ω—...

You may provide a definition with
\DeclareUnicodeCharacter 


! Package inputenc Error: Unicode character –∞ (U+430)
(inputenc)                not set up for use with LaTeX.

See the inputenc package documentation for explanation.
Type  H <return>  for immediate help.
 ...                                              
                                                  
l.4 ...ä—è–≤–ª–µ–Ω–Ω—ã–µ –∫ —Ä–∞–∑—Ä–∞–±–∞—Ç—ã–≤–∞
                                                  –µ–º–æ–º—É –∏—Å–ø–æ–ª–Ω—è–...

You may provide a definition with
\DeclareUnicodeCharacter 


! Package inputenc Error: Unicode character –µ (U+435)
(inputenc)                not set up for use with LaTeX.

See the inputenc package documentation for explanation.
Type  H <return>  for immediate help.
 ...                                              
                                                  
l.4 ...è–≤–ª–µ–Ω–Ω—ã–µ –∫ —Ä–∞–∑—Ä–∞–±–∞—Ç—ã–≤–∞–µ
                                                  –º–æ–º—É –∏—Å–ø–æ–ª–Ω—è–µ–...

You may provide a definition with
\DeclareUnicodeCharacter 


! Package inputenc Error: Unicode character –º (U+43C)
(inputenc)                not set up for use with LaTeX.

See the inputenc package documentation for explanation.
Type  H <return>  for immediate help.
 ...                                              
                                                  
l.4 ...≤–ª–µ–Ω–Ω—ã–µ –∫ —Ä–∞–∑—Ä–∞–±–∞—Ç—ã–≤–∞–µ–º
                                                  –æ–º—É –∏—Å–ø–æ–ª–Ω—è–µ–º–...

You may provide a definition with
\DeclareUnicodeCharacter 


! Package inputenc Error: Unicode character –æ (U+43E)
(inputenc)                not set up for use with LaTeX.

See the inputenc package documentation for explanation.
Type  H <return>  for immediate help.
 ...                                              
                                                  
l.4 ...ª–µ–Ω–Ω—ã–µ –∫ —Ä–∞–∑—Ä–∞–±–∞—Ç—ã–≤–∞–µ–º–æ
                                                  –º—É –∏—Å–ø–æ–ª–Ω—è–µ–º–æ–...

You may provide a definition with
\DeclareUnicodeCharacter 


! Package inputenc Error: Unicode character –º (U+43C)
(inputenc)                not set up for use with LaTeX.

See the inputenc package documentation for explanation.
Type  H <return>  for immediate help.
 ...                                              
                                                  
l.4 ...µ–Ω–Ω—ã–µ –∫ —Ä–∞–∑—Ä–∞–±–∞—Ç—ã–≤–∞–µ–º–æ–º
                                                  —É –∏—Å–ø–æ–ª–Ω—è–µ–º–æ–º—...

You may provide a definition with
\DeclareUnicodeCharacter 


! Package inputenc Error: Unicode character —É (U+443)
(inputenc)                not set up for use with LaTeX.

See the inputenc package documentation for explanation.
Type  H <return>  for immediate help.
 ...                                              
                                                  
l.4 ...Ω–Ω—ã–µ –∫ —Ä–∞–∑—Ä–∞–±–∞—Ç—ã–≤–∞–µ–º–æ–º—É
                                                   –∏—Å–ø–æ–ª–Ω—è–µ–º–æ–º—É ...

You may provide a definition with
\DeclareUnicodeCharacter 


! Package inputenc Error: Unicode character –∏ (U+438)
(inputenc)                not set up for use with LaTeX.

See the inputenc package documentation for explanation.
Type  H <return>  for immediate help.
 ...                                              
                                                  
l.4 ...—ã–µ –∫ —Ä–∞–∑—Ä–∞–±–∞—Ç—ã–≤–∞–µ–º–æ–º—É –∏
                                                  —Å–ø–æ–ª–Ω—è–µ–º–æ–º—É —Ñ–...

You may provide a definition with
\DeclareUnicodeCharacter 


! Package inputenc Error: Unicode character —Å (U+441)
(inputenc)                not set up for use with LaTeX.

See the inputenc package documentation for explanation.
Type  H <return>  for immediate help.
 ...                                              
                                                  
l.4 ...–µ –∫ —Ä–∞–∑—Ä–∞–±–∞—Ç—ã–≤–∞–µ–º–æ–º—É –∏—Å
                                                  –ø–æ–ª–Ω—è–µ–º–æ–º—É —Ñ–∞–...

You may provide a definition with
\DeclareUnicodeCharacter 


! Package inputenc Error: Unicode character –ø (U+43F)
(inputenc)                not set up for use with LaTeX.

See the inputenc package documentation for explanation.
Type  H <return>  for immediate help.
 ...                                              
                                                  
l.4 ... –∫ —Ä–∞–∑—Ä–∞–±–∞—Ç—ã–≤–∞–µ–º–æ–º—É –∏—Å–ø
                                                  –æ–ª–Ω—è–µ–º–æ–º—É —Ñ–∞–π–...

You may provide a definition with
\DeclareUnicodeCharacter 


! Package inputenc Error: Unicode character –æ (U+43E)
(inputenc)                not set up for use with LaTeX.

See the inputenc package documentation for explanation.
Type  H <return>  for immediate help.
 ...                                              
                                                  
l.4 ...∫ —Ä–∞–∑—Ä–∞–±–∞—Ç—ã–≤–∞–µ–º–æ–º—É –∏—Å–ø–æ
                                                  –ª–Ω—è–µ–º–æ–º—É —Ñ–∞–π–ª—É:
You may provide a definition with
\DeclareUnicodeCharacter 


! Package inputenc Error: Unicode character –ª (U+43B)
(inputenc)                not set up for use with LaTeX.

See the inputenc package documentation for explanation.
Type  H <return>  for immediate help.
 ...                                              
                                                  
l.4 ...—Ä–∞–∑—Ä–∞–±–∞—Ç—ã–≤–∞–µ–º–æ–º—É –∏—Å–ø–æ–ª
                                                  –Ω—è–µ–º–æ–º—É —Ñ–∞–π–ª—É:
You may provide a definition with
\DeclareUnicodeCharacter 


! Package inputenc Error: Unicode character –Ω (U+43D)
(inputenc)                not set up for use with LaTeX.

See the inputenc package documentation for explanation.
Type  H <return>  for immediate help.
 ...                                              
                                                  
l.4 ...–∞–∑—Ä–∞–±–∞—Ç—ã–≤–∞–µ–º–æ–º—É –∏—Å–ø–æ–ª–Ω
                                                  —è–µ–º–æ–º—É —Ñ–∞–π–ª—É:
You may provide a definition with
\DeclareUnicodeCharacter 


! Package inputenc Error: Unicode character —è (U+44F)
(inputenc)                not set up for use with LaTeX.

See the inputenc package documentation for explanation.
Type  H <return>  for immediate help.
 ...                                              
                                                  
l.4 ...–∑—Ä–∞–±–∞—Ç—ã–≤–∞–µ–º–æ–º—É –∏—Å–ø–æ–ª–Ω—è
                                                  –µ–º–æ–º—É —Ñ–∞–π–ª—É:
You may provide a definition with
\DeclareUnicodeCharacter 


! Package inputenc Error: Unicode character –µ (U+435)
(inputenc)                not set up for use with LaTeX.

See the inputenc package documentation for explanation.
Type  H <return>  for immediate help.
 ...                                              
                                                  
l.4 ...—Ä–∞–±–∞—Ç—ã–≤–∞–µ–º–æ–º—É –∏—Å–ø–æ–ª–Ω—è–µ
                                                  –º–æ–º—É —Ñ–∞–π–ª—É:
You may provide a definition with
\DeclareUnicodeCharacter 


! Package inputenc Error: Unicode character –º (U+43C)
(inputenc)                not set up for use with LaTeX.

See the inputenc package documentation for explanation.
Type  H <return>  for immediate help.
 ...                                              
                                                  
l.4 ...–∞–±–∞—Ç—ã–≤–∞–µ–º–æ–º—É –∏—Å–ø–æ–ª–Ω—è–µ–º
                                                  –æ–º—É —Ñ–∞–π–ª—É:
You may provide a definition with
\DeclareUnicodeCharacter 


! Package inputenc Error: Unicode character –æ (U+43E)
(inputenc)                not set up for use with LaTeX.

See the inputenc package documentation for explanation.
Type  H <return>  for immediate help.
 ...                                              
                                                  
l.4 ...–±–∞—Ç—ã–≤–∞–µ–º–æ–º—É –∏—Å–ø–æ–ª–Ω—è–µ–º–æ
                                                  –º—É —Ñ–∞–π–ª—É:
You may provide a definition with
\DeclareUnicodeCharacter 


! Package inputenc Error: Unicode character –º (U+43C)
(inputenc)                not set up for use with LaTeX.

See the inputenc package documentation for explanation.
Type  H <return>  for immediate help.
 ...                                              
                                                  
l.4 ...–∞—Ç—ã–≤–∞–µ–º–æ–º—É –∏—Å–ø–æ–ª–Ω—è–µ–º–æ–º
                                                  —É —Ñ–∞–π–ª—É:
You may provide a definition with
\DeclareUnicodeCharacter 


! Package inputenc Error: Unicode character —É (U+443)
(inputenc)                not set up for use with LaTeX.

See the inputenc package documentation for explanation.
Type  H <return>  for immediate help.
 ...                                              
                                                  
l.4 ...—Ç—ã–≤–∞–µ–º–æ–º—É –∏—Å–ø–æ–ª–Ω—è–µ–º–æ–º—É
                                                   —Ñ–∞–π–ª—É:
You may provide a definition with
\DeclareUnicodeCharacter 


! Package inputenc Error: Unicode character —Ñ (U+444)
(inputenc)                not set up for use with LaTeX.

See the inputenc package documentation for explanation.
Type  H <return>  for immediate help.
 ...                                              
                                                  
l.4 ...ã–≤–∞–µ–º–æ–º—É –∏—Å–ø–æ–ª–Ω—è–µ–º–æ–º—É —Ñ
                                                  –∞–π–ª—É:
You may provide a definition with
\DeclareUnicodeCharacter 


! Package inputenc Error: Unicode character –∞ (U+430)
(inputenc)                not set up for use with LaTeX.

See the inputenc package documentation for explanation.
Type  H <return>  for immediate help.
 ...                                              
                                                  
l.4 ...≤–∞–µ–º–æ–º—É –∏—Å–ø–æ–ª–Ω—è–µ–º–æ–º—É —Ñ–∞
                                                  –π–ª—É:
You may provide a definition with
\DeclareUnicodeCharacter 


! Package inputenc Error: Unicode character –π (U+439)
(inputenc)                not set up for use with LaTeX.

See the inputenc package documentation for explanation.
Type  H <return>  for immediate help.
 ...                                              
                                                  
l.4 ...∞–µ–º–æ–º—É –∏—Å–ø–æ–ª–Ω—è–µ–º–æ–º—É —Ñ–∞–π
                                                  –ª—É:
You may provide a definition with
\DeclareUnicodeCharacter 


! Package inputenc Error: Unicode character –ª (U+43B)
(inputenc)                not set up for use with LaTeX.

See the inputenc package documentation for explanation.
Type  H <return>  for immediate help.
 ...                                              
                                                  
l.4 ...µ–º–æ–º—É –∏—Å–ø–æ–ª–Ω—è–µ–º–æ–º—É —Ñ–∞–π–ª
                                                  —É:
You may provide a definition with
\DeclareUnicodeCharacter 


! Package inputenc Error: Unicode character —É (U+443)
(inputenc)                not set up for use with LaTeX.

See the inputenc package documentation for explanation.
Type  H <return>  for immediate help.
 ...                                              
                                                  
l.4 ...º–æ–º—É –∏—Å–ø–æ–ª–Ω—è–µ–º–æ–º—É —Ñ–∞–π–ª—É
                                                  :
You may provide a definition with
\DeclareUnicodeCharacter 

Missing character: There is no : in font nullfont!

Overfull \hbox (20.0pt too wide) in paragraph at lines 4--5
[]
 []


! Package inputenc Error: Unicode character –í (U+412)
(inputenc)                not set up for use with LaTeX.

See the inputenc package documentation for explanation.
Type  H <return>  for immediate help.
 ...                                              
                                                  
l.6 \item –í
            —Ä–µ–º—è –∏—Å–ø–æ–ª–Ω–µ–Ω–∏—è –¥–ª—è –ø—Ä–µ–¥–æ—Å—Ç–∞–≤–ª–µ–Ω–Ω—...

You may provide a definition with
\DeclareUnicodeCharacter 


! Package inputenc Error: Unicode character —Ä (U+440)
(inputenc)                not set up for use with LaTeX.

See the inputenc package documentation for explanation.
Type  H <return>  for immediate help.
 ...                                              
                                                  
l.6 \item –í—Ä
              –µ–º—è –∏—Å–ø–æ–ª–Ω–µ–Ω–∏—è –¥–ª—è –ø—Ä–µ–¥–æ—Å—Ç–∞–≤–ª–µ–Ω–Ω—...

You may provide a definition with
\DeclareUnicodeCharacter 


! Package inputenc Error: Unicode character –µ (U+435)
(inputenc)                not set up for use with LaTeX.

See the inputenc package documentation for explanation.
Type  H <return>  for immediate help.
 ...                                              
                                                  
l.6 \item –í—Ä–µ
                –º—è –∏—Å–ø–æ–ª–Ω–µ–Ω–∏—è –¥–ª—è –ø—Ä–µ–¥–æ—Å—Ç–∞–≤–ª–µ–Ω–Ω—...

You may provide a definition with
\DeclareUnicodeCharacter 


! Package inputenc Error: Unicode character –º (U+43C)
(inputenc)                not set up for use with LaTeX.

See the inputenc package documentation for explanation.
Type  H <return>  for immediate help.
 ...                                              
                                                  
l.6 \item –í—Ä–µ–º
                  —è –∏—Å–ø–æ–ª–Ω–µ–Ω–∏—è –¥–ª—è –ø—Ä–µ–¥–æ—Å—Ç–∞–≤–ª–µ–Ω–Ω—...

You may provide a definition with
\DeclareUnicodeCharacter 


! Package inputenc Error: Unicode character —è (U+44F)
(inputenc)                not set up for use with LaTeX.

See the inputenc package documentation for explanation.
Type  H <return>  for immediate help.
 ...                                              
                                                  
l.6 \item –í—Ä–µ–º—è
                     –∏—Å–ø–æ–ª–Ω–µ–Ω–∏—è –¥–ª—è –ø—Ä–µ–¥–æ—Å—Ç–∞–≤–ª–µ–Ω–Ω—...

You may provide a definition with
\DeclareUnicodeCharacter 


! Package inputenc Error: Unicode character –∏ (U+438)
(inputenc)                not set up for use with LaTeX.

See the inputenc package documentation for explanation.
Type  H <return>  for immediate help.
 ...                                              
                                                  
l.6 \item –í—Ä–µ–º—è –∏
                       —Å–ø–æ–ª–Ω–µ–Ω–∏—è –¥–ª—è –ø—Ä–µ–¥–æ—Å—Ç–∞–≤–ª–µ–Ω–Ω—...

You may provide a definition with
\DeclareUnicodeCharacter 


! Package inputenc Error: Unicode character —Å (U+441)
(inputenc)                not set up for use with LaTeX.

See the inputenc package documentation for explanation.
Type  H <return>  for immediate help.
 ...                                              
                                                  
l.6 \item –í—Ä–µ–º—è –∏—Å
                         –ø–æ–ª–Ω–µ–Ω–∏—è –¥–ª—è –ø—Ä–µ–¥–æ—Å—Ç–∞–≤–ª–µ–Ω–Ω—...

You may provide a definition with
\DeclareUnicodeCharacter 


! Package inputenc Error: Unicode character –ø (U+43F)
(inputenc)                not set up for use with LaTeX.

See the inputenc package documentation for explanation.
Type  H <return>  for immediate help.
 ...                                              
                                                  
l.6 \item –í—Ä–µ–º—è –∏—Å–ø
                           –æ–ª–Ω–µ–Ω–∏—è –¥–ª—è –ø—Ä–µ–¥–æ—Å—Ç–∞–≤–ª–µ–Ω–Ω—...

You may provide a definition with
\DeclareUnicodeCharacter 


! Package inputenc Error: Unicode character –æ (U+43E)
(inputenc)                not set up for use with LaTeX.

See the inputenc package documentation for explanation.
Type  H <return>  for immediate help.
 ...                                              
                                                  
l.6 \item –í—Ä–µ–º—è –∏—Å–ø–æ
                             –ª–Ω–µ–Ω–∏—è –¥–ª—è –ø—Ä–µ–¥–æ—Å—Ç–∞–≤–ª–µ–Ω–Ω—...

You may provide a definition with
\DeclareUnicodeCharacter 


! Package inputenc Error: Unicode character –ª (U+43B)
(inputenc)                not set up for use with LaTeX.

See the inputenc package documentation for explanation.
Type  H <return>  for immediate help.
 ...                                              
                                                  
l.6 \item –í—Ä–µ–º—è –∏—Å–ø–æ–ª
                               –Ω–µ–Ω–∏—è –¥–ª—è –ø—Ä–µ–¥–æ—Å—Ç–∞–≤–ª–µ–Ω–Ω—...

You may provide a definition with
\DeclareUnicodeCharacter 


! Package inputenc Error: Unicode character –Ω (U+43D)
(inputenc)                not set up for use with LaTeX.

See the inputenc package documentation for explanation.
Type  H <return>  for immediate help.
 ...                                              
                                                  
l.6 \item –í—Ä–µ–º—è –∏—Å–ø–æ–ª–Ω
                                 –µ–Ω–∏—è –¥–ª—è –ø—Ä–µ–¥–æ—Å—Ç–∞–≤–ª–µ–Ω–Ω—...

You may provide a definition with
\DeclareUnicodeCharacter 


! Package inputenc Error: Unicode character –µ (U+435)
(inputenc)                not set up for use with LaTeX.

See the inputenc package documentation for explanation.
Type  H <return>  for immediate help.
 ...                                              
                                                  
l.6 \item –í—Ä–µ–º—è –∏—Å–ø–æ–ª–Ω–µ
                                   –Ω–∏—è –¥–ª—è –ø—Ä–µ–¥–æ—Å—Ç–∞–≤–ª–µ–Ω–Ω—...

You may provide a definition with
\DeclareUnicodeCharacter 


! Package inputenc Error: Unicode character –Ω (U+43D)
(inputenc)                not set up for use with LaTeX.

See the inputenc package documentation for explanation.
Type  H <return>  for immediate help.
 ...                                              
                                                  
l.6 \item –í—Ä–µ–º—è –∏—Å–ø–æ–ª–Ω–µ–Ω
                                     –∏—è –¥–ª—è –ø—Ä–µ–¥–æ—Å—Ç–∞–≤–ª–µ–Ω–Ω—...

You may provide a definition with
\DeclareUnicodeCharacter 


! Package inputenc Error: Unicode character –∏ (U+438)
(inputenc)                not set up for use with LaTeX.

See the inputenc package documentation for explanation.
Type  H <return>  for immediate help.
 ...                                              
                                                  
l.6 \item –í—Ä–µ–º—è –∏—Å–ø–æ–ª–Ω–µ–Ω–∏
                                       —è –¥–ª—è –ø—Ä–µ–¥–æ—Å—Ç–∞–≤–ª–µ–Ω–Ω—...

You may provide a definition with
\DeclareUnicodeCharacter 


! Package inputenc Error: Unicode character —è (U+44F)
(inputenc)                not set up for use with LaTeX.

See the inputenc package documentation for explanation.
Type  H <return>  for immediate help.
 ...                                              
                                                  
l.6 \item –í—Ä–µ–º—è –∏—Å–ø–æ–ª–Ω–µ–Ω–∏—è
                                          –¥–ª—è –ø—Ä–µ–¥–æ—Å—Ç–∞–≤–ª–µ–Ω–Ω—...

You may provide a definition with
\DeclareUnicodeCharacter 


! Package inputenc Error: Unicode character –¥ (U+434)
(inputenc)                not set up for use with LaTeX.

See the inputenc package documentation for explanation.
Type  H <return>  for immediate help.
 ...                                              
                                                  
l.6 \item –í—Ä–µ–º—è –∏—Å–ø–æ–ª–Ω–µ–Ω–∏—è –¥
                                            –ª—è –ø—Ä–µ–¥–æ—Å—Ç–∞–≤–ª–µ–Ω–Ω—...

You may provide a definition with
\DeclareUnicodeCharacter 


! Package inputenc Error: Unicode character –ª (U+43B)
(inputenc)                not set up for use with LaTeX.

See the inputenc package documentation for explanation.
Type  H <return>  for immediate help.
 ...                                              
                                                  
l.6 \item –í—Ä–µ–º—è –∏—Å–ø–æ–ª–Ω–µ–Ω–∏—è –¥–ª
                                              —è –ø—Ä–µ–¥–æ—Å—Ç–∞–≤–ª–µ–Ω–Ω—...

You may provide a definition with
\DeclareUnicodeCharacter 


! Package inputenc Error: Unicode character —è (U+44F)
(inputenc)                not set up for use with LaTeX.

See the inputenc package documentation for explanation.
Type  H <return>  for immediate help.
 ...                                              
                                                  
l.6 \item –í—Ä–µ–º—è –∏—Å–ø–æ–ª–Ω–µ–Ω–∏—è –¥–ª—è
                                                 –ø—Ä–µ–¥–æ—Å—Ç–∞–≤–ª–µ–Ω–Ω—...

You may provide a definition with
\DeclareUnicodeCharacter 


! Package inputenc Error: Unicode character –ø (U+43F)
(inputenc)                not set up for use with LaTeX.

See the inputenc package documentation for explanation.
Type  H <return>  for immediate help.
 ...                                              
                                                  
l.6 ...m –í—Ä–µ–º—è –∏—Å–ø–æ–ª–Ω–µ–Ω–∏—è –¥–ª—è –ø
                                                  —Ä–µ–¥–æ—Å—Ç–∞–≤–ª–µ–Ω–Ω—ã...

You may provide a definition with
\DeclareUnicodeCharacter 


! Package inputenc Error: Unicode character —Ä (U+440)
(inputenc)                not set up for use with LaTeX.

See the inputenc package documentation for explanation.
Type  H <return>  for immediate help.
 ...                                              
                                                  
l.6 ...–í—Ä–µ–º—è –∏—Å–ø–æ–ª–Ω–µ–Ω–∏—è –¥–ª—è –ø—Ä
                                                  –µ–¥–æ—Å—Ç–∞–≤–ª–µ–Ω–Ω—ã—Ö...

You may provide a definition with
\DeclareUnicodeCharacter 


! Package inputenc Error: Unicode character –µ (U+435)
(inputenc)                not set up for use with LaTeX.

See the inputenc package documentation for explanation.
Type  H <return>  for immediate help.
 ...                                              
                                                  
l.6 ...—Ä–µ–º—è –∏—Å–ø–æ–ª–Ω–µ–Ω–∏—è –¥–ª—è –ø—Ä–µ
                                                  –¥–æ—Å—Ç–∞–≤–ª–µ–Ω–Ω—ã—Ö —...

You may provide a definition with
\DeclareUnicodeCharacter 


! Package inputenc Error: Unicode character –¥ (U+434)
(inputenc)                not set up for use with LaTeX.

See the inputenc package documentation for explanation.
Type  H <return>  for immediate help.
 ...                                              
                                                  
l.6 ...–µ–º—è –∏—Å–ø–æ–ª–Ω–µ–Ω–∏—è –¥–ª—è –ø—Ä–µ–¥
                                                  –æ—Å—Ç–∞–≤–ª–µ–Ω–Ω—ã—Ö —Ñ–...

You may provide a definition with
\DeclareUnicodeCharacter 


! Package inputenc Error: Unicode character –æ (U+43E)
(inputenc)                not set up for use with LaTeX.

See the inputenc package documentation for explanation.
Type  H <return>  for immediate help.
 ...                                              
                                                  
l.6 ...–º—è –∏—Å–ø–æ–ª–Ω–µ–Ω–∏—è –¥–ª—è –ø—Ä–µ–¥–æ
                                                  —Å—Ç–∞–≤–ª–µ–Ω–Ω—ã—Ö —Ñ–∞–...

You may provide a definition with
\DeclareUnicodeCharacter 


! Package inputenc Error: Unicode character —Å (U+441)
(inputenc)                not set up for use with LaTeX.

See the inputenc package documentation for explanation.
Type  H <return>  for immediate help.
 ...                                              
                                                  
l.6 ...—è –∏—Å–ø–æ–ª–Ω–µ–Ω–∏—è –¥–ª—è –ø—Ä–µ–¥–æ—Å
                                                  —Ç–∞–≤–ª–µ–Ω–Ω—ã—Ö —Ñ–∞–π–...

You may provide a definition with
\DeclareUnicodeCharacter 


! Package inputenc Error: Unicode character —Ç (U+442)
(inputenc)                not set up for use with LaTeX.

See the inputenc package documentation for explanation.
Type  H <return>  for immediate help.
 ...                                              
                                                  
l.6 ... –∏—Å–ø–æ–ª–Ω–µ–Ω–∏—è –¥–ª—è –ø—Ä–µ–¥–æ—Å—Ç
                                                  –∞–≤–ª–µ–Ω–Ω—ã—Ö —Ñ–∞–π–ª–...

You may provide a definition with
\DeclareUnicodeCharacter 


! Package inputenc Error: Unicode character –∞ (U+430)
(inputenc)                not set up for use with LaTeX.

See the inputenc package documentation for explanation.
Type  H <return>  for immediate help.
 ...                                              
                                                  
l.6 ...∏—Å–ø–æ–ª–Ω–µ–Ω–∏—è –¥–ª—è –ø—Ä–µ–¥–æ—Å—Ç–∞
                                                  –≤–ª–µ–Ω–Ω—ã—Ö —Ñ–∞–π–ª–æ–...

You may provide a definition with
\DeclareUnicodeCharacter 


! Package inputenc Error: Unicode character –≤ (U+432)
(inputenc)                not set up for use with LaTeX.

See the inputenc package documentation for explanation.
Type  H <return>  for immediate help.
 ...                                              
                                                  
l.6 ...Å–ø–æ–ª–Ω–µ–Ω–∏—è –¥–ª—è –ø—Ä–µ–¥–æ—Å—Ç–∞–≤
                                                  –ª–µ–Ω–Ω—ã—Ö —Ñ–∞–π–ª–æ–≤-...

You may provide a definition with
\DeclareUnicodeCharacter 


! Package inputenc Error: Unicode character –ª (U+43B)
(inputenc)                not set up for use with LaTeX.

See the inputenc package documentation for explanation.
Type  H <return>  for immediate help.
 ...                                              
                                                  
l.6 ...ø–æ–ª–Ω–µ–Ω–∏—è –¥–ª—è –ø—Ä–µ–¥–æ—Å—Ç–∞–≤–ª
                                                  –µ–Ω–Ω—ã—Ö —Ñ–∞–π–ª–æ–≤-–ø...

You may provide a definition with
\DeclareUnicodeCharacter 


! Package inputenc Error: Unicode character –µ (U+435)
(inputenc)                not set up for use with LaTeX.

See the inputenc package documentation for explanation.
Type  H <return>  for immediate help.
 ...                                              
                                                  
l.6 ...æ–ª–Ω–µ–Ω–∏—è –¥–ª—è –ø—Ä–µ–¥–æ—Å—Ç–∞–≤–ª–µ
                                                  –Ω–Ω—ã—Ö —Ñ–∞–π–ª–æ–≤-–ø—Ä...

You may provide a definition with
\DeclareUnicodeCharacter 


! Package inputenc Error: Unicode character –Ω (U+43D)
(inputenc)                not set up for use with LaTeX.

See the inputenc package documentation for explanation.
Type  H <return>  for immediate help.
 ...                                              
                                                  
l.6 ...ª–Ω–µ–Ω–∏—è –¥–ª—è –ø—Ä–µ–¥–æ—Å—Ç–∞–≤–ª–µ–Ω
                                                  –Ω—ã—Ö —Ñ–∞–π–ª–æ–≤-–ø—Ä–∏...

You may provide a definition with
\DeclareUnicodeCharacter 


! Package inputenc Error: Unicode character –Ω (U+43D)
(inputenc)                not set up for use with LaTeX.

See the inputenc package documentation for explanation.
Type  H <return>  for immediate help.
 ...                                              
                                                  
l.6 ...Ω–µ–Ω–∏—è –¥–ª—è –ø—Ä–µ–¥–æ—Å—Ç–∞–≤–ª–µ–Ω–Ω
                                                  —ã—Ö —Ñ–∞–π–ª–æ–≤-–ø—Ä–∏–º...

You may provide a definition with
\DeclareUnicodeCharacter 


! Package inputenc Error: Unicode character —ã (U+44B)
(inputenc)                not set up for use with LaTeX.

See the inputenc package documentation for explanation.
Type  H <return>  for immediate help.
 ...                                              
                                                  
l.6 ...µ–Ω–∏—è –¥–ª—è –ø—Ä–µ–¥–æ—Å—Ç–∞–≤–ª–µ–Ω–Ω—ã
                                                  —Ö —Ñ–∞–π–ª–æ–≤-–ø—Ä–∏–º–µ...

You may provide a definition with
\DeclareUnicodeCharacter 


! Package inputenc Error: Unicode character —Ö (U+445)
(inputenc)                not set up for use with LaTeX.

See the inputenc package documentation for explanation.
Type  H <return>  for immediate help.
 ...                                              
                                                  
l.6 ...Ω–∏—è –¥–ª—è –ø—Ä–µ–¥–æ—Å—Ç–∞–≤–ª–µ–Ω–Ω—ã—Ö
                                                   —Ñ–∞–π–ª–æ–≤-–ø—Ä–∏–º–µ—Ä...

You may provide a definition with
\DeclareUnicodeCharacter 


! Package inputenc Error: Unicode character —Ñ (U+444)
(inputenc)                not set up for use with LaTeX.

See the inputenc package documentation for explanation.
Type  H <return>  for immediate help.
 ...                                              
                                                  
l.6 ...—è –¥–ª—è –ø—Ä–µ–¥–æ—Å—Ç–∞–≤–ª–µ–Ω–Ω—ã—Ö —Ñ
                                                  –∞–π–ª–æ–≤-–ø—Ä–∏–º–µ—Ä–æ–...

You may provide a definition with
\DeclareUnicodeCharacter 


! Package inputenc Error: Unicode character –∞ (U+430)
(inputenc)                not set up for use with LaTeX.

See the inputenc package documentation for explanation.
Type  H <return>  for immediate help.
 ...                                              
                                                  
l.6 ... –¥–ª—è –ø—Ä–µ–¥–æ—Å—Ç–∞–≤–ª–µ–Ω–Ω—ã—Ö —Ñ–∞
                                                  –π–ª–æ–≤-–ø—Ä–∏–º–µ—Ä–æ–≤ ...

You may provide a definition with
\DeclareUnicodeCharacter 


! Package inputenc Error: Unicode character –π (U+439)
(inputenc)                not set up for use with LaTeX.

See the inputenc package documentation for explanation.
Type  H <return>  for immediate help.
 ...                                              
                                                  
l.6 ...¥–ª—è –ø—Ä–µ–¥–æ—Å—Ç–∞–≤–ª–µ–Ω–Ω—ã—Ö —Ñ–∞–π
                                                  –ª–æ–≤-–ø—Ä–∏–º–µ—Ä–æ–≤ –∏...

You may provide a definition with
\DeclareUnicodeCharacter 


! Package inputenc Error: Unicode character –ª (U+43B)
(inputenc)                not set up for use with LaTeX.

See the inputenc package documentation for explanation.
Type  H <return>  for immediate help.
 ...                                              
                                                  
l.6 ...ª—è –ø—Ä–µ–¥–æ—Å—Ç–∞–≤–ª–µ–Ω–Ω—ã—Ö —Ñ–∞–π–ª
                                                  –æ–≤-–ø—Ä–∏–º–µ—Ä–æ–≤ –∏–º...

You may provide a definition with
\DeclareUnicodeCharacter 


! Package inputenc Error: Unicode character –æ (U+43E)
(inputenc)                not set up for use with LaTeX.

See the inputenc package documentation for explanation.
Type  H <return>  for immediate help.
 ...                                              
                                                  
l.6 ...è –ø—Ä–µ–¥–æ—Å—Ç–∞–≤–ª–µ–Ω–Ω—ã—Ö —Ñ–∞–π–ª–æ
                                                  –≤-–ø—Ä–∏–º–µ—Ä–æ–≤ –∏–º–µ...

You may provide a definition with
\DeclareUnicodeCharacter 


! Package inputenc Error: Unicode character –≤ (U+432)
(inputenc)                not set up for use with LaTeX.

See the inputenc package documentation for explanation.
Type  H <return>  for immediate help.
 ...                                              
                                                  
l.6 ...–ø—Ä–µ–¥–æ—Å—Ç–∞–≤–ª–µ–Ω–Ω—ã—Ö —Ñ–∞–π–ª–æ–≤
                                                  -–ø—Ä–∏–º–µ—Ä–æ–≤ –∏–º–µ–µ...

You may provide a definition with
\DeclareUnicodeCharacter 

Missing character: There is no - in font nullfont!

! Package inputenc Error: Unicode character –ø (U+43F)
(inputenc)                not set up for use with LaTeX.

See the inputenc package documentation for explanation.
Type  H <return>  for immediate help.
 ...                                              
                                                  
l.6 ...Ä–µ–¥–æ—Å—Ç–∞–≤–ª–µ–Ω–Ω—ã—Ö —Ñ–∞–π–ª–æ–≤-–ø
                                                  —Ä–∏–º–µ—Ä–æ–≤ –∏–º–µ–µ—Ç ...

You may provide a definition with
\DeclareUnicodeCharacter 


! Package inputenc Error: Unicode character —Ä (U+440)
(inputenc)                not set up for use with LaTeX.

See the inputenc package documentation for explanation.
Type  H <return>  for immediate help.
 ...                                              
                                                  
l.6 ...µ–¥–æ—Å—Ç–∞–≤–ª–µ–Ω–Ω—ã—Ö —Ñ–∞–π–ª–æ–≤-–ø—Ä
                                                  –∏–º–µ—Ä–æ–≤ –∏–º–µ–µ—Ç –ø...

You may provide a definition with
\DeclareUnicodeCharacter 


! Package inputenc Error: Unicode character –∏ (U+438)
(inputenc)                not set up for use with LaTeX.

See the inputenc package documentation for explanation.
Type  H <return>  for immediate help.
 ...                                              
                                                  
l.6 ...¥–æ—Å—Ç–∞–≤–ª–µ–Ω–Ω—ã—Ö —Ñ–∞–π–ª–æ–≤-–ø—Ä–∏
                                                  –º–µ—Ä–æ–≤ –∏–º–µ–µ—Ç –ø–æ...

You may provide a definition with
\DeclareUnicodeCharacter 


! Package inputenc Error: Unicode character –º (U+43C)
(inputenc)                not set up for use with LaTeX.

See the inputenc package documentation for explanation.
Type  H <return>  for immediate help.
 ...                                              
                                                  
l.6 ...æ—Å—Ç–∞–≤–ª–µ–Ω–Ω—ã—Ö —Ñ–∞–π–ª–æ–≤-–ø—Ä–∏–º
                                                  –µ—Ä–æ–≤ –∏–º–µ–µ—Ç –ø–æ—Ä...

You may provide a definition with
\DeclareUnicodeCharacter 


! Package inputenc Error: Unicode character –µ (U+435)
(inputenc)                not set up for use with LaTeX.

See the inputenc package documentation for explanation.
Type  H <return>  for immediate help.
 ...                                              
                                                  
l.6 ...Å—Ç–∞–≤–ª–µ–Ω–Ω—ã—Ö —Ñ–∞–π–ª–æ–≤-–ø—Ä–∏–º–µ
                                                  —Ä–æ–≤ –∏–º–µ–µ—Ç –ø–æ—Ä—è...

You may provide a definition with
\DeclareUnicodeCharacter 


! Package inputenc Error: Unicode character —Ä (U+440)
(inputenc)                not set up for use with LaTeX.

See the inputenc package documentation for explanation.
Type  H <return>  for immediate help.
 ...                                              
                                                  
l.6 ...Ç–∞–≤–ª–µ–Ω–Ω—ã—Ö —Ñ–∞–π–ª–æ–≤-–ø—Ä–∏–º–µ—Ä
                                                  –æ–≤ –∏–º–µ–µ—Ç –ø–æ—Ä—è–¥...

You may provide a definition with
\DeclareUnicodeCharacter 


! Package inputenc Error: Unicode character –æ (U+43E)
(inputenc)                not set up for use with LaTeX.

See the inputenc package documentation for explanation.
Type  H <return>  for immediate help.
 ...                                              
                                                  
l.6 ...∞–≤–ª–µ–Ω–Ω—ã—Ö —Ñ–∞–π–ª–æ–≤-–ø—Ä–∏–º–µ—Ä–æ
                                                  –≤ –∏–º–µ–µ—Ç –ø–æ—Ä—è–¥–æ...

You may provide a definition with
\DeclareUnicodeCharacter 


! Package inputenc Error: Unicode character –≤ (U+432)
(inputenc)                not set up for use with LaTeX.

See the inputenc package documentation for explanation.
Type  H <return>  for immediate help.
 ...                                              
                                                  
l.6 ...≤–ª–µ–Ω–Ω—ã—Ö —Ñ–∞–π–ª–æ–≤-–ø—Ä–∏–º–µ—Ä–æ–≤
                                                   –∏–º–µ–µ—Ç –ø–æ—Ä—è–¥–æ–∫...

You may provide a definition with
\DeclareUnicodeCharacter 


! Package inputenc Error: Unicode character –∏ (U+438)
(inputenc)                not set up for use with LaTeX.

See the inputenc package documentation for explanation.
Type  H <return>  for immediate help.
 ...                                              
                                                  
l.6 ...–µ–Ω–Ω—ã—Ö —Ñ–∞–π–ª–æ–≤-–ø—Ä–∏–º–µ—Ä–æ–≤ –∏
                                                  –º–µ–µ—Ç –ø–æ—Ä—è–¥–æ–∫ —Å...

You may provide a definition with
\DeclareUnicodeCharacter 


! Package inputenc Error: Unicode character –º (U+43C)
(inputenc)                not set up for use with LaTeX.

See the inputenc package documentation for explanation.
Type  H <return>  for immediate help.
 ...                                              
                                                  
l.6 ...–Ω–Ω—ã—Ö —Ñ–∞–π–ª–æ–≤-–ø—Ä–∏–º–µ—Ä–æ–≤ –∏–º
                                                  –µ–µ—Ç –ø–æ—Ä—è–¥–æ–∫ —Å–µ...

You may provide a definition with
\DeclareUnicodeCharacter 


! Package inputenc Error: Unicode character –µ (U+435)
(inputenc)                not set up for use with LaTeX.

See the inputenc package documentation for explanation.
Type  H <return>  for immediate help.
 ...                                              
                                                  
l.6 ...–Ω—ã—Ö —Ñ–∞–π–ª–æ–≤-–ø—Ä–∏–º–µ—Ä–æ–≤ –∏–º–µ
                                                  –µ—Ç –ø–æ—Ä—è–¥–æ–∫ —Å–µ–∫...

You may provide a definition with
\DeclareUnicodeCharacter 


! Package inputenc Error: Unicode character –µ (U+435)
(inputenc)                not set up for use with LaTeX.

See the inputenc package documentation for explanation.
Type  H <return>  for immediate help.
 ...                                              
                                                  
l.6 ...—ã—Ö —Ñ–∞–π–ª–æ–≤-–ø—Ä–∏–º–µ—Ä–æ–≤ –∏–º–µ–µ
                                                  —Ç –ø–æ—Ä—è–¥–æ–∫ —Å–µ–∫—É...

You may provide a definition with
\DeclareUnicodeCharacter 


! Package inputenc Error: Unicode character —Ç (U+442)
(inputenc)                not set up for use with LaTeX.

See the inputenc package documentation for explanation.
Type  H <return>  for immediate help.
 ...                                              
                                                  
l.6 ...—Ö —Ñ–∞–π–ª–æ–≤-–ø—Ä–∏–º–µ—Ä–æ–≤ –∏–º–µ–µ—Ç
                                                   –ø–æ—Ä—è–¥–æ–∫ —Å–µ–∫—É–Ω...

You may provide a definition with
\DeclareUnicodeCharacter 


! Package inputenc Error: Unicode character –ø (U+43F)
(inputenc)                not set up for use with LaTeX.

See the inputenc package documentation for explanation.
Type  H <return>  for immediate help.
 ...                                              
                                                  
l.6 ...—Ñ–∞–π–ª–æ–≤-–ø—Ä–∏–º–µ—Ä–æ–≤ –∏–º–µ–µ—Ç –ø
                                                  –æ—Ä—è–¥–æ–∫ —Å–µ–∫—É–Ω–¥ ...

You may provide a definition with
\DeclareUnicodeCharacter 


! Package inputenc Error: Unicode character –æ (U+43E)
(inputenc)                not set up for use with LaTeX.

See the inputenc package documentation for explanation.
Type  H <return>  for immediate help.
 ...                                              
                                                  
l.6 ...–∞–π–ª–æ–≤-–ø—Ä–∏–º–µ—Ä–æ–≤ –∏–º–µ–µ—Ç –ø–æ
                                                  —Ä—è–¥–æ–∫ —Å–µ–∫—É–Ω–¥ –∏...

You may provide a definition with
\DeclareUnicodeCharacter 


! Package inputenc Error: Unicode character —Ä (U+440)
(inputenc)                not set up for use with LaTeX.

See the inputenc package documentation for explanation.
Type  H <return>  for immediate help.
 ...                                              
                                                  
l.6 ...–π–ª–æ–≤-–ø—Ä–∏–º–µ—Ä–æ–≤ –∏–º–µ–µ—Ç –ø–æ—Ä
                                                  —è–¥–æ–∫ —Å–µ–∫—É–Ω–¥ –∏–ª...

You may provide a definition with
\DeclareUnicodeCharacter 


! Package inputenc Error: Unicode character —è (U+44F)
(inputenc)                not set up for use with LaTeX.

See the inputenc package documentation for explanation.
Type  H <return>  for immediate help.
 ...                                              
                                                  
l.6 ...–ª–æ–≤-–ø—Ä–∏–º–µ—Ä–æ–≤ –∏–º–µ–µ—Ç –ø–æ—Ä—è
                                                  –¥–æ–∫ —Å–µ–∫—É–Ω–¥ –∏–ª–∏...

You may provide a definition with
\DeclareUnicodeCharacter 


! Package inputenc Error: Unicode character –¥ (U+434)
(inputenc)                not set up for use with LaTeX.

See the inputenc package documentation for explanation.
Type  H <return>  for immediate help.
 ...                                              
                                                  
l.6 ...–æ–≤-–ø—Ä–∏–º–µ—Ä–æ–≤ –∏–º–µ–µ—Ç –ø–æ—Ä—è–¥
                                                  –æ–∫ —Å–µ–∫—É–Ω–¥ –∏–ª–∏ –...

You may provide a definition with
\DeclareUnicodeCharacter 


! Package inputenc Error: Unicode character –æ (U+43E)
(inputenc)                not set up for use with LaTeX.

See the inputenc package documentation for explanation.
Type  H <return>  for immediate help.
 ...                                              
                                                  
l.6 ...–≤-–ø—Ä–∏–º–µ—Ä–æ–≤ –∏–º–µ–µ—Ç –ø–æ—Ä—è–¥–æ
                                                  –∫ —Å–µ–∫—É–Ω–¥ –∏–ª–∏ –º–...

You may provide a definition with
\DeclareUnicodeCharacter 


! Package inputenc Error: Unicode character –∫ (U+43A)
(inputenc)                not set up for use with LaTeX.

See the inputenc package documentation for explanation.
Type  H <return>  for immediate help.
 ...                                              
                                                  
l.6 ...-–ø—Ä–∏–º–µ—Ä–æ–≤ –∏–º–µ–µ—Ç –ø–æ—Ä—è–¥–æ–∫
                                                   —Å–µ–∫—É–Ω–¥ –∏–ª–∏ –º–∏–...

You may provide a definition with
\DeclareUnicodeCharacter 


! Package inputenc Error: Unicode character —Å (U+441)
(inputenc)                not set up for use with LaTeX.

See the inputenc package documentation for explanation.
Type  H <return>  for immediate help.
 ...                                              
                                                  
l.6 ...—Ä–∏–º–µ—Ä–æ–≤ –∏–º–µ–µ—Ç –ø–æ—Ä—è–¥–æ–∫ —Å
                                                  –µ–∫—É–Ω–¥ –∏–ª–∏ –º–∏–Ω—É...

You may provide a definition with
\DeclareUnicodeCharacter 


! Package inputenc Error: Unicode character –µ (U+435)
(inputenc)                not set up for use with LaTeX.

See the inputenc package documentation for explanation.
Type  H <return>  for immediate help.
 ...                                              
                                                  
l.6 ...–∏–º–µ—Ä–æ–≤ –∏–º–µ–µ—Ç –ø–æ—Ä—è–¥–æ–∫ —Å–µ
                                                  –∫—É–Ω–¥ –∏–ª–∏ –º–∏–Ω—É—Ç...

You may provide a definition with
\DeclareUnicodeCharacter 


! Package inputenc Error: Unicode character –∫ (U+43A)
(inputenc)                not set up for use with LaTeX.

See the inputenc package documentation for explanation.
Type  H <return>  for immediate help.
 ...                                              
                                                  
l.6 ...–º–µ—Ä–æ–≤ –∏–º–µ–µ—Ç –ø–æ—Ä—è–¥–æ–∫ —Å–µ–∫
                                                  —É–Ω–¥ –∏–ª–∏ –º–∏–Ω—É—Ç. ...

You may provide a definition with
\DeclareUnicodeCharacter 


! Package inputenc Error: Unicode character —É (U+443)
(inputenc)                not set up for use with LaTeX.

See the inputenc package documentation for explanation.
Type  H <return>  for immediate help.
 ...                                              
                                                  
l.6 ...–µ—Ä–æ–≤ –∏–º–µ–µ—Ç –ø–æ—Ä—è–¥–æ–∫ —Å–µ–∫—É
                                                  –Ω–¥ –∏–ª–∏ –º–∏–Ω—É—Ç. –í...

You may provide a definition with
\DeclareUnicodeCharacter 


! Package inputenc Error: Unicode character –Ω (U+43D)
(inputenc)                not set up for use with LaTeX.

See the inputenc package documentation for explanation.
Type  H <return>  for immediate help.
 ...                                              
                                                  
l.6 ...—Ä–æ–≤ –∏–º–µ–µ—Ç –ø–æ—Ä—è–¥–æ–∫ —Å–µ–∫—É–Ω
                                                  –¥ –∏–ª–∏ –º–∏–Ω—É—Ç. –í–æ...

You may provide a definition with
\DeclareUnicodeCharacter 


! Package inputenc Error: Unicode character –¥ (U+434)
(inputenc)                not set up for use with LaTeX.

See the inputenc package documentation for explanation.
Type  H <return>  for immediate help.
 ...                                              
                                                  
l.6 ...–æ–≤ –∏–º–µ–µ—Ç –ø–æ—Ä—è–¥–æ–∫ —Å–µ–∫—É–Ω–¥
                                                   –∏–ª–∏ –º–∏–Ω—É—Ç. –í–æ–∑...

You may provide a definition with
\DeclareUnicodeCharacter 


! Package inputenc Error: Unicode character –∏ (U+438)
(inputenc)                not set up for use with LaTeX.

See the inputenc package documentation for explanation.
Type  H <return>  for immediate help.
 ...                                              
                                                  
l.6 ...≤ –∏–º–µ–µ—Ç –ø–æ—Ä—è–¥–æ–∫ —Å–µ–∫—É–Ω–¥ –∏
                                                  –ª–∏ –º–∏–Ω—É—Ç. –í–æ–∑–º–...

You may provide a definition with
\DeclareUnicodeCharacter 


! Package inputenc Error: Unicode character –ª (U+43B)
(inputenc)                not set up for use with LaTeX.

See the inputenc package documentation for explanation.
Type  H <return>  for immediate help.
 ...                                              
                                                  
l.6 ...–∏–º–µ–µ—Ç –ø–æ—Ä—è–¥–æ–∫ —Å–µ–∫—É–Ω–¥ –∏–ª
                                                  –∏ –º–∏–Ω—É—Ç. –í–æ–∑–º–æ–...

You may provide a definition with
\DeclareUnicodeCharacter 


! Package inputenc Error: Unicode character –∏ (U+438)
(inputenc)                not set up for use with LaTeX.

See the inputenc package documentation for explanation.
Type  H <return>  for immediate help.
 ...                                              
                                                  
l.6 ...–º–µ–µ—Ç –ø–æ—Ä—è–¥–æ–∫ —Å–µ–∫—É–Ω–¥ –∏–ª–∏
                                                   –º–∏–Ω—É—Ç. –í–æ–∑–º–æ–∂–...

You may provide a definition with
\DeclareUnicodeCharacter 


! Package inputenc Error: Unicode character –º (U+43C)
(inputenc)                not set up for use with LaTeX.

See the inputenc package documentation for explanation.
Type  H <return>  for immediate help.
 ...                                              
                                                  
l.6 ...µ–µ—Ç –ø–æ—Ä—è–¥–æ–∫ —Å–µ–∫—É–Ω–¥ –∏–ª–∏ –º
                                                  –∏–Ω—É—Ç. –í–æ–∑–º–æ–∂–Ω–æ...

You may provide a definition with
\DeclareUnicodeCharacter 


! Package inputenc Error: Unicode character –∏ (U+438)
(inputenc)                not set up for use with LaTeX.

See the inputenc package documentation for explanation.
Type  H <return>  for immediate help.
 ...                                              
                                                  
l.6 ...µ—Ç –ø–æ—Ä—è–¥–æ–∫ —Å–µ–∫—É–Ω–¥ –∏–ª–∏ –º–∏
                                                  –Ω—É—Ç. –í–æ–∑–º–æ–∂–Ω–æ—Å...

You may provide a definition with
\DeclareUnicodeCharacter 


! Package inputenc Error: Unicode character –Ω (U+43D)
(inputenc)                not set up for use with LaTeX.

See the inputenc package documentation for explanation.
Type  H <return>  for immediate help.
 ...                                              
                                                  
l.6 ...Ç –ø–æ—Ä—è–¥–æ–∫ —Å–µ–∫—É–Ω–¥ –∏–ª–∏ –º–∏–Ω
                                                  —É—Ç. –í–æ–∑–º–æ–∂–Ω–æ—Å—Ç...

You may provide a definition with
\DeclareUnicodeCharacter 


! Package inputenc Error: Unicode character —É (U+443)
(inputenc)                not set up for use with LaTeX.

See the inputenc package documentation for explanation.
Type  H <return>  for immediate help.
 ...                                              
                                                  
l.6 ...–ø–æ—Ä—è–¥–æ–∫ —Å–µ–∫—É–Ω–¥ –∏–ª–∏ –º–∏–Ω—É
                                                  —Ç. –í–æ–∑–º–æ–∂–Ω–æ—Å—Ç—å...

You may provide a definition with
\DeclareUnicodeCharacter 


! Package inputenc Error: Unicode character —Ç (U+442)
(inputenc)                not set up for use with LaTeX.

See the inputenc package documentation for explanation.
Type  H <return>  for immediate help.
 ...                                              
                                                  
l.6 ...–æ—Ä—è–¥–æ–∫ —Å–µ–∫—É–Ω–¥ –∏–ª–∏ –º–∏–Ω—É—Ç
                                                  . –í–æ–∑–º–æ–∂–Ω–æ—Å—Ç—å —...

You may provide a definition with
\DeclareUnicodeCharacter 

Missing character: There is no . in font nullfont!

! Package inputenc Error: Unicode character –í (U+412)
(inputenc)                not set up for use with LaTeX.

See the inputenc package documentation for explanation.
Type  H <return>  for immediate help.
 ...                                              
                                                  
l.6 ...—è–¥–æ–∫ —Å–µ–∫—É–Ω–¥ –∏–ª–∏ –º–∏–Ω—É—Ç. –í
                                                  –æ–∑–º–æ–∂–Ω–æ—Å—Ç—å —Ä–∞–...

You may provide a definition with
\DeclareUnicodeCharacter 


! Package inputenc Error: Unicode character –æ (U+43E)
(inputenc)                not set up for use with LaTeX.

See the inputenc package documentation for explanation.
Type  H <return>  for immediate help.
 ...                                              
                                                  
l.6 ...–¥–æ–∫ —Å–µ–∫—É–Ω–¥ –∏–ª–∏ –º–∏–Ω—É—Ç. –í–æ
                                                  –∑–º–æ–∂–Ω–æ—Å—Ç—å —Ä–∞–±–...

You may provide a definition with
\DeclareUnicodeCharacter 


! Package inputenc Error: Unicode character –∑ (U+437)
(inputenc)                not set up for use with LaTeX.

See the inputenc package documentation for explanation.
Type  H <return>  for immediate help.
 ...                                              
                                                  
l.6 ...–æ–∫ —Å–µ–∫—É–Ω–¥ –∏–ª–∏ –º–∏–Ω—É—Ç. –í–æ–∑
                                                  –º–æ–∂–Ω–æ—Å—Ç—å —Ä–∞–±–æ—...

You may provide a definition with
\DeclareUnicodeCharacter 


! Package inputenc Error: Unicode character –º (U+43C)
(inputenc)                not set up for use with LaTeX.

See the inputenc package documentation for explanation.
Type  H <return>  for immediate help.
 ...                                              
                                                  
l.6 ...–∫ —Å–µ–∫—É–Ω–¥ –∏–ª–∏ –º–∏–Ω—É—Ç. –í–æ–∑–º
                                                  –æ–∂–Ω–æ—Å—Ç—å —Ä–∞–±–æ—Ç—...

You may provide a definition with
\DeclareUnicodeCharacter 


! Package inputenc Error: Unicode character –æ (U+43E)
(inputenc)                not set up for use with LaTeX.

See the inputenc package documentation for explanation.
Type  H <return>  for immediate help.
 ...                                              
                                                  
l.6 ... —Å–µ–∫—É–Ω–¥ –∏–ª–∏ –º–∏–Ω—É—Ç. –í–æ–∑–º–æ
                                                  –∂–Ω–æ—Å—Ç—å —Ä–∞–±–æ—Ç—ã ...

You may provide a definition with
\DeclareUnicodeCharacter 


! Package inputenc Error: Unicode character –∂ (U+436)
(inputenc)                not set up for use with LaTeX.

See the inputenc package documentation for explanation.
Type  H <return>  for immediate help.
 ...                                              
                                                  
l.6 ...Å–µ–∫—É–Ω–¥ –∏–ª–∏ –º–∏–Ω—É—Ç. –í–æ–∑–º–æ–∂
                                                  –Ω–æ—Å—Ç—å —Ä–∞–±–æ—Ç—ã –≤...

You may provide a definition with
\DeclareUnicodeCharacter 


! Package inputenc Error: Unicode character –Ω (U+43D)
(inputenc)                not set up for use with LaTeX.

See the inputenc package documentation for explanation.
Type  H <return>  for immediate help.
 ...                                              
                                                  
l.6 ...µ–∫—É–Ω–¥ –∏–ª–∏ –º–∏–Ω—É—Ç. –í–æ–∑–º–æ–∂–Ω
                                                  –æ—Å—Ç—å —Ä–∞–±–æ—Ç—ã –≤ —...

You may provide a definition with
\DeclareUnicodeCharacter 


! Package inputenc Error: Unicode character –æ (U+43E)
(inputenc)                not set up for use with LaTeX.

See the inputenc package documentation for explanation.
Type  H <return>  for immediate help.
 ...                                              
                                                  
l.6 ...∫—É–Ω–¥ –∏–ª–∏ –º–∏–Ω—É—Ç. –í–æ–∑–º–æ–∂–Ω–æ
                                                  —Å—Ç—å —Ä–∞–±–æ—Ç—ã –≤ —Ä–...

You may provide a definition with
\DeclareUnicodeCharacter 


! Package inputenc Error: Unicode character —Å (U+441)
(inputenc)                not set up for use with LaTeX.

See the inputenc package documentation for explanation.
Type  H <return>  for immediate help.
 ...                                              
                                                  
l.6 ...É–Ω–¥ –∏–ª–∏ –º–∏–Ω—É—Ç. –í–æ–∑–º–æ–∂–Ω–æ—Å
                                                  —Ç—å —Ä–∞–±–æ—Ç—ã –≤ —Ä–µ–...

You may provide a definition with
\DeclareUnicodeCharacter 


! Package inputenc Error: Unicode character —Ç (U+442)
(inputenc)                not set up for use with LaTeX.

See the inputenc package documentation for explanation.
Type  H <return>  for immediate help.
 ...                                              
                                                  
l.6 ...Ω–¥ –∏–ª–∏ –º–∏–Ω—É—Ç. –í–æ–∑–º–æ–∂–Ω–æ—Å—Ç
                                                  —å —Ä–∞–±–æ—Ç—ã –≤ —Ä–µ–∞–...

You may provide a definition with
\DeclareUnicodeCharacter 


! Package inputenc Error: Unicode character —å (U+44C)
(inputenc)                not set up for use with LaTeX.

See the inputenc package documentation for explanation.
Type  H <return>  for immediate help.
 ...                                              
                                                  
l.6 ...¥ –∏–ª–∏ –º–∏–Ω—É—Ç. –í–æ–∑–º–æ–∂–Ω–æ—Å—Ç—å
                                                   —Ä–∞–±–æ—Ç—ã –≤ —Ä–µ–∞–ª—...

You may provide a definition with
\DeclareUnicodeCharacter 


! Package inputenc Error: Unicode character —Ä (U+440)
(inputenc)                not set up for use with LaTeX.

See the inputenc package documentation for explanation.
Type  H <return>  for immediate help.
 ...                                              
                                                  
l.6 ...∏–ª–∏ –º–∏–Ω—É—Ç. –í–æ–∑–º–æ–∂–Ω–æ—Å—Ç—å —Ä
                                                  –∞–±–æ—Ç—ã –≤ —Ä–µ–∞–ª—å–Ω...

You may provide a definition with
\DeclareUnicodeCharacter 


! Package inputenc Error: Unicode character –∞ (U+430)
(inputenc)                not set up for use with LaTeX.

See the inputenc package documentation for explanation.
Type  H <return>  for immediate help.
 ...                                              
                                                  
l.6 ...ª–∏ –º–∏–Ω—É—Ç. –í–æ–∑–º–æ–∂–Ω–æ—Å—Ç—å —Ä–∞
                                                  –±–æ—Ç—ã –≤ —Ä–µ–∞–ª—å–Ω–æ...

You may provide a definition with
\DeclareUnicodeCharacter 


! Package inputenc Error: Unicode character –± (U+431)
(inputenc)                not set up for use with LaTeX.

See the inputenc package documentation for explanation.
Type  H <return>  for immediate help.
 ...                                              
                                                  
l.6 ...∏ –º–∏–Ω—É—Ç. –í–æ–∑–º–æ–∂–Ω–æ—Å—Ç—å —Ä–∞–±
                                                  –æ—Ç—ã –≤ —Ä–µ–∞–ª—å–Ω–æ–º...

You may provide a definition with
\DeclareUnicodeCharacter 


! Package inputenc Error: Unicode character –æ (U+43E)
(inputenc)                not set up for use with LaTeX.

See the inputenc package documentation for explanation.
Type  H <return>  for immediate help.
 ...                                              
                                                  
l.6 ...–º–∏–Ω—É—Ç. –í–æ–∑–º–æ–∂–Ω–æ—Å—Ç—å —Ä–∞–±–æ
                                                  —Ç—ã –≤ —Ä–µ–∞–ª—å–Ω–æ–º –...

You may provide a definition with
\DeclareUnicodeCharacter 


! Package inputenc Error: Unicode character —Ç (U+442)
(inputenc)                not set up for use with LaTeX.

See the inputenc package documentation for explanation.
Type  H <return>  for immediate help.
 ...                                              
                                                  
l.6 ...–∏–Ω—É—Ç. –í–æ–∑–º–æ–∂–Ω–æ—Å—Ç—å —Ä–∞–±–æ—Ç
                                                  —ã –≤ —Ä–µ–∞–ª—å–Ω–æ–º –≤—...

You may provide a definition with
\DeclareUnicodeCharacter 


! Package inputenc Error: Unicode character —ã (U+44B)
(inputenc)                not set up for use with LaTeX.

See the inputenc package documentation for explanation.
Type  H <return>  for immediate help.
 ...                                              
                                                  
l.6 ...–Ω—É—Ç. –í–æ–∑–º–æ–∂–Ω–æ—Å—Ç—å —Ä–∞–±–æ—Ç—ã
                                                   –≤ —Ä–µ–∞–ª—å–Ω–æ–º –≤—Ä–...

You may provide a definition with
\DeclareUnicodeCharacter 


! Package inputenc Error: Unicode character –≤ (U+432)
(inputenc)                not set up for use with LaTeX.

See the inputenc package documentation for explanation.
Type  H <return>  for immediate help.
 ...                                              
                                                  
l.6 ...É—Ç. –í–æ–∑–º–æ–∂–Ω–æ—Å—Ç—å —Ä–∞–±–æ—Ç—ã –≤
                                                   —Ä–µ–∞–ª—å–Ω–æ–º –≤—Ä–µ–º...

You may provide a definition with
\DeclareUnicodeCharacter 


! Package inputenc Error: Unicode character —Ä (U+440)
(inputenc)                not set up for use with LaTeX.

See the inputenc package documentation for explanation.
Type  H <return>  for immediate help.
 ...                                              
                                                  
l.6 .... –í–æ–∑–º–æ–∂–Ω–æ—Å—Ç—å —Ä–∞–±–æ—Ç—ã –≤ —Ä
                                                  –µ–∞–ª—å–Ω–æ–º –≤—Ä–µ–º–µ–...

You may provide a definition with
\DeclareUnicodeCharacter 


! Package inputenc Error: Unicode character –µ (U+435)
(inputenc)                not set up for use with LaTeX.

See the inputenc package documentation for explanation.
Type  H <return>  for immediate help.
 ...                                              
                                                  
l.6 ...–í–æ–∑–º–æ–∂–Ω–æ—Å—Ç—å —Ä–∞–±–æ—Ç—ã –≤ —Ä–µ
                                                  –∞–ª—å–Ω–æ–º –≤—Ä–µ–º–µ–Ω–...

You may provide a definition with
\DeclareUnicodeCharacter 


! Package inputenc Error: Unicode character –∞ (U+430)
(inputenc)                not set up for use with LaTeX.

See the inputenc package documentation for explanation.
Type  H <return>  for immediate help.
 ...                                              
                                                  
l.6 ...–æ–∑–º–æ–∂–Ω–æ—Å—Ç—å —Ä–∞–±–æ—Ç—ã –≤ —Ä–µ–∞
                                                  –ª—å–Ω–æ–º –≤—Ä–µ–º–µ–Ω–∏ ...

You may provide a definition with
\DeclareUnicodeCharacter 


! Package inputenc Error: Unicode character –ª (U+43B)
(inputenc)                not set up for use with LaTeX.

See the inputenc package documentation for explanation.
Type  H <return>  for immediate help.
 ...                                              
                                                  
l.6 ...–∑–º–æ–∂–Ω–æ—Å—Ç—å —Ä–∞–±–æ—Ç—ã –≤ —Ä–µ–∞–ª
                                                  —å–Ω–æ–º –≤—Ä–µ–º–µ–Ω–∏ –Ω...

You may provide a definition with
\DeclareUnicodeCharacter 


! Package inputenc Error: Unicode character —å (U+44C)
(inputenc)                not set up for use with LaTeX.

See the inputenc package documentation for explanation.
Type  H <return>  for immediate help.
 ...                                              
                                                  
l.6 ...–º–æ–∂–Ω–æ—Å—Ç—å —Ä–∞–±–æ—Ç—ã –≤ —Ä–µ–∞–ª—å
                                                  –Ω–æ–º –≤—Ä–µ–º–µ–Ω–∏ –Ω–µ...

You may provide a definition with
\DeclareUnicodeCharacter 


! Package inputenc Error: Unicode character –Ω (U+43D)
(inputenc)                not set up for use with LaTeX.

See the inputenc package documentation for explanation.
Type  H <return>  for immediate help.
 ...                                              
                                                  
l.6 ...–æ–∂–Ω–æ—Å—Ç—å —Ä–∞–±–æ—Ç—ã –≤ —Ä–µ–∞–ª—å–Ω
                                                  –æ–º –≤—Ä–µ–º–µ–Ω–∏ –Ω–µ —...

You may provide a definition with
\DeclareUnicodeCharacter 


! Package inputenc Error: Unicode character –æ (U+43E)
(inputenc)                not set up for use with LaTeX.

See the inputenc package documentation for explanation.
Type  H <return>  for immediate help.
 ...                                              
                                                  
l.6 ...–∂–Ω–æ—Å—Ç—å —Ä–∞–±–æ—Ç—ã –≤ —Ä–µ–∞–ª—å–Ω–æ
                                                  –º –≤—Ä–µ–º–µ–Ω–∏ –Ω–µ —Ç—...

You may provide a definition with
\DeclareUnicodeCharacter 


! Package inputenc Error: Unicode character –º (U+43C)
(inputenc)                not set up for use with LaTeX.

See the inputenc package documentation for explanation.
Type  H <return>  for immediate help.
 ...                                              
                                                  
l.6 ...–Ω–æ—Å—Ç—å —Ä–∞–±–æ—Ç—ã –≤ —Ä–µ–∞–ª—å–Ω–æ–º
                                                   –≤—Ä–µ–º–µ–Ω–∏ –Ω–µ —Ç—Ä–...

You may provide a definition with
\DeclareUnicodeCharacter 


! Package inputenc Error: Unicode character –≤ (U+432)
(inputenc)                not set up for use with LaTeX.

See the inputenc package documentation for explanation.
Type  H <return>  for immediate help.
 ...                                              
                                                  
l.6 ...æ—Å—Ç—å —Ä–∞–±–æ—Ç—ã –≤ —Ä–µ–∞–ª—å–Ω–æ–º –≤
                                                  —Ä–µ–º–µ–Ω–∏ –Ω–µ —Ç—Ä–µ–±...
(That makes 100 errors; please try again.) 
Here is how much of TeX's memory you used:
 38 strings out of 492649
 507 string characters out of 6133384
 56796 words of memory out of 5000000
 4020 multiletter control sequences out of 15000+600000
 3640 words of font info for 14 fonts, out of 8000000 for 9000
 1141 hyphenation exceptions out of 8191
 10i,1n,10p,283b,71s stack positions out of 5000i,500n,10000p,200000b,80000s

!  ==> Fatal error occurred, no output PDF file produced!
