This is pdfTeX, Version 3.14159265-2.6-1.40.19 (TeX Live 2018/W32TeX) (preloaded format=pdflatex 2018.5.8)  14 MAY 2018 18:42
entering extended mode
 restricted \write18 enabled.
 %&-line parsing enabled.
**task.tex
(./task.tex
LaTeX2e <2018-04-01> patch level 4
Babel <3.20> and hyphenation patterns for 84 language(s) loaded.
! Undefined control sequence.
l.1 \section
            {–ü–æ—Å—Ç–∞–Ω–æ–≤–∫–∞ –∑–∞–¥–∞—á–∏}
The control sequence at the end of the top line
of your error message was never \def'ed. If you have
misspelled it (e.g., `\hobx'), type `I' and the correct
spelling (e.g., `I\hbox'). Otherwise just continue,
and I'll forget about whatever was undefined.


! Package inputenc Error: Unicode character –ü (U+41F)
(inputenc)                not set up for use with LaTeX.

See the inputenc package documentation for explanation.
Type  H <return>  for immediate help.
 ...                                              
                                                  
l.1 \section{–ü
               –æ—Å—Ç–∞–Ω–æ–≤–∫–∞ –∑–∞–¥–∞—á–∏}
You may provide a definition with
\DeclareUnicodeCharacter 


! Package inputenc Error: Unicode character –æ (U+43E)
(inputenc)                not set up for use with LaTeX.

See the inputenc package documentation for explanation.
Type  H <return>  for immediate help.
 ...                                              
                                                  
l.1 \section{–ü–æ
                 —Å—Ç–∞–Ω–æ–≤–∫–∞ –∑–∞–¥–∞—á–∏}
You may provide a definition with
\DeclareUnicodeCharacter 


! Package inputenc Error: Unicode character —Å (U+441)
(inputenc)                not set up for use with LaTeX.

See the inputenc package documentation for explanation.
Type  H <return>  for immediate help.
 ...                                              
                                                  
l.1 \section{–ü–æ—Å
                   —Ç–∞–Ω–æ–≤–∫–∞ –∑–∞–¥–∞—á–∏}
You may provide a definition with
\DeclareUnicodeCharacter 


! Package inputenc Error: Unicode character —Ç (U+442)
(inputenc)                not set up for use with LaTeX.

See the inputenc package documentation for explanation.
Type  H <return>  for immediate help.
 ...                                              
                                                  
l.1 \section{–ü–æ—Å—Ç
                     –∞–Ω–æ–≤–∫–∞ –∑–∞–¥–∞—á–∏}
You may provide a definition with
\DeclareUnicodeCharacter 


! Package inputenc Error: Unicode character –∞ (U+430)
(inputenc)                not set up for use with LaTeX.

See the inputenc package documentation for explanation.
Type  H <return>  for immediate help.
 ...                                              
                                                  
l.1 \section{–ü–æ—Å—Ç–∞
                       –Ω–æ–≤–∫–∞ –∑–∞–¥–∞—á–∏}
You may provide a definition with
\DeclareUnicodeCharacter 


! Package inputenc Error: Unicode character –Ω (U+43D)
(inputenc)                not set up for use with LaTeX.

See the inputenc package documentation for explanation.
Type  H <return>  for immediate help.
 ...                                              
                                                  
l.1 \section{–ü–æ—Å—Ç–∞–Ω
                         –æ–≤–∫–∞ –∑–∞–¥–∞—á–∏}
You may provide a definition with
\DeclareUnicodeCharacter 


! Package inputenc Error: Unicode character –æ (U+43E)
(inputenc)                not set up for use with LaTeX.

See the inputenc package documentation for explanation.
Type  H <return>  for immediate help.
 ...                                              
                                                  
l.1 \section{–ü–æ—Å—Ç–∞–Ω–æ
                           –≤–∫–∞ –∑–∞–¥–∞—á–∏}
You may provide a definition with
\DeclareUnicodeCharacter 


! Package inputenc Error: Unicode character –≤ (U+432)
(inputenc)                not set up for use with LaTeX.

See the inputenc package documentation for explanation.
Type  H <return>  for immediate help.
 ...                                              
                                                  
l.1 \section{–ü–æ—Å—Ç–∞–Ω–æ–≤
                             –∫–∞ –∑–∞–¥–∞—á–∏}
You may provide a definition with
\DeclareUnicodeCharacter 


! Package inputenc Error: Unicode character –∫ (U+43A)
(inputenc)                not set up for use with LaTeX.

See the inputenc package documentation for explanation.
Type  H <return>  for immediate help.
 ...                                              
                                                  
l.1 \section{–ü–æ—Å—Ç–∞–Ω–æ–≤–∫
                               –∞ –∑–∞–¥–∞—á–∏}
You may provide a definition with
\DeclareUnicodeCharacter 


! Package inputenc Error: Unicode character –∞ (U+430)
(inputenc)                not set up for use with LaTeX.

See the inputenc package documentation for explanation.
Type  H <return>  for immediate help.
 ...                                              
                                                  
l.1 \section{–ü–æ—Å—Ç–∞–Ω–æ–≤–∫–∞
                                  –∑–∞–¥–∞—á–∏}
You may provide a definition with
\DeclareUnicodeCharacter 


! Package inputenc Error: Unicode character –∑ (U+437)
(inputenc)                not set up for use with LaTeX.

See the inputenc package documentation for explanation.
Type  H <return>  for immediate help.
 ...                                              
                                                  
l.1 \section{–ü–æ—Å—Ç–∞–Ω–æ–≤–∫–∞ –∑
                                    –∞–¥–∞—á–∏}
You may provide a definition with
\DeclareUnicodeCharacter 


! Package inputenc Error: Unicode character –∞ (U+430)
(inputenc)                not set up for use with LaTeX.

See the inputenc package documentation for explanation.
Type  H <return>  for immediate help.
 ...                                              
                                                  
l.1 \section{–ü–æ—Å—Ç–∞–Ω–æ–≤–∫–∞ –∑–∞
                                      –¥–∞—á–∏}
You may provide a definition with
\DeclareUnicodeCharacter 


! Package inputenc Error: Unicode character –¥ (U+434)
(inputenc)                not set up for use with LaTeX.

See the inputenc package documentation for explanation.
Type  H <return>  for immediate help.
 ...                                              
                                                  
l.1 \section{–ü–æ—Å—Ç–∞–Ω–æ–≤–∫–∞ –∑–∞–¥
                                        –∞—á–∏}
You may provide a definition with
\DeclareUnicodeCharacter 


! Package inputenc Error: Unicode character –∞ (U+430)
(inputenc)                not set up for use with LaTeX.

See the inputenc package documentation for explanation.
Type  H <return>  for immediate help.
 ...                                              
                                                  
l.1 \section{–ü–æ—Å—Ç–∞–Ω–æ–≤–∫–∞ –∑–∞–¥–∞
                                          —á–∏}
You may provide a definition with
\DeclareUnicodeCharacter 


! Package inputenc Error: Unicode character —á (U+447)
(inputenc)                not set up for use with LaTeX.

See the inputenc package documentation for explanation.
Type  H <return>  for immediate help.
 ...                                              
                                                  
l.1 \section{–ü–æ—Å—Ç–∞–Ω–æ–≤–∫–∞ –∑–∞–¥–∞—á
                                            –∏}
You may provide a definition with
\DeclareUnicodeCharacter 


! Package inputenc Error: Unicode character –∏ (U+438)
(inputenc)                not set up for use with LaTeX.

See the inputenc package documentation for explanation.
Type  H <return>  for immediate help.
 ...                                              
                                                  
l.1 \section{–ü–æ—Å—Ç–∞–Ω–æ–≤–∫–∞ –∑–∞–¥–∞—á–∏
                                              }
You may provide a definition with
\DeclareUnicodeCharacter 


! Package inputenc Error: Unicode character –í (U+412)
(inputenc)                not set up for use with LaTeX.

See the inputenc package documentation for explanation.
Type  H <return>  for immediate help.
 ...                                              
                                                  
l.4 –í
       –∫–∞—á–µ—Å—Ç–≤–µ –≤—Ö–æ–¥–Ω—ã—Ö –¥–∞–Ω–Ω—ã—Ö –∏–º–µ–µ—Ç—Å—è –≥–µ–æ–≥—...

You may provide a definition with
\DeclareUnicodeCharacter 


! Package inputenc Error: Unicode character –∫ (U+43A)
(inputenc)                not set up for use with LaTeX.

See the inputenc package documentation for explanation.
Type  H <return>  for immediate help.
 ...                                              
                                                  
l.4 –í –∫
         –∞—á–µ—Å—Ç–≤–µ –≤—Ö–æ–¥–Ω—ã—Ö –¥–∞–Ω–Ω—ã—Ö –∏–º–µ–µ—Ç—Å—è –≥–µ–æ–≥—...

You may provide a definition with
\DeclareUnicodeCharacter 


! Package inputenc Error: Unicode character –∞ (U+430)
(inputenc)                not set up for use with LaTeX.

See the inputenc package documentation for explanation.
Type  H <return>  for immediate help.
 ...                                              
                                                  
l.4 –í –∫–∞
           —á–µ—Å—Ç–≤–µ –≤—Ö–æ–¥–Ω—ã—Ö –¥–∞–Ω–Ω—ã—Ö –∏–º–µ–µ—Ç—Å—è –≥–µ–æ–≥—...

You may provide a definition with
\DeclareUnicodeCharacter 


! Package inputenc Error: Unicode character —á (U+447)
(inputenc)                not set up for use with LaTeX.

See the inputenc package documentation for explanation.
Type  H <return>  for immediate help.
 ...                                              
                                                  
l.4 –í –∫–∞—á
             –µ—Å—Ç–≤–µ –≤—Ö–æ–¥–Ω—ã—Ö –¥–∞–Ω–Ω—ã—Ö –∏–º–µ–µ—Ç—Å—è –≥–µ–æ–≥—...

You may provide a definition with
\DeclareUnicodeCharacter 


! Package inputenc Error: Unicode character –µ (U+435)
(inputenc)                not set up for use with LaTeX.

See the inputenc package documentation for explanation.
Type  H <return>  for immediate help.
 ...                                              
                                                  
l.4 –í –∫–∞—á–µ
               —Å—Ç–≤–µ –≤—Ö–æ–¥–Ω—ã—Ö –¥–∞–Ω–Ω—ã—Ö –∏–º–µ–µ—Ç—Å—è –≥–µ–æ–≥—...

You may provide a definition with
\DeclareUnicodeCharacter 


! Package inputenc Error: Unicode character —Å (U+441)
(inputenc)                not set up for use with LaTeX.

See the inputenc package documentation for explanation.
Type  H <return>  for immediate help.
 ...                                              
                                                  
l.4 –í –∫–∞—á–µ—Å
                 —Ç–≤–µ –≤—Ö–æ–¥–Ω—ã—Ö –¥–∞–Ω–Ω—ã—Ö –∏–º–µ–µ—Ç—Å—è –≥–µ–æ–≥—...

You may provide a definition with
\DeclareUnicodeCharacter 


! Package inputenc Error: Unicode character —Ç (U+442)
(inputenc)                not set up for use with LaTeX.

See the inputenc package documentation for explanation.
Type  H <return>  for immediate help.
 ...                                              
                                                  
l.4 –í –∫–∞—á–µ—Å—Ç
                   –≤–µ –≤—Ö–æ–¥–Ω—ã—Ö –¥–∞–Ω–Ω—ã—Ö –∏–º–µ–µ—Ç—Å—è –≥–µ–æ–≥—...

You may provide a definition with
\DeclareUnicodeCharacter 


! Package inputenc Error: Unicode character –≤ (U+432)
(inputenc)                not set up for use with LaTeX.

See the inputenc package documentation for explanation.
Type  H <return>  for immediate help.
 ...                                              
                                                  
l.4 –í –∫–∞—á–µ—Å—Ç–≤
                     –µ –≤—Ö–æ–¥–Ω—ã—Ö –¥–∞–Ω–Ω—ã—Ö –∏–º–µ–µ—Ç—Å—è –≥–µ–æ–≥—...

You may provide a definition with
\DeclareUnicodeCharacter 


! Package inputenc Error: Unicode character –µ (U+435)
(inputenc)                not set up for use with LaTeX.

See the inputenc package documentation for explanation.
Type  H <return>  for immediate help.
 ...                                              
                                                  
l.4 –í –∫–∞—á–µ—Å—Ç–≤–µ
                        –≤—Ö–æ–¥–Ω—ã—Ö –¥–∞–Ω–Ω—ã—Ö –∏–º–µ–µ—Ç—Å—è –≥–µ–æ–≥—...

You may provide a definition with
\DeclareUnicodeCharacter 


! Package inputenc Error: Unicode character –≤ (U+432)
(inputenc)                not set up for use with LaTeX.

See the inputenc package documentation for explanation.
Type  H <return>  for immediate help.
 ...                                              
                                                  
l.4 –í –∫–∞—á–µ—Å—Ç–≤–µ –≤
                          —Ö–æ–¥–Ω—ã—Ö –¥–∞–Ω–Ω—ã—Ö –∏–º–µ–µ—Ç—Å—è –≥–µ–æ–≥—...

You may provide a definition with
\DeclareUnicodeCharacter 


! Package inputenc Error: Unicode character —Ö (U+445)
(inputenc)                not set up for use with LaTeX.

See the inputenc package documentation for explanation.
Type  H <return>  for immediate help.
 ...                                              
                                                  
l.4 –í –∫–∞—á–µ—Å—Ç–≤–µ –≤—Ö
                            –æ–¥–Ω—ã—Ö –¥–∞–Ω–Ω—ã—Ö –∏–º–µ–µ—Ç—Å—è –≥–µ–æ–≥—...

You may provide a definition with
\DeclareUnicodeCharacter 


! Package inputenc Error: Unicode character –æ (U+43E)
(inputenc)                not set up for use with LaTeX.

See the inputenc package documentation for explanation.
Type  H <return>  for immediate help.
 ...                                              
                                                  
l.4 –í –∫–∞—á–µ—Å—Ç–≤–µ –≤—Ö–æ
                              –¥–Ω—ã—Ö –¥–∞–Ω–Ω—ã—Ö –∏–º–µ–µ—Ç—Å—è –≥–µ–æ–≥—...

You may provide a definition with
\DeclareUnicodeCharacter 


! Package inputenc Error: Unicode character –¥ (U+434)
(inputenc)                not set up for use with LaTeX.

See the inputenc package documentation for explanation.
Type  H <return>  for immediate help.
 ...                                              
                                                  
l.4 –í –∫–∞—á–µ—Å—Ç–≤–µ –≤—Ö–æ–¥
                                –Ω—ã—Ö –¥–∞–Ω–Ω—ã—Ö –∏–º–µ–µ—Ç—Å—è –≥–µ–æ–≥—...

You may provide a definition with
\DeclareUnicodeCharacter 


! Package inputenc Error: Unicode character –Ω (U+43D)
(inputenc)                not set up for use with LaTeX.

See the inputenc package documentation for explanation.
Type  H <return>  for immediate help.
 ...                                              
                                                  
l.4 –í –∫–∞—á–µ—Å—Ç–≤–µ –≤—Ö–æ–¥–Ω
                                  —ã—Ö –¥–∞–Ω–Ω—ã—Ö –∏–º–µ–µ—Ç—Å—è –≥–µ–æ–≥—...

You may provide a definition with
\DeclareUnicodeCharacter 


! Package inputenc Error: Unicode character —ã (U+44B)
(inputenc)                not set up for use with LaTeX.

See the inputenc package documentation for explanation.
Type  H <return>  for immediate help.
 ...                                              
                                                  
l.4 –í –∫–∞—á–µ—Å—Ç–≤–µ –≤—Ö–æ–¥–Ω—ã
                                    —Ö –¥–∞–Ω–Ω—ã—Ö –∏–º–µ–µ—Ç—Å—è –≥–µ–æ–≥—...

You may provide a definition with
\DeclareUnicodeCharacter 


! Package inputenc Error: Unicode character —Ö (U+445)
(inputenc)                not set up for use with LaTeX.

See the inputenc package documentation for explanation.
Type  H <return>  for immediate help.
 ...                                              
                                                  
l.4 –í –∫–∞—á–µ—Å—Ç–≤–µ –≤—Ö–æ–¥–Ω—ã—Ö
                                       –¥–∞–Ω–Ω—ã—Ö –∏–º–µ–µ—Ç—Å—è –≥–µ–æ–≥—...

You may provide a definition with
\DeclareUnicodeCharacter 


! Package inputenc Error: Unicode character –¥ (U+434)
(inputenc)                not set up for use with LaTeX.

See the inputenc package documentation for explanation.
Type  H <return>  for immediate help.
 ...                                              
                                                  
l.4 –í –∫–∞—á–µ—Å—Ç–≤–µ –≤—Ö–æ–¥–Ω—ã—Ö –¥
                                         –∞–Ω–Ω—ã—Ö –∏–º–µ–µ—Ç—Å—è –≥–µ–æ–≥—...

You may provide a definition with
\DeclareUnicodeCharacter 


! Package inputenc Error: Unicode character –∞ (U+430)
(inputenc)                not set up for use with LaTeX.

See the inputenc package documentation for explanation.
Type  H <return>  for immediate help.
 ...                                              
                                                  
l.4 –í –∫–∞—á–µ—Å—Ç–≤–µ –≤—Ö–æ–¥–Ω—ã—Ö –¥–∞
                                           –Ω–Ω—ã—Ö –∏–º–µ–µ—Ç—Å—è –≥–µ–æ–≥—...

You may provide a definition with
\DeclareUnicodeCharacter 


! Package inputenc Error: Unicode character –Ω (U+43D)
(inputenc)                not set up for use with LaTeX.

See the inputenc package documentation for explanation.
Type  H <return>  for immediate help.
 ...                                              
                                                  
l.4 –í –∫–∞—á–µ—Å—Ç–≤–µ –≤—Ö–æ–¥–Ω—ã—Ö –¥–∞–Ω
                                             –Ω—ã—Ö –∏–º–µ–µ—Ç—Å—è –≥–µ–æ–≥—...

You may provide a definition with
\DeclareUnicodeCharacter 


! Package inputenc Error: Unicode character –Ω (U+43D)
(inputenc)                not set up for use with LaTeX.

See the inputenc package documentation for explanation.
Type  H <return>  for immediate help.
 ...                                              
                                                  
l.4 –í –∫–∞—á–µ—Å—Ç–≤–µ –≤—Ö–æ–¥–Ω—ã—Ö –¥–∞–Ω–Ω
                                               —ã—Ö –∏–º–µ–µ—Ç—Å—è –≥–µ–æ–≥—...

You may provide a definition with
\DeclareUnicodeCharacter 


! Package inputenc Error: Unicode character —ã (U+44B)
(inputenc)                not set up for use with LaTeX.

See the inputenc package documentation for explanation.
Type  H <return>  for immediate help.
 ...                                              
                                                  
l.4 –í –∫–∞—á–µ—Å—Ç–≤–µ –≤—Ö–æ–¥–Ω—ã—Ö –¥–∞–Ω–Ω—ã
                                                 —Ö –∏–º–µ–µ—Ç—Å—è –≥–µ–æ–≥—...

You may provide a definition with
\DeclareUnicodeCharacter 


! Package inputenc Error: Unicode character —Ö (U+445)
(inputenc)                not set up for use with LaTeX.

See the inputenc package documentation for explanation.
Type  H <return>  for immediate help.
 ...                                              
                                                  
l.4 ...∫–∞—á–µ—Å—Ç–≤–µ –≤—Ö–æ–¥–Ω—ã—Ö –¥–∞–Ω–Ω—ã—Ö
                                                   –∏–º–µ–µ—Ç—Å—è –≥–µ–æ–≥—Ä...

You may provide a definition with
\DeclareUnicodeCharacter 


! Package inputenc Error: Unicode character –∏ (U+438)
(inputenc)                not set up for use with LaTeX.

See the inputenc package documentation for explanation.
Type  H <return>  for immediate help.
 ...                                              
                                                  
l.4 ...—á–µ—Å—Ç–≤–µ –≤—Ö–æ–¥–Ω—ã—Ö –¥–∞–Ω–Ω—ã—Ö –∏
                                                  –º–µ–µ—Ç—Å—è –≥–µ–æ–≥—Ä–∞—...

You may provide a definition with
\DeclareUnicodeCharacter 


! Package inputenc Error: Unicode character –º (U+43C)
(inputenc)                not set up for use with LaTeX.

See the inputenc package documentation for explanation.
Type  H <return>  for immediate help.
 ...                                              
                                                  
l.4 ...–µ—Å—Ç–≤–µ –≤—Ö–æ–¥–Ω—ã—Ö –¥–∞–Ω–Ω—ã—Ö –∏–º
                                                  –µ–µ—Ç—Å—è –≥–µ–æ–≥—Ä–∞—Ñ–...

You may provide a definition with
\DeclareUnicodeCharacter 


! Package inputenc Error: Unicode character –µ (U+435)
(inputenc)                not set up for use with LaTeX.

See the inputenc package documentation for explanation.
Type  H <return>  for immediate help.
 ...                                              
                                                  
l.4 ...—Å—Ç–≤–µ –≤—Ö–æ–¥–Ω—ã—Ö –¥–∞–Ω–Ω—ã—Ö –∏–º–µ
                                                  –µ—Ç—Å—è –≥–µ–æ–≥—Ä–∞—Ñ–∏—...

You may provide a definition with
\DeclareUnicodeCharacter 


! Package inputenc Error: Unicode character –µ (U+435)
(inputenc)                not set up for use with LaTeX.

See the inputenc package documentation for explanation.
Type  H <return>  for immediate help.
 ...                                              
                                                  
l.4 ...—Ç–≤–µ –≤—Ö–æ–¥–Ω—ã—Ö –¥–∞–Ω–Ω—ã—Ö –∏–º–µ–µ
                                                  —Ç—Å—è –≥–µ–æ–≥—Ä–∞—Ñ–∏—á–...

You may provide a definition with
\DeclareUnicodeCharacter 


! Package inputenc Error: Unicode character —Ç (U+442)
(inputenc)                not set up for use with LaTeX.

See the inputenc package documentation for explanation.
Type  H <return>  for immediate help.
 ...                                              
                                                  
l.4 ...–≤–µ –≤—Ö–æ–¥–Ω—ã—Ö –¥–∞–Ω–Ω—ã—Ö –∏–º–µ–µ—Ç
                                                  —Å—è –≥–µ–æ–≥—Ä–∞—Ñ–∏—á–µ—...

You may provide a definition with
\DeclareUnicodeCharacter 


! Package inputenc Error: Unicode character —Å (U+441)
(inputenc)                not set up for use with LaTeX.

See the inputenc package documentation for explanation.
Type  H <return>  for immediate help.
 ...                                              
                                                  
l.4 ...–µ –≤—Ö–æ–¥–Ω—ã—Ö –¥–∞–Ω–Ω—ã—Ö –∏–º–µ–µ—Ç—Å
                                                  —è –≥–µ–æ–≥—Ä–∞—Ñ–∏—á–µ—Å–...

You may provide a definition with
\DeclareUnicodeCharacter 


! Package inputenc Error: Unicode character —è (U+44F)
(inputenc)                not set up for use with LaTeX.

See the inputenc package documentation for explanation.
Type  H <return>  for immediate help.
 ...                                              
                                                  
l.4 ... –≤—Ö–æ–¥–Ω—ã—Ö –¥–∞–Ω–Ω—ã—Ö –∏–º–µ–µ—Ç—Å—è
                                                   –≥–µ–æ–≥—Ä–∞—Ñ–∏—á–µ—Å–∫–...

You may provide a definition with
\DeclareUnicodeCharacter 


! Package inputenc Error: Unicode character –≥ (U+433)
(inputenc)                not set up for use with LaTeX.

See the inputenc package documentation for explanation.
Type  H <return>  for immediate help.
 ...                                              
                                                  
l.4 ...—Ö–æ–¥–Ω—ã—Ö –¥–∞–Ω–Ω—ã—Ö –∏–º–µ–µ—Ç—Å—è –≥
                                                  –µ–æ–≥—Ä–∞—Ñ–∏—á–µ—Å–∫–∞—è...

You may provide a definition with
\DeclareUnicodeCharacter 


! Package inputenc Error: Unicode character –µ (U+435)
(inputenc)                not set up for use with LaTeX.

See the inputenc package documentation for explanation.
Type  H <return>  for immediate help.
 ...                                              
                                                  
l.4 ...–æ–¥–Ω—ã—Ö –¥–∞–Ω–Ω—ã—Ö –∏–º–µ–µ—Ç—Å—è –≥–µ
                                                  –æ–≥—Ä–∞—Ñ–∏—á–µ—Å–∫–∞—è –...

You may provide a definition with
\DeclareUnicodeCharacter 


! Package inputenc Error: Unicode character –æ (U+43E)
(inputenc)                not set up for use with LaTeX.

See the inputenc package documentation for explanation.
Type  H <return>  for immediate help.
 ...                                              
                                                  
l.4 ...–¥–Ω—ã—Ö –¥–∞–Ω–Ω—ã—Ö –∏–º–µ–µ—Ç—Å—è –≥–µ–æ
                                                  –≥—Ä–∞—Ñ–∏—á–µ—Å–∫–∞—è –∫–...

You may provide a definition with
\DeclareUnicodeCharacter 


! Package inputenc Error: Unicode character –≥ (U+433)
(inputenc)                not set up for use with LaTeX.

See the inputenc package documentation for explanation.
Type  H <return>  for immediate help.
 ...                                              
                                                  
l.4 ...–Ω—ã—Ö –¥–∞–Ω–Ω—ã—Ö –∏–º–µ–µ—Ç—Å—è –≥–µ–æ–≥
                                                  —Ä–∞—Ñ–∏—á–µ—Å–∫–∞—è –∫–∞—...

You may provide a definition with
\DeclareUnicodeCharacter 


! Package inputenc Error: Unicode character —Ä (U+440)
(inputenc)                not set up for use with LaTeX.

See the inputenc package documentation for explanation.
Type  H <return>  for immediate help.
 ...                                              
                                                  
l.4 ...—ã—Ö –¥–∞–Ω–Ω—ã—Ö –∏–º–µ–µ—Ç—Å—è –≥–µ–æ–≥—Ä
                                                  –∞—Ñ–∏—á–µ—Å–∫–∞—è –∫–∞—Ä—...

You may provide a definition with
\DeclareUnicodeCharacter 


! Package inputenc Error: Unicode character –∞ (U+430)
(inputenc)                not set up for use with LaTeX.

See the inputenc package documentation for explanation.
Type  H <return>  for immediate help.
 ...                                              
                                                  
l.4 ...—Ö –¥–∞–Ω–Ω—ã—Ö –∏–º–µ–µ—Ç—Å—è –≥–µ–æ–≥—Ä–∞
                                                  —Ñ–∏—á–µ—Å–∫–∞—è –∫–∞—Ä—Ç–...

You may provide a definition with
\DeclareUnicodeCharacter 


! Package inputenc Error: Unicode character —Ñ (U+444)
(inputenc)                not set up for use with LaTeX.

See the inputenc package documentation for explanation.
Type  H <return>  for immediate help.
 ...                                              
                                                  
l.4 ... –¥–∞–Ω–Ω—ã—Ö –∏–º–µ–µ—Ç—Å—è –≥–µ–æ–≥—Ä–∞—Ñ
                                                  –∏—á–µ—Å–∫–∞—è –∫–∞—Ä—Ç–∞,...

You may provide a definition with
\DeclareUnicodeCharacter 


! Package inputenc Error: Unicode character –∏ (U+438)
(inputenc)                not set up for use with LaTeX.

See the inputenc package documentation for explanation.
Type  H <return>  for immediate help.
 ...                                              
                                                  
l.4 ...¥–∞–Ω–Ω—ã—Ö –∏–º–µ–µ—Ç—Å—è –≥–µ–æ–≥—Ä–∞—Ñ–∏
                                                  —á–µ—Å–∫–∞—è –∫–∞—Ä—Ç–∞, –...

You may provide a definition with
\DeclareUnicodeCharacter 


! Package inputenc Error: Unicode character —á (U+447)
(inputenc)                not set up for use with LaTeX.

See the inputenc package documentation for explanation.
Type  H <return>  for immediate help.
 ...                                              
                                                  
l.4 ...∞–Ω–Ω—ã—Ö –∏–º–µ–µ—Ç—Å—è –≥–µ–æ–≥—Ä–∞—Ñ–∏—á
                                                  –µ—Å–∫–∞—è –∫–∞—Ä—Ç–∞, –∑–...

You may provide a definition with
\DeclareUnicodeCharacter 


! Package inputenc Error: Unicode character –µ (U+435)
(inputenc)                not set up for use with LaTeX.

See the inputenc package documentation for explanation.
Type  H <return>  for immediate help.
 ...                                              
                                                  
l.4 ...Ω–Ω—ã—Ö –∏–º–µ–µ—Ç—Å—è –≥–µ–æ–≥—Ä–∞—Ñ–∏—á–µ
                                                  —Å–∫–∞—è –∫–∞—Ä—Ç–∞, –∑–∞–...

You may provide a definition with
\DeclareUnicodeCharacter 


! Package inputenc Error: Unicode character —Å (U+441)
(inputenc)                not set up for use with LaTeX.

See the inputenc package documentation for explanation.
Type  H <return>  for immediate help.
 ...                                              
                                                  
l.4 ...Ω—ã—Ö –∏–º–µ–µ—Ç—Å—è –≥–µ–æ–≥—Ä–∞—Ñ–∏—á–µ—Å
                                                  –∫–∞—è –∫–∞—Ä—Ç–∞, –∑–∞–∫–...

You may provide a definition with
\DeclareUnicodeCharacter 


! Package inputenc Error: Unicode character –∫ (U+43A)
(inputenc)                not set up for use with LaTeX.

See the inputenc package documentation for explanation.
Type  H <return>  for immediate help.
 ...                                              
                                                  
l.4 ...ã—Ö –∏–º–µ–µ—Ç—Å—è –≥–µ–æ–≥—Ä–∞—Ñ–∏—á–µ—Å–∫
                                                  –∞—è –∫–∞—Ä—Ç–∞, –∑–∞–∫–æ–...

You may provide a definition with
\DeclareUnicodeCharacter 


! Package inputenc Error: Unicode character –∞ (U+430)
(inputenc)                not set up for use with LaTeX.

See the inputenc package documentation for explanation.
Type  H <return>  for immediate help.
 ...                                              
                                                  
l.4 ...Ö –∏–º–µ–µ—Ç—Å—è –≥–µ–æ–≥—Ä–∞—Ñ–∏—á–µ—Å–∫–∞
                                                  —è –∫–∞—Ä—Ç–∞, –∑–∞–∫–æ–¥–...

You may provide a definition with
\DeclareUnicodeCharacter 


! Package inputenc Error: Unicode character —è (U+44F)
(inputenc)                not set up for use with LaTeX.

See the inputenc package documentation for explanation.
Type  H <return>  for immediate help.
 ...                                              
                                                  
l.4 ...–∏–º–µ–µ—Ç—Å—è –≥–µ–æ–≥—Ä–∞—Ñ–∏—á–µ—Å–∫–∞—è
                                                   –∫–∞—Ä—Ç–∞, –∑–∞–∫–æ–¥–∏—...

You may provide a definition with
\DeclareUnicodeCharacter 


! Package inputenc Error: Unicode character –∫ (U+43A)
(inputenc)                not set up for use with LaTeX.

See the inputenc package documentation for explanation.
Type  H <return>  for immediate help.
 ...                                              
                                                  
l.4 ...º–µ–µ—Ç—Å—è –≥–µ–æ–≥—Ä–∞—Ñ–∏—á–µ—Å–∫–∞—è –∫
                                                  –∞—Ä—Ç–∞, –∑–∞–∫–æ–¥–∏—Ä–æ...

You may provide a definition with
\DeclareUnicodeCharacter 


! Package inputenc Error: Unicode character –∞ (U+430)
(inputenc)                not set up for use with LaTeX.

See the inputenc package documentation for explanation.
Type  H <return>  for immediate help.
 ...                                              
                                                  
l.4 ...µ–µ—Ç—Å—è –≥–µ–æ–≥—Ä–∞—Ñ–∏—á–µ—Å–∫–∞—è –∫–∞
                                                  —Ä—Ç–∞, –∑–∞–∫–æ–¥–∏—Ä–æ–≤...

You may provide a definition with
\DeclareUnicodeCharacter 


! Package inputenc Error: Unicode character —Ä (U+440)
(inputenc)                not set up for use with LaTeX.

See the inputenc package documentation for explanation.
Type  H <return>  for immediate help.
 ...                                              
                                                  
l.4 ...µ—Ç—Å—è –≥–µ–æ–≥—Ä–∞—Ñ–∏—á–µ—Å–∫–∞—è –∫–∞—Ä
                                                  —Ç–∞, –∑–∞–∫–æ–¥–∏—Ä–æ–≤–∞...

You may provide a definition with
\DeclareUnicodeCharacter 


! Package inputenc Error: Unicode character —Ç (U+442)
(inputenc)                not set up for use with LaTeX.

See the inputenc package documentation for explanation.
Type  H <return>  for immediate help.
 ...                                              
                                                  
l.4 ...Ç—Å—è –≥–µ–æ–≥—Ä–∞—Ñ–∏—á–µ—Å–∫–∞—è –∫–∞—Ä—Ç
                                                  –∞, –∑–∞–∫–æ–¥–∏—Ä–æ–≤–∞–Ω...

You may provide a definition with
\DeclareUnicodeCharacter 


! Package inputenc Error: Unicode character –∞ (U+430)
(inputenc)                not set up for use with LaTeX.

See the inputenc package documentation for explanation.
Type  H <return>  for immediate help.
 ...                                              
                                                  
l.4 ...Å—è –≥–µ–æ–≥—Ä–∞—Ñ–∏—á–µ—Å–∫–∞—è –∫–∞—Ä—Ç–∞
                                                  , –∑–∞–∫–æ–¥–∏—Ä–æ–≤–∞–Ω–Ω...

You may provide a definition with
\DeclareUnicodeCharacter 


! LaTeX Error: Missing \begin{document}.

See the LaTeX manual or LaTeX Companion for explanation.
Type  H <return>  for immediate help.
 ...                                              
                                                  
l.4 ...—è –≥–µ–æ–≥—Ä–∞—Ñ–∏—á–µ—Å–∫–∞—è –∫–∞—Ä—Ç–∞,
                                                   –∑–∞–∫–æ–¥–∏—Ä–æ–≤–∞–Ω–Ω–...

You're in trouble here.  Try typing  <return>  to proceed.
If that doesn't work, type  X <return>  to quit.

Missing character: There is no , in font nullfont!

! Package inputenc Error: Unicode character –∑ (U+437)
(inputenc)                not set up for use with LaTeX.

See the inputenc package documentation for explanation.
Type  H <return>  for immediate help.
 ...                                              
                                                  
l.4 ...–≥–µ–æ–≥—Ä–∞—Ñ–∏—á–µ—Å–∫–∞—è –∫–∞—Ä—Ç–∞, –∑
                                                  –∞–∫–æ–¥–∏—Ä–æ–≤–∞–Ω–Ω–∞—è...

You may provide a definition with
\DeclareUnicodeCharacter 


! Package inputenc Error: Unicode character –∞ (U+430)
(inputenc)                not set up for use with LaTeX.

See the inputenc package documentation for explanation.
Type  H <return>  for immediate help.
 ...                                              
                                                  
l.4 ...–µ–æ–≥—Ä–∞—Ñ–∏—á–µ—Å–∫–∞—è –∫–∞—Ä—Ç–∞, –∑–∞
                                                  –∫–æ–¥–∏—Ä–æ–≤–∞–Ω–Ω–∞—è –...

You may provide a definition with
\DeclareUnicodeCharacter 


! Package inputenc Error: Unicode character –∫ (U+43A)
(inputenc)                not set up for use with LaTeX.

See the inputenc package documentation for explanation.
Type  H <return>  for immediate help.
 ...                                              
                                                  
l.4 ...–æ–≥—Ä–∞—Ñ–∏—á–µ—Å–∫–∞—è –∫–∞—Ä—Ç–∞, –∑–∞–∫
                                                  –æ–¥–∏—Ä–æ–≤–∞–Ω–Ω–∞—è –ø–...

You may provide a definition with
\DeclareUnicodeCharacter 


! Package inputenc Error: Unicode character –æ (U+43E)
(inputenc)                not set up for use with LaTeX.

See the inputenc package documentation for explanation.
Type  H <return>  for immediate help.
 ...                                              
                                                  
l.4 ...–≥—Ä–∞—Ñ–∏—á–µ—Å–∫–∞—è –∫–∞—Ä—Ç–∞, –∑–∞–∫–æ
                                                  –¥–∏—Ä–æ–≤–∞–Ω–Ω–∞—è –ø–æ ...

You may provide a definition with
\DeclareUnicodeCharacter 


! Package inputenc Error: Unicode character –¥ (U+434)
(inputenc)                not set up for use with LaTeX.

See the inputenc package documentation for explanation.
Type  H <return>  for immediate help.
 ...                                              
                                                  
l.4 ...—Ä–∞—Ñ–∏—á–µ—Å–∫–∞—è –∫–∞—Ä—Ç–∞, –∑–∞–∫–æ–¥
                                                  –∏—Ä–æ–≤–∞–Ω–Ω–∞—è –ø–æ —Å...

You may provide a definition with
\DeclareUnicodeCharacter 


! Package inputenc Error: Unicode character –∏ (U+438)
(inputenc)                not set up for use with LaTeX.

See the inputenc package documentation for explanation.
Type  H <return>  for immediate help.
 ...                                              
                                                  
l.4 ...–∞—Ñ–∏—á–µ—Å–∫–∞—è –∫–∞—Ä—Ç–∞, –∑–∞–∫–æ–¥–∏
                                                  —Ä–æ–≤–∞–Ω–Ω–∞—è –ø–æ —Å—Ç...

You may provide a definition with
\DeclareUnicodeCharacter 


! Package inputenc Error: Unicode character —Ä (U+440)
(inputenc)                not set up for use with LaTeX.

See the inputenc package documentation for explanation.
Type  H <return>  for immediate help.
 ...                                              
                                                  
l.4 ...—Ñ–∏—á–µ—Å–∫–∞—è –∫–∞—Ä—Ç–∞, –∑–∞–∫–æ–¥–∏—Ä
                                                  –æ–≤–∞–Ω–Ω–∞—è –ø–æ —Å—Ç–∞...

You may provide a definition with
\DeclareUnicodeCharacter 


! Package inputenc Error: Unicode character –æ (U+43E)
(inputenc)                not set up for use with LaTeX.

See the inputenc package documentation for explanation.
Type  H <return>  for immediate help.
 ...                                              
                                                  
l.4 ...–∏—á–µ—Å–∫–∞—è –∫–∞—Ä—Ç–∞, –∑–∞–∫–æ–¥–∏—Ä–æ
                                                  –≤–∞–Ω–Ω–∞—è –ø–æ —Å—Ç–∞–Ω...

You may provide a definition with
\DeclareUnicodeCharacter 


! Package inputenc Error: Unicode character –≤ (U+432)
(inputenc)                not set up for use with LaTeX.

See the inputenc package documentation for explanation.
Type  H <return>  for immediate help.
 ...                                              
                                                  
l.4 ...—á–µ—Å–∫–∞—è –∫–∞—Ä—Ç–∞, –∑–∞–∫–æ–¥–∏—Ä–æ–≤
                                                  –∞–Ω–Ω–∞—è –ø–æ —Å—Ç–∞–Ω–¥...

You may provide a definition with
\DeclareUnicodeCharacter 


! Package inputenc Error: Unicode character –∞ (U+430)
(inputenc)                not set up for use with LaTeX.

See the inputenc package documentation for explanation.
Type  H <return>  for immediate help.
 ...                                              
                                                  
l.4 ...–µ—Å–∫–∞—è –∫–∞—Ä—Ç–∞, –∑–∞–∫–æ–¥–∏—Ä–æ–≤–∞
                                                  –Ω–Ω–∞—è –ø–æ —Å—Ç–∞–Ω–¥–∞...

You may provide a definition with
\DeclareUnicodeCharacter 


! Package inputenc Error: Unicode character –Ω (U+43D)
(inputenc)                not set up for use with LaTeX.

See the inputenc package documentation for explanation.
Type  H <return>  for immediate help.
 ...                                              
                                                  
l.4 ...—Å–∫–∞—è –∫–∞—Ä—Ç–∞, –∑–∞–∫–æ–¥–∏—Ä–æ–≤–∞–Ω
                                                  –Ω–∞—è –ø–æ —Å—Ç–∞–Ω–¥–∞—Ä...

You may provide a definition with
\DeclareUnicodeCharacter 


! Package inputenc Error: Unicode character –Ω (U+43D)
(inputenc)                not set up for use with LaTeX.

See the inputenc package documentation for explanation.
Type  H <return>  for immediate help.
 ...                                              
                                                  
l.4 ...–∫–∞—è –∫–∞—Ä—Ç–∞, –∑–∞–∫–æ–¥–∏—Ä–æ–≤–∞–Ω–Ω
                                                  –∞—è –ø–æ —Å—Ç–∞–Ω–¥–∞—Ä—Ç...

You may provide a definition with
\DeclareUnicodeCharacter 


! Package inputenc Error: Unicode character –∞ (U+430)
(inputenc)                not set up for use with LaTeX.

See the inputenc package documentation for explanation.
Type  H <return>  for immediate help.
 ...                                              
                                                  
l.4 ...–∞—è –∫–∞—Ä—Ç–∞, –∑–∞–∫–æ–¥–∏—Ä–æ–≤–∞–Ω–Ω–∞
                                                  —è –ø–æ —Å—Ç–∞–Ω–¥–∞—Ä—Ç—É...

You may provide a definition with
\DeclareUnicodeCharacter 


! Package inputenc Error: Unicode character —è (U+44F)
(inputenc)                not set up for use with LaTeX.

See the inputenc package documentation for explanation.
Type  H <return>  for immediate help.
 ...                                              
                                                  
l.4 ...—è –∫–∞—Ä—Ç–∞, –∑–∞–∫–æ–¥–∏—Ä–æ–≤–∞–Ω–Ω–∞—è
                                                   –ø–æ —Å—Ç–∞–Ω–¥–∞—Ä—Ç—É G...

You may provide a definition with
\DeclareUnicodeCharacter 


! Package inputenc Error: Unicode character –ø (U+43F)
(inputenc)                not set up for use with LaTeX.

See the inputenc package documentation for explanation.
Type  H <return>  for immediate help.
 ...                                              
                                                  
l.4 ...–∫–∞—Ä—Ç–∞, –∑–∞–∫–æ–¥–∏—Ä–æ–≤–∞–Ω–Ω–∞—è –ø
                                                  –æ —Å—Ç–∞–Ω–¥–∞—Ä—Ç—É Geog...

You may provide a definition with
\DeclareUnicodeCharacter 


! Package inputenc Error: Unicode character –æ (U+43E)
(inputenc)                not set up for use with LaTeX.

See the inputenc package documentation for explanation.
Type  H <return>  for immediate help.
 ...                                              
                                                  
l.4 ...–∞—Ä—Ç–∞, –∑–∞–∫–æ–¥–∏—Ä–æ–≤–∞–Ω–Ω–∞—è –ø–æ
                                                   —Å—Ç–∞–Ω–¥–∞—Ä—Ç—É Geogra...

You may provide a definition with
\DeclareUnicodeCharacter 


! Package inputenc Error: Unicode character —Å (U+441)
(inputenc)                not set up for use with LaTeX.

See the inputenc package documentation for explanation.
Type  H <return>  for immediate help.
 ...                                              
                                                  
l.4 ...Ä—Ç–∞, –∑–∞–∫–æ–¥–∏—Ä–æ–≤–∞–Ω–Ω–∞—è –ø–æ —Å
                                                  —Ç–∞–Ω–¥–∞—Ä—Ç—É Geography...

You may provide a definition with
\DeclareUnicodeCharacter 


! Package inputenc Error: Unicode character —Ç (U+442)
(inputenc)                not set up for use with LaTeX.

See the inputenc package documentation for explanation.
Type  H <return>  for immediate help.
 ...                                              
                                                  
l.4 ...Ç–∞, –∑–∞–∫–æ–¥–∏—Ä–æ–≤–∞–Ω–Ω–∞—è –ø–æ —Å—Ç
                                                  –∞–Ω–¥–∞—Ä—Ç—É Geography M...

You may provide a definition with
\DeclareUnicodeCharacter 


! Package inputenc Error: Unicode character –∞ (U+430)
(inputenc)                not set up for use with LaTeX.

See the inputenc package documentation for explanation.
Type  H <return>  for immediate help.
 ...                                              
                                                  
l.4 ...∞, –∑–∞–∫–æ–¥–∏—Ä–æ–≤–∞–Ω–Ω–∞—è –ø–æ —Å—Ç–∞
                                                  –Ω–¥–∞—Ä—Ç—É Geography Mar...

You may provide a definition with
\DeclareUnicodeCharacter 


! Package inputenc Error: Unicode character –Ω (U+43D)
(inputenc)                not set up for use with LaTeX.

See the inputenc package documentation for explanation.
Type  H <return>  for immediate help.
 ...                                              
                                                  
l.4 ... –∑–∞–∫–æ–¥–∏—Ä–æ–≤–∞–Ω–Ω–∞—è –ø–æ —Å—Ç–∞–Ω
                                                  –¥–∞—Ä—Ç—É Geography Marku...

You may provide a definition with
\DeclareUnicodeCharacter 


! Package inputenc Error: Unicode character –¥ (U+434)
(inputenc)                not set up for use with LaTeX.

See the inputenc package documentation for explanation.
Type  H <return>  for immediate help.
 ...                                              
                                                  
l.4 ...∑–∞–∫–æ–¥–∏—Ä–æ–≤–∞–Ω–Ω–∞—è –ø–æ —Å—Ç–∞–Ω–¥
                                                  –∞—Ä—Ç—É Geography Markup ...

You may provide a definition with
\DeclareUnicodeCharacter 


! Package inputenc Error: Unicode character –∞ (U+430)
(inputenc)                not set up for use with LaTeX.

See the inputenc package documentation for explanation.
Type  H <return>  for immediate help.
 ...                                              
                                                  
l.4 ...∞–∫–æ–¥–∏—Ä–æ–≤–∞–Ω–Ω–∞—è –ø–æ —Å—Ç–∞–Ω–¥–∞
                                                  —Ä—Ç—É Geography Markup La...

You may provide a definition with
\DeclareUnicodeCharacter 


! Package inputenc Error: Unicode character —Ä (U+440)
(inputenc)                not set up for use with LaTeX.

See the inputenc package documentation for explanation.
Type  H <return>  for immediate help.
 ...                                              
                                                  
l.4 ...∫–æ–¥–∏—Ä–æ–≤–∞–Ω–Ω–∞—è –ø–æ —Å—Ç–∞–Ω–¥–∞—Ä
                                                  —Ç—É Geography Markup Lang...

You may provide a definition with
\DeclareUnicodeCharacter 


! Package inputenc Error: Unicode character —Ç (U+442)
(inputenc)                not set up for use with LaTeX.

See the inputenc package documentation for explanation.
Type  H <return>  for immediate help.
 ...                                              
                                                  
l.4 ...æ–¥–∏—Ä–æ–≤–∞–Ω–Ω–∞—è –ø–æ —Å—Ç–∞–Ω–¥–∞—Ä—Ç
                                                  —É Geography Markup Langua...

You may provide a definition with
\DeclareUnicodeCharacter 


! Package inputenc Error: Unicode character —É (U+443)
(inputenc)                not set up for use with LaTeX.

See the inputenc package documentation for explanation.
Type  H <return>  for immediate help.
 ...                                              
                                                  
l.4 ...¥–∏—Ä–æ–≤–∞–Ω–Ω–∞—è –ø–æ —Å—Ç–∞–Ω–¥–∞—Ä—Ç—É
                                                   Geography Markup Language...

You may provide a definition with
\DeclareUnicodeCharacter 

Missing character: There is no G in font nullfont!
Missing character: There is no e in font nullfont!
Missing character: There is no o in font nullfont!
Missing character: There is no g in font nullfont!
Missing character: There is no r in font nullfont!
Missing character: There is no a in font nullfont!
Missing character: There is no p in font nullfont!
Missing character: There is no h in font nullfont!
Missing character: There is no y in font nullfont!
Missing character: There is no M in font nullfont!
Missing character: There is no a in font nullfont!
Missing character: There is no r in font nullfont!
Missing character: There is no k in font nullfont!
Missing character: There is no u in font nullfont!
Missing character: There is no p in font nullfont!
Missing character: There is no L in font nullfont!
Missing character: There is no a in font nullfont!
Missing character: There is no n in font nullfont!
Missing character: There is no g in font nullfont!
Missing character: There is no u in font nullfont!
Missing character: There is no a in font nullfont!
Missing character: There is no g in font nullfont!
Missing character: There is no e in font nullfont!
Missing character: There is no ( in font nullfont!
Missing character: There is no G in font nullfont!
Missing character: There is no M in font nullfont!
Missing character: There is no L in font nullfont!
Missing character: There is no ) in font nullfont!
Missing character: There is no . in font nullfont!

! Package inputenc Error: Unicode character –≠ (U+42D)
(inputenc)                not set up for use with LaTeX.

See the inputenc package documentation for explanation.
Type  H <return>  for immediate help.
 ...                                              
                                                  
l.4 ...∞—Ä—Ç—É Geography Markup Language (GML). –≠
                                                  —Ç–æ—Ç —Å—Ç–∞–Ω–¥–∞—Ä—Ç –ø...

You may provide a definition with
\DeclareUnicodeCharacter 


! Package inputenc Error: Unicode character —Ç (U+442)
(inputenc)                not set up for use with LaTeX.

See the inputenc package documentation for explanation.
Type  H <return>  for immediate help.
 ...                                              
                                                  
l.4 ...Ä—Ç—É Geography Markup Language (GML). –≠—Ç
                                                  –æ—Ç —Å—Ç–∞–Ω–¥–∞—Ä—Ç –ø—Ä...

You may provide a definition with
\DeclareUnicodeCharacter 


! Package inputenc Error: Unicode character –æ (U+43E)
(inputenc)                not set up for use with LaTeX.

See the inputenc package documentation for explanation.
Type  H <return>  for immediate help.
 ...                                              
                                                  
l.4 ...Ç—É Geography Markup Language (GML). –≠—Ç–æ
                                                  —Ç —Å—Ç–∞–Ω–¥–∞—Ä—Ç –ø—Ä–µ...

You may provide a definition with
\DeclareUnicodeCharacter 


! Package inputenc Error: Unicode character —Ç (U+442)
(inputenc)                not set up for use with LaTeX.

See the inputenc package documentation for explanation.
Type  H <return>  for immediate help.
 ...                                              
                                                  
l.4 ...É Geography Markup Language (GML). –≠—Ç–æ—Ç
                                                   —Å—Ç–∞–Ω–¥–∞—Ä—Ç –ø—Ä–µ–¥...

You may provide a definition with
\DeclareUnicodeCharacter 


! Package inputenc Error: Unicode character —Å (U+441)
(inputenc)                not set up for use with LaTeX.

See the inputenc package documentation for explanation.
Type  H <return>  for immediate help.
 ...                                              
                                                  
l.4 ...eography Markup Language (GML). –≠—Ç–æ—Ç —Å
                                                  —Ç–∞–Ω–¥–∞—Ä—Ç –ø—Ä–µ–¥–Ω–...

You may provide a definition with
\DeclareUnicodeCharacter 


! Package inputenc Error: Unicode character —Ç (U+442)
(inputenc)                not set up for use with LaTeX.

See the inputenc package documentation for explanation.
Type  H <return>  for immediate help.
 ...                                              
                                                  
l.4 ...graphy Markup Language (GML). –≠—Ç–æ—Ç —Å—Ç
                                                  –∞–Ω–¥–∞—Ä—Ç –ø—Ä–µ–¥–Ω–∞–...

You may provide a definition with
\DeclareUnicodeCharacter 


! Package inputenc Error: Unicode character –∞ (U+430)
(inputenc)                not set up for use with LaTeX.

See the inputenc package documentation for explanation.
Type  H <return>  for immediate help.
 ...                                              
                                                  
l.4 ...aphy Markup Language (GML). –≠—Ç–æ—Ç —Å—Ç–∞
                                                  –Ω–¥–∞—Ä—Ç –ø—Ä–µ–¥–Ω–∞–∑–...

You may provide a definition with
\DeclareUnicodeCharacter 


! Package inputenc Error: Unicode character –Ω (U+43D)
(inputenc)                not set up for use with LaTeX.

See the inputenc package documentation for explanation.
Type  H <return>  for immediate help.
 ...                                              
                                                  
l.4 ...hy Markup Language (GML). –≠—Ç–æ—Ç —Å—Ç–∞–Ω
                                                  –¥–∞—Ä—Ç –ø—Ä–µ–¥–Ω–∞–∑–Ω–...

You may provide a definition with
\DeclareUnicodeCharacter 


! Package inputenc Error: Unicode character –¥ (U+434)
(inputenc)                not set up for use with LaTeX.

See the inputenc package documentation for explanation.
Type  H <return>  for immediate help.
 ...                                              
                                                  
l.4 ... Markup Language (GML). –≠—Ç–æ—Ç —Å—Ç–∞–Ω–¥
                                                  –∞—Ä—Ç –ø—Ä–µ–¥–Ω–∞–∑–Ω–∞—...
(That makes 100 errors; please try again.) 
Here is how much of TeX's memory you used:
 30 strings out of 492649
 445 string characters out of 6133385
 56863 words of memory out of 5000000
 4012 multiletter control sequences out of 15000+600000
 3640 words of font info for 14 fonts, out of 8000000 for 9000
 1141 hyphenation exceptions out of 8191
 10i,0n,10p,560b,28s stack positions out of 5000i,500n,10000p,200000b,80000s

!  ==> Fatal error occurred, no output PDF file produced!
