This is pdfTeX, Version 3.14159265-2.6-1.40.19 (TeX Live 2018/W32TeX) (preloaded format=latex 2018.5.15)  16 MAY 2018 17:13
entering extended mode
 restricted \write18 enabled.
 %&-line parsing enabled.
**theory.tex
(./theory.tex
LaTeX2e <2018-04-01> patch level 4
! Undefined control sequence.
l.1 \section
            {–û–±—â–∞—è –º–µ—Ç–æ–¥–æ–ª–æ–≥–∏—è}
The control sequence at the end of the top line
of your error message was never \def'ed. If you have
misspelled it (e.g., `\hobx'), type `I' and the correct
spelling (e.g., `I\hbox'). Otherwise just continue,
and I'll forget about whatever was undefined.


! Package inputenc Error: Unicode character –û (U+41E)
(inputenc)                not set up for use with LaTeX.

See the inputenc package documentation for explanation.
Type  H <return>  for immediate help.
 ...                                              
                                                  
l.1 \section{–û
               –±—â–∞—è –º–µ—Ç–æ–¥–æ–ª–æ–≥–∏—è}
You may provide a definition with
\DeclareUnicodeCharacter 


! Package inputenc Error: Unicode character –± (U+431)
(inputenc)                not set up for use with LaTeX.

See the inputenc package documentation for explanation.
Type  H <return>  for immediate help.
 ...                                              
                                                  
l.1 \section{–û–±
                 —â–∞—è –º–µ—Ç–æ–¥–æ–ª–æ–≥–∏—è}
You may provide a definition with
\DeclareUnicodeCharacter 


! Package inputenc Error: Unicode character —â (U+449)
(inputenc)                not set up for use with LaTeX.

See the inputenc package documentation for explanation.
Type  H <return>  for immediate help.
 ...                                              
                                                  
l.1 \section{–û–±—â
                   –∞—è –º–µ—Ç–æ–¥–æ–ª–æ–≥–∏—è}
You may provide a definition with
\DeclareUnicodeCharacter 


! Package inputenc Error: Unicode character –∞ (U+430)
(inputenc)                not set up for use with LaTeX.

See the inputenc package documentation for explanation.
Type  H <return>  for immediate help.
 ...                                              
                                                  
l.1 \section{–û–±—â–∞
                     —è –º–µ—Ç–æ–¥–æ–ª–æ–≥–∏—è}
You may provide a definition with
\DeclareUnicodeCharacter 


! Package inputenc Error: Unicode character —è (U+44F)
(inputenc)                not set up for use with LaTeX.

See the inputenc package documentation for explanation.
Type  H <return>  for immediate help.
 ...                                              
                                                  
l.1 \section{–û–±—â–∞—è
                        –º–µ—Ç–æ–¥–æ–ª–æ–≥–∏—è}
You may provide a definition with
\DeclareUnicodeCharacter 


! Package inputenc Error: Unicode character –º (U+43C)
(inputenc)                not set up for use with LaTeX.

See the inputenc package documentation for explanation.
Type  H <return>  for immediate help.
 ...                                              
                                                  
l.1 \section{–û–±—â–∞—è –º
                          –µ—Ç–æ–¥–æ–ª–æ–≥–∏—è}
You may provide a definition with
\DeclareUnicodeCharacter 


! Package inputenc Error: Unicode character –µ (U+435)
(inputenc)                not set up for use with LaTeX.

See the inputenc package documentation for explanation.
Type  H <return>  for immediate help.
 ...                                              
                                                  
l.1 \section{–û–±—â–∞—è –º–µ
                            —Ç–æ–¥–æ–ª–æ–≥–∏—è}
You may provide a definition with
\DeclareUnicodeCharacter 


! Package inputenc Error: Unicode character —Ç (U+442)
(inputenc)                not set up for use with LaTeX.

See the inputenc package documentation for explanation.
Type  H <return>  for immediate help.
 ...                                              
                                                  
l.1 \section{–û–±—â–∞—è –º–µ—Ç
                              –æ–¥–æ–ª–æ–≥–∏—è}
You may provide a definition with
\DeclareUnicodeCharacter 


! Package inputenc Error: Unicode character –æ (U+43E)
(inputenc)                not set up for use with LaTeX.

See the inputenc package documentation for explanation.
Type  H <return>  for immediate help.
 ...                                              
                                                  
l.1 \section{–û–±—â–∞—è –º–µ—Ç–æ
                                –¥–æ–ª–æ–≥–∏—è}
You may provide a definition with
\DeclareUnicodeCharacter 


! Package inputenc Error: Unicode character –¥ (U+434)
(inputenc)                not set up for use with LaTeX.

See the inputenc package documentation for explanation.
Type  H <return>  for immediate help.
 ...                                              
                                                  
l.1 \section{–û–±—â–∞—è –º–µ—Ç–æ–¥
                                  –æ–ª–æ–≥–∏—è}
You may provide a definition with
\DeclareUnicodeCharacter 


! Package inputenc Error: Unicode character –æ (U+43E)
(inputenc)                not set up for use with LaTeX.

See the inputenc package documentation for explanation.
Type  H <return>  for immediate help.
 ...                                              
                                                  
l.1 \section{–û–±—â–∞—è –º–µ—Ç–æ–¥–æ
                                    –ª–æ–≥–∏—è}
You may provide a definition with
\DeclareUnicodeCharacter 


! Package inputenc Error: Unicode character –ª (U+43B)
(inputenc)                not set up for use with LaTeX.

See the inputenc package documentation for explanation.
Type  H <return>  for immediate help.
 ...                                              
                                                  
l.1 \section{–û–±—â–∞—è –º–µ—Ç–æ–¥–æ–ª
                                      –æ–≥–∏—è}
You may provide a definition with
\DeclareUnicodeCharacter 


! Package inputenc Error: Unicode character –æ (U+43E)
(inputenc)                not set up for use with LaTeX.

See the inputenc package documentation for explanation.
Type  H <return>  for immediate help.
 ...                                              
                                                  
l.1 \section{–û–±—â–∞—è –º–µ—Ç–æ–¥–æ–ª–æ
                                        –≥–∏—è}
You may provide a definition with
\DeclareUnicodeCharacter 


! Package inputenc Error: Unicode character –≥ (U+433)
(inputenc)                not set up for use with LaTeX.

See the inputenc package documentation for explanation.
Type  H <return>  for immediate help.
 ...                                              
                                                  
l.1 \section{–û–±—â–∞—è –º–µ—Ç–æ–¥–æ–ª–æ–≥
                                          –∏—è}
You may provide a definition with
\DeclareUnicodeCharacter 


! Package inputenc Error: Unicode character –∏ (U+438)
(inputenc)                not set up for use with LaTeX.

See the inputenc package documentation for explanation.
Type  H <return>  for immediate help.
 ...                                              
                                                  
l.1 \section{–û–±—â–∞—è –º–µ—Ç–æ–¥–æ–ª–æ–≥–∏
                                            —è}
You may provide a definition with
\DeclareUnicodeCharacter 


! Package inputenc Error: Unicode character —è (U+44F)
(inputenc)                not set up for use with LaTeX.

See the inputenc package documentation for explanation.
Type  H <return>  for immediate help.
 ...                                              
                                                  
l.1 \section{–û–±—â–∞—è –º–µ—Ç–æ–¥–æ–ª–æ–≥–∏—è
                                              }
You may provide a definition with
\DeclareUnicodeCharacter 

! Undefined control sequence.
l.4 \subsection
               {–¢—Ä–µ–±–æ–≤–∞–Ω–∏–µ 1}
The control sequence at the end of the top line
of your error message was never \def'ed. If you have
misspelled it (e.g., `\hobx'), type `I' and the correct
spelling (e.g., `I\hbox'). Otherwise just continue,
and I'll forget about whatever was undefined.


! Package inputenc Error: Unicode character –¢ (U+422)
(inputenc)                not set up for use with LaTeX.

See the inputenc package documentation for explanation.
Type  H <return>  for immediate help.
 ...                                              
                                                  
l.4 \subsection{–¢
                  —Ä–µ–±–æ–≤–∞–Ω–∏–µ 1}
You may provide a definition with
\DeclareUnicodeCharacter 


! Package inputenc Error: Unicode character —Ä (U+440)
(inputenc)                not set up for use with LaTeX.

See the inputenc package documentation for explanation.
Type  H <return>  for immediate help.
 ...                                              
                                                  
l.4 \subsection{–¢—Ä
                    –µ–±–æ–≤–∞–Ω–∏–µ 1}
You may provide a definition with
\DeclareUnicodeCharacter 


! Package inputenc Error: Unicode character –µ (U+435)
(inputenc)                not set up for use with LaTeX.

See the inputenc package documentation for explanation.
Type  H <return>  for immediate help.
 ...                                              
                                                  
l.4 \subsection{–¢—Ä–µ
                      –±–æ–≤–∞–Ω–∏–µ 1}
You may provide a definition with
\DeclareUnicodeCharacter 


! Package inputenc Error: Unicode character –± (U+431)
(inputenc)                not set up for use with LaTeX.

See the inputenc package documentation for explanation.
Type  H <return>  for immediate help.
 ...                                              
                                                  
l.4 \subsection{–¢—Ä–µ–±
                        –æ–≤–∞–Ω–∏–µ 1}
You may provide a definition with
\DeclareUnicodeCharacter 


! Package inputenc Error: Unicode character –æ (U+43E)
(inputenc)                not set up for use with LaTeX.

See the inputenc package documentation for explanation.
Type  H <return>  for immediate help.
 ...                                              
                                                  
l.4 \subsection{–¢—Ä–µ–±–æ
                          –≤–∞–Ω–∏–µ 1}
You may provide a definition with
\DeclareUnicodeCharacter 


! Package inputenc Error: Unicode character –≤ (U+432)
(inputenc)                not set up for use with LaTeX.

See the inputenc package documentation for explanation.
Type  H <return>  for immediate help.
 ...                                              
                                                  
l.4 \subsection{–¢—Ä–µ–±–æ–≤
                            –∞–Ω–∏–µ 1}
You may provide a definition with
\DeclareUnicodeCharacter 


! Package inputenc Error: Unicode character –∞ (U+430)
(inputenc)                not set up for use with LaTeX.

See the inputenc package documentation for explanation.
Type  H <return>  for immediate help.
 ...                                              
                                                  
l.4 \subsection{–¢—Ä–µ–±–æ–≤–∞
                              –Ω–∏–µ 1}
You may provide a definition with
\DeclareUnicodeCharacter 


! Package inputenc Error: Unicode character –Ω (U+43D)
(inputenc)                not set up for use with LaTeX.

See the inputenc package documentation for explanation.
Type  H <return>  for immediate help.
 ...                                              
                                                  
l.4 \subsection{–¢—Ä–µ–±–æ–≤–∞–Ω
                                –∏–µ 1}
You may provide a definition with
\DeclareUnicodeCharacter 


! Package inputenc Error: Unicode character –∏ (U+438)
(inputenc)                not set up for use with LaTeX.

See the inputenc package documentation for explanation.
Type  H <return>  for immediate help.
 ...                                              
                                                  
l.4 \subsection{–¢—Ä–µ–±–æ–≤–∞–Ω–∏
                                  –µ 1}
You may provide a definition with
\DeclareUnicodeCharacter 


! Package inputenc Error: Unicode character –µ (U+435)
(inputenc)                not set up for use with LaTeX.

See the inputenc package documentation for explanation.
Type  H <return>  for immediate help.
 ...                                              
                                                  
l.4 \subsection{–¢—Ä–µ–±–æ–≤–∞–Ω–∏–µ
                                     1}
You may provide a definition with
\DeclareUnicodeCharacter 


! LaTeX Error: Missing \begin{document}.

See the LaTeX manual or LaTeX Companion for explanation.
Type  H <return>  for immediate help.
 ...                                              
                                                  
l.4 \subsection{–¢—Ä–µ–±–æ–≤–∞–Ω–∏–µ 1
                                      }
You're in trouble here.  Try typing  <return>  to proceed.
If that doesn't work, type  X <return>  to quit.

Missing character: There is no 1 in font nullfont!

Overfull \hbox (20.0pt too wide) in paragraph at lines 4--6
[]
 []


! Package inputenc Error: Unicode character –§ (U+424)
(inputenc)                not set up for use with LaTeX.

See the inputenc package documentation for explanation.
Type  H <return>  for immediate help.
 ...                                              
                                                  
l.7 –§
      –æ—Ä–º—É–ª–∏—Ä–æ–≤–∫–∞ —Ç—Ä–µ–±–æ–≤–∞–Ω–∏—è: <<–û—Ç—Å—É—Ç—Å—Ç–≤—É—é—Ç ...

You may provide a definition with
\DeclareUnicodeCharacter 


! Package inputenc Error: Unicode character –æ (U+43E)
(inputenc)                not set up for use with LaTeX.

See the inputenc package documentation for explanation.
Type  H <return>  for immediate help.
 ...                                              
                                                  
l.7 –§–æ
        —Ä–º—É–ª–∏—Ä–æ–≤–∫–∞ —Ç—Ä–µ–±–æ–≤–∞–Ω–∏—è: <<–û—Ç—Å—É—Ç—Å—Ç–≤—É—é—Ç ...

You may provide a definition with
\DeclareUnicodeCharacter 


! Package inputenc Error: Unicode character —Ä (U+440)
(inputenc)                not set up for use with LaTeX.

See the inputenc package documentation for explanation.
Type  H <return>  for immediate help.
 ...                                              
                                                  
l.7 –§–æ—Ä
          –º—É–ª–∏—Ä–æ–≤–∫–∞ —Ç—Ä–µ–±–æ–≤–∞–Ω–∏—è: <<–û—Ç—Å—É—Ç—Å—Ç–≤—É—é—Ç ...

You may provide a definition with
\DeclareUnicodeCharacter 


! Package inputenc Error: Unicode character –º (U+43C)
(inputenc)                not set up for use with LaTeX.

See the inputenc package documentation for explanation.
Type  H <return>  for immediate help.
 ...                                              
                                                  
l.7 –§–æ—Ä–º
            —É–ª–∏—Ä–æ–≤–∫–∞ —Ç—Ä–µ–±–æ–≤–∞–Ω–∏—è: <<–û—Ç—Å—É—Ç—Å—Ç–≤—É—é—Ç ...

You may provide a definition with
\DeclareUnicodeCharacter 


! Package inputenc Error: Unicode character —É (U+443)
(inputenc)                not set up for use with LaTeX.

See the inputenc package documentation for explanation.
Type  H <return>  for immediate help.
 ...                                              
                                                  
l.7 –§–æ—Ä–º—É
              –ª–∏—Ä–æ–≤–∫–∞ —Ç—Ä–µ–±–æ–≤–∞–Ω–∏—è: <<–û—Ç—Å—É—Ç—Å—Ç–≤—É—é—Ç ...

You may provide a definition with
\DeclareUnicodeCharacter 


! Package inputenc Error: Unicode character –ª (U+43B)
(inputenc)                not set up for use with LaTeX.

See the inputenc package documentation for explanation.
Type  H <return>  for immediate help.
 ...                                              
                                                  
l.7 –§–æ—Ä–º—É–ª
                –∏—Ä–æ–≤–∫–∞ —Ç—Ä–µ–±–æ–≤–∞–Ω–∏—è: <<–û—Ç—Å—É—Ç—Å—Ç–≤—É—é—Ç ...

You may provide a definition with
\DeclareUnicodeCharacter 


! Package inputenc Error: Unicode character –∏ (U+438)
(inputenc)                not set up for use with LaTeX.

See the inputenc package documentation for explanation.
Type  H <return>  for immediate help.
 ...                                              
                                                  
l.7 –§–æ—Ä–º—É–ª–∏
                  —Ä–æ–≤–∫–∞ —Ç—Ä–µ–±–æ–≤–∞–Ω–∏—è: <<–û—Ç—Å—É—Ç—Å—Ç–≤—É—é—Ç ...

You may provide a definition with
\DeclareUnicodeCharacter 


! Package inputenc Error: Unicode character —Ä (U+440)
(inputenc)                not set up for use with LaTeX.

See the inputenc package documentation for explanation.
Type  H <return>  for immediate help.
 ...                                              
                                                  
l.7 –§–æ—Ä–º—É–ª–∏—Ä
                    –æ–≤–∫–∞ —Ç—Ä–µ–±–æ–≤–∞–Ω–∏—è: <<–û—Ç—Å—É—Ç—Å—Ç–≤—É—é—Ç ...

You may provide a definition with
\DeclareUnicodeCharacter 


! Package inputenc Error: Unicode character –æ (U+43E)
(inputenc)                not set up for use with LaTeX.

See the inputenc package documentation for explanation.
Type  H <return>  for immediate help.
 ...                                              
                                                  
l.7 –§–æ—Ä–º—É–ª–∏—Ä–æ
                      –≤–∫–∞ —Ç—Ä–µ–±–æ–≤–∞–Ω–∏—è: <<–û—Ç—Å—É—Ç—Å—Ç–≤—É—é—Ç ...

You may provide a definition with
\DeclareUnicodeCharacter 


! Package inputenc Error: Unicode character –≤ (U+432)
(inputenc)                not set up for use with LaTeX.

See the inputenc package documentation for explanation.
Type  H <return>  for immediate help.
 ...                                              
                                                  
l.7 –§–æ—Ä–º—É–ª–∏—Ä–æ–≤
                        –∫–∞ —Ç—Ä–µ–±–æ–≤–∞–Ω–∏—è: <<–û—Ç—Å—É—Ç—Å—Ç–≤—É—é—Ç ...

You may provide a definition with
\DeclareUnicodeCharacter 


! Package inputenc Error: Unicode character –∫ (U+43A)
(inputenc)                not set up for use with LaTeX.

See the inputenc package documentation for explanation.
Type  H <return>  for immediate help.
 ...                                              
                                                  
l.7 –§–æ—Ä–º—É–ª–∏—Ä–æ–≤–∫
                          –∞ —Ç—Ä–µ–±–æ–≤–∞–Ω–∏—è: <<–û—Ç—Å—É—Ç—Å—Ç–≤—É—é—Ç ...

You may provide a definition with
\DeclareUnicodeCharacter 


! Package inputenc Error: Unicode character –∞ (U+430)
(inputenc)                not set up for use with LaTeX.

See the inputenc package documentation for explanation.
Type  H <return>  for immediate help.
 ...                                              
                                                  
l.7 –§–æ—Ä–º—É–ª–∏—Ä–æ–≤–∫–∞
                             —Ç—Ä–µ–±–æ–≤–∞–Ω–∏—è: <<–û—Ç—Å—É—Ç—Å—Ç–≤—É—é—Ç ...

You may provide a definition with
\DeclareUnicodeCharacter 


! Package inputenc Error: Unicode character —Ç (U+442)
(inputenc)                not set up for use with LaTeX.

See the inputenc package documentation for explanation.
Type  H <return>  for immediate help.
 ...                                              
                                                  
l.7 –§–æ—Ä–º—É–ª–∏—Ä–æ–≤–∫–∞ —Ç
                               —Ä–µ–±–æ–≤–∞–Ω–∏—è: <<–û—Ç—Å—É—Ç—Å—Ç–≤—É—é—Ç ...

You may provide a definition with
\DeclareUnicodeCharacter 


! Package inputenc Error: Unicode character —Ä (U+440)
(inputenc)                not set up for use with LaTeX.

See the inputenc package documentation for explanation.
Type  H <return>  for immediate help.
 ...                                              
                                                  
l.7 –§–æ—Ä–º—É–ª–∏—Ä–æ–≤–∫–∞ —Ç—Ä
                                 –µ–±–æ–≤–∞–Ω–∏—è: <<–û—Ç—Å—É—Ç—Å—Ç–≤—É—é—Ç ...

You may provide a definition with
\DeclareUnicodeCharacter 


! Package inputenc Error: Unicode character –µ (U+435)
(inputenc)                not set up for use with LaTeX.

See the inputenc package documentation for explanation.
Type  H <return>  for immediate help.
 ...                                              
                                                  
l.7 –§–æ—Ä–º—É–ª–∏—Ä–æ–≤–∫–∞ —Ç—Ä–µ
                                   –±–æ–≤–∞–Ω–∏—è: <<–û—Ç—Å—É—Ç—Å—Ç–≤—É—é—Ç ...

You may provide a definition with
\DeclareUnicodeCharacter 


! Package inputenc Error: Unicode character –± (U+431)
(inputenc)                not set up for use with LaTeX.

See the inputenc package documentation for explanation.
Type  H <return>  for immediate help.
 ...                                              
                                                  
l.7 –§–æ—Ä–º—É–ª–∏—Ä–æ–≤–∫–∞ —Ç—Ä–µ–±
                                     –æ–≤–∞–Ω–∏—è: <<–û—Ç—Å—É—Ç—Å—Ç–≤—É—é—Ç ...

You may provide a definition with
\DeclareUnicodeCharacter 


! Package inputenc Error: Unicode character –æ (U+43E)
(inputenc)                not set up for use with LaTeX.

See the inputenc package documentation for explanation.
Type  H <return>  for immediate help.
 ...                                              
                                                  
l.7 –§–æ—Ä–º—É–ª–∏—Ä–æ–≤–∫–∞ —Ç—Ä–µ–±–æ
                                       –≤–∞–Ω–∏—è: <<–û—Ç—Å—É—Ç—Å—Ç–≤—É—é—Ç ...

You may provide a definition with
\DeclareUnicodeCharacter 


! Package inputenc Error: Unicode character –≤ (U+432)
(inputenc)                not set up for use with LaTeX.

See the inputenc package documentation for explanation.
Type  H <return>  for immediate help.
 ...                                              
                                                  
l.7 –§–æ—Ä–º—É–ª–∏—Ä–æ–≤–∫–∞ —Ç—Ä–µ–±–æ–≤
                                         –∞–Ω–∏—è: <<–û—Ç—Å—É—Ç—Å—Ç–≤—É—é—Ç ...

You may provide a definition with
\DeclareUnicodeCharacter 


! Package inputenc Error: Unicode character –∞ (U+430)
(inputenc)                not set up for use with LaTeX.

See the inputenc package documentation for explanation.
Type  H <return>  for immediate help.
 ...                                              
                                                  
l.7 –§–æ—Ä–º—É–ª–∏—Ä–æ–≤–∫–∞ —Ç—Ä–µ–±–æ–≤–∞
                                           –Ω–∏—è: <<–û—Ç—Å—É—Ç—Å—Ç–≤—É—é—Ç ...

You may provide a definition with
\DeclareUnicodeCharacter 


! Package inputenc Error: Unicode character –Ω (U+43D)
(inputenc)                not set up for use with LaTeX.

See the inputenc package documentation for explanation.
Type  H <return>  for immediate help.
 ...                                              
                                                  
l.7 –§–æ—Ä–º—É–ª–∏—Ä–æ–≤–∫–∞ —Ç—Ä–µ–±–æ–≤–∞–Ω
                                             –∏—è: <<–û—Ç—Å—É—Ç—Å—Ç–≤—É—é—Ç ...

You may provide a definition with
\DeclareUnicodeCharacter 


! Package inputenc Error: Unicode character –∏ (U+438)
(inputenc)                not set up for use with LaTeX.

See the inputenc package documentation for explanation.
Type  H <return>  for immediate help.
 ...                                              
                                                  
l.7 –§–æ—Ä–º—É–ª–∏—Ä–æ–≤–∫–∞ —Ç—Ä–µ–±–æ–≤–∞–Ω–∏
                                               —è: <<–û—Ç—Å—É—Ç—Å—Ç–≤—É—é—Ç ...

You may provide a definition with
\DeclareUnicodeCharacter 


! Package inputenc Error: Unicode character —è (U+44F)
(inputenc)                not set up for use with LaTeX.

See the inputenc package documentation for explanation.
Type  H <return>  for immediate help.
 ...                                              
                                                  
l.7 –§–æ—Ä–º—É–ª–∏—Ä–æ–≤–∫–∞ —Ç—Ä–µ–±–æ–≤–∞–Ω–∏—è
                                                 : <<–û—Ç—Å—É—Ç—Å—Ç–≤—É—é—Ç ...

You may provide a definition with
\DeclareUnicodeCharacter 


! LaTeX Error: Missing \begin{document}.

See the LaTeX manual or LaTeX Companion for explanation.
Type  H <return>  for immediate help.
 ...                                              
                                                  
l.7 –§–æ—Ä–º—É–ª–∏—Ä–æ–≤–∫–∞ —Ç—Ä–µ–±–æ–≤–∞–Ω–∏—è:
                                                   <<–û—Ç—Å—É—Ç—Å—Ç–≤—É—é—Ç ...

You're in trouble here.  Try typing  <return>  to proceed.
If that doesn't work, type  X <return>  to quit.

Missing character: There is no : in font nullfont!
Missing character: There is no < in font nullfont!
Missing character: There is no < in font nullfont!

! Package inputenc Error: Unicode character –û (U+41E)
(inputenc)                not set up for use with LaTeX.

See the inputenc package documentation for explanation.
Type  H <return>  for immediate help.
 ...                                              
                                                  
l.7 ...—É–ª–∏—Ä–æ–≤–∫–∞ —Ç—Ä–µ–±–æ–≤–∞–Ω–∏—è: <<–û
                                                  —Ç—Å—É—Ç—Å—Ç–≤—É—é—Ç –≤–ª–...

You may provide a definition with
\DeclareUnicodeCharacter 


! Package inputenc Error: Unicode character —Ç (U+442)
(inputenc)                not set up for use with LaTeX.

See the inputenc package documentation for explanation.
Type  H <return>  for immediate help.
 ...                                              
                                                  
l.7 ...–ª–∏—Ä–æ–≤–∫–∞ —Ç—Ä–µ–±–æ–≤–∞–Ω–∏—è: <<–û—Ç
                                                  —Å—É—Ç—Å—Ç–≤—É—é—Ç –≤–ª–æ–...

You may provide a definition with
\DeclareUnicodeCharacter 


! Package inputenc Error: Unicode character —Å (U+441)
(inputenc)                not set up for use with LaTeX.

See the inputenc package documentation for explanation.
Type  H <return>  for immediate help.
 ...                                              
                                                  
l.7 ...–∏—Ä–æ–≤–∫–∞ —Ç—Ä–µ–±–æ–≤–∞–Ω–∏—è: <<–û—Ç—Å
                                                  —É—Ç—Å—Ç–≤—É—é—Ç –≤–ª–æ–∂–...

You may provide a definition with
\DeclareUnicodeCharacter 


! Package inputenc Error: Unicode character —É (U+443)
(inputenc)                not set up for use with LaTeX.

See the inputenc package documentation for explanation.
Type  H <return>  for immediate help.
 ...                                              
                                                  
l.7 ...—Ä–æ–≤–∫–∞ —Ç—Ä–µ–±–æ–≤–∞–Ω–∏—è: <<–û—Ç—Å—É
                                                  —Ç—Å—Ç–≤—É—é—Ç –≤–ª–æ–∂–µ–...

You may provide a definition with
\DeclareUnicodeCharacter 


! Package inputenc Error: Unicode character —Ç (U+442)
(inputenc)                not set up for use with LaTeX.

See the inputenc package documentation for explanation.
Type  H <return>  for immediate help.
 ...                                              
                                                  
l.7 ...–æ–≤–∫–∞ —Ç—Ä–µ–±–æ–≤–∞–Ω–∏—è: <<–û—Ç—Å—É—Ç
                                                  —Å—Ç–≤—É—é—Ç –≤–ª–æ–∂–µ–Ω–...

You may provide a definition with
\DeclareUnicodeCharacter 


! Package inputenc Error: Unicode character —Å (U+441)
(inputenc)                not set up for use with LaTeX.

See the inputenc package documentation for explanation.
Type  H <return>  for immediate help.
 ...                                              
                                                  
l.7 ...–≤–∫–∞ —Ç—Ä–µ–±–æ–≤–∞–Ω–∏—è: <<–û—Ç—Å—É—Ç—Å
                                                  —Ç–≤—É—é—Ç –≤–ª–æ–∂–µ–Ω–Ω—...

You may provide a definition with
\DeclareUnicodeCharacter 


! Package inputenc Error: Unicode character —Ç (U+442)
(inputenc)                not set up for use with LaTeX.

See the inputenc package documentation for explanation.
Type  H <return>  for immediate help.
 ...                                              
                                                  
l.7 ...–∫–∞ —Ç—Ä–µ–±–æ–≤–∞–Ω–∏—è: <<–û—Ç—Å—É—Ç—Å—Ç
                                                  –≤—É—é—Ç –≤–ª–æ–∂–µ–Ω–Ω—ã–...

You may provide a definition with
\DeclareUnicodeCharacter 


! Package inputenc Error: Unicode character –≤ (U+432)
(inputenc)                not set up for use with LaTeX.

See the inputenc package documentation for explanation.
Type  H <return>  for immediate help.
 ...                                              
                                                  
l.7 ...–∞ —Ç—Ä–µ–±–æ–≤–∞–Ω–∏—è: <<–û—Ç—Å—É—Ç—Å—Ç–≤
                                                  —É—é—Ç –≤–ª–æ–∂–µ–Ω–Ω—ã–µ ...

You may provide a definition with
\DeclareUnicodeCharacter 


! Package inputenc Error: Unicode character —É (U+443)
(inputenc)                not set up for use with LaTeX.

See the inputenc package documentation for explanation.
Type  H <return>  for immediate help.
 ...                                              
                                                  
l.7 ... —Ç—Ä–µ–±–æ–≤–∞–Ω–∏—è: <<–û—Ç—Å—É—Ç—Å—Ç–≤—É
                                                  —é—Ç –≤–ª–æ–∂–µ–Ω–Ω—ã–µ –æ...

You may provide a definition with
\DeclareUnicodeCharacter 


! Package inputenc Error: Unicode character —é (U+44E)
(inputenc)                not set up for use with LaTeX.

See the inputenc package documentation for explanation.
Type  H <return>  for immediate help.
 ...                                              
                                                  
l.7 ...Ç—Ä–µ–±–æ–≤–∞–Ω–∏—è: <<–û—Ç—Å—É—Ç—Å—Ç–≤—É—é
                                                  —Ç –≤–ª–æ–∂–µ–Ω–Ω—ã–µ –æ–±...

You may provide a definition with
\DeclareUnicodeCharacter 


! Package inputenc Error: Unicode character —Ç (U+442)
(inputenc)                not set up for use with LaTeX.

See the inputenc package documentation for explanation.
Type  H <return>  for immediate help.
 ...                                              
                                                  
l.7 ...Ä–µ–±–æ–≤–∞–Ω–∏—è: <<–û—Ç—Å—É—Ç—Å—Ç–≤—É—é—Ç
                                                   –≤–ª–æ–∂–µ–Ω–Ω—ã–µ –æ–±–ª...

You may provide a definition with
\DeclareUnicodeCharacter 


! Package inputenc Error: Unicode character –≤ (U+432)
(inputenc)                not set up for use with LaTeX.

See the inputenc package documentation for explanation.
Type  H <return>  for immediate help.
 ...                                              
                                                  
l.7 ...–±–æ–≤–∞–Ω–∏—è: <<–û—Ç—Å—É—Ç—Å—Ç–≤—É—é—Ç –≤
                                                  –ª–æ–∂–µ–Ω–Ω—ã–µ –æ–±–ª–∞—...

You may provide a definition with
\DeclareUnicodeCharacter 


! Package inputenc Error: Unicode character –ª (U+43B)
(inputenc)                not set up for use with LaTeX.

See the inputenc package documentation for explanation.
Type  H <return>  for immediate help.
 ...                                              
                                                  
l.7 ...–æ–≤–∞–Ω–∏—è: <<–û—Ç—Å—É—Ç—Å—Ç–≤—É—é—Ç –≤–ª
                                                  –æ–∂–µ–Ω–Ω—ã–µ –æ–±–ª–∞—Å—...

You may provide a definition with
\DeclareUnicodeCharacter 


! Package inputenc Error: Unicode character –æ (U+43E)
(inputenc)                not set up for use with LaTeX.

See the inputenc package documentation for explanation.
Type  H <return>  for immediate help.
 ...                                              
                                                  
l.7 ...–≤–∞–Ω–∏—è: <<–û—Ç—Å—É—Ç—Å—Ç–≤—É—é—Ç –≤–ª–æ
                                                  –∂–µ–Ω–Ω—ã–µ –æ–±–ª–∞—Å—Ç–...

You may provide a definition with
\DeclareUnicodeCharacter 


! Package inputenc Error: Unicode character –∂ (U+436)
(inputenc)                not set up for use with LaTeX.

See the inputenc package documentation for explanation.
Type  H <return>  for immediate help.
 ...                                              
                                                  
l.7 ...–∞–Ω–∏—è: <<–û—Ç—Å—É—Ç—Å—Ç–≤—É—é—Ç –≤–ª–æ–∂
                                                  –µ–Ω–Ω—ã–µ –æ–±–ª–∞—Å—Ç–∏,...

You may provide a definition with
\DeclareUnicodeCharacter 


! Package inputenc Error: Unicode character –µ (U+435)
(inputenc)                not set up for use with LaTeX.

See the inputenc package documentation for explanation.
Type  H <return>  for immediate help.
 ...                                              
                                                  
l.7 ...–Ω–∏—è: <<–û—Ç—Å—É—Ç—Å—Ç–≤—É—é—Ç –≤–ª–æ–∂–µ
                                                  –Ω–Ω—ã–µ –æ–±–ª–∞—Å—Ç–∏, —...

You may provide a definition with
\DeclareUnicodeCharacter 


! Package inputenc Error: Unicode character –Ω (U+43D)
(inputenc)                not set up for use with LaTeX.

See the inputenc package documentation for explanation.
Type  H <return>  for immediate help.
 ...                                              
                                                  
l.7 ...–∏—è: <<–û—Ç—Å—É—Ç—Å—Ç–≤—É—é—Ç –≤–ª–æ–∂–µ–Ω
                                                  –Ω—ã–µ –æ–±–ª–∞—Å—Ç–∏, —Ç....

You may provide a definition with
\DeclareUnicodeCharacter 


! Package inputenc Error: Unicode character –Ω (U+43D)
(inputenc)                not set up for use with LaTeX.

See the inputenc package documentation for explanation.
Type  H <return>  for immediate help.
 ...                                              
                                                  
l.7 ...—è: <<–û—Ç—Å—É—Ç—Å—Ç–≤—É—é—Ç –≤–ª–æ–∂–µ–Ω–Ω
                                                  —ã–µ –æ–±–ª–∞—Å—Ç–∏, —Ç.–µ...

You may provide a definition with
\DeclareUnicodeCharacter 


! Package inputenc Error: Unicode character —ã (U+44B)
(inputenc)                not set up for use with LaTeX.

See the inputenc package documentation for explanation.
Type  H <return>  for immediate help.
 ...                                              
                                                  
l.7 ...: <<–û—Ç—Å—É—Ç—Å—Ç–≤—É—é—Ç –≤–ª–æ–∂–µ–Ω–Ω—ã
                                                  –µ –æ–±–ª–∞—Å—Ç–∏, —Ç.–µ. ...

You may provide a definition with
\DeclareUnicodeCharacter 


! Package inputenc Error: Unicode character –µ (U+435)
(inputenc)                not set up for use with LaTeX.

See the inputenc package documentation for explanation.
Type  H <return>  for immediate help.
 ...                                              
                                                  
l.7 ...<<–û—Ç—Å—É—Ç—Å—Ç–≤—É—é—Ç –≤–ª–æ–∂–µ–Ω–Ω—ã–µ
                                                   –æ–±–ª–∞—Å—Ç–∏, —Ç.–µ. –≤...

You may provide a definition with
\DeclareUnicodeCharacter 


! Package inputenc Error: Unicode character –æ (U+43E)
(inputenc)                not set up for use with LaTeX.

See the inputenc package documentation for explanation.
Type  H <return>  for immediate help.
 ...                                              
                                                  
l.7 ...û—Ç—Å—É—Ç—Å—Ç–≤—É—é—Ç –≤–ª–æ–∂–µ–Ω–Ω—ã–µ –æ
                                                  –±–ª–∞—Å—Ç–∏, —Ç.–µ. –≤—Å–...

You may provide a definition with
\DeclareUnicodeCharacter 


! Package inputenc Error: Unicode character –± (U+431)
(inputenc)                not set up for use with LaTeX.

See the inputenc package documentation for explanation.
Type  H <return>  for immediate help.
 ...                                              
                                                  
l.7 ...Ç—Å—É—Ç—Å—Ç–≤—É—é—Ç –≤–ª–æ–∂–µ–Ω–Ω—ã–µ –æ–±
                                                  –ª–∞—Å—Ç–∏, —Ç.–µ. –≤—Å–µ ...

You may provide a definition with
\DeclareUnicodeCharacter 


! Package inputenc Error: Unicode character –ª (U+43B)
(inputenc)                not set up for use with LaTeX.

See the inputenc package documentation for explanation.
Type  H <return>  for immediate help.
 ...                                              
                                                  
l.7 ...Å—É—Ç—Å—Ç–≤—É—é—Ç –≤–ª–æ–∂–µ–Ω–Ω—ã–µ –æ–±–ª
                                                  –∞—Å—Ç–∏, —Ç.–µ. –≤—Å–µ –æ...

You may provide a definition with
\DeclareUnicodeCharacter 


! Package inputenc Error: Unicode character –∞ (U+430)
(inputenc)                not set up for use with LaTeX.

See the inputenc package documentation for explanation.
Type  H <return>  for immediate help.
 ...                                              
                                                  
l.7 ...É—Ç—Å—Ç–≤—É—é—Ç –≤–ª–æ–∂–µ–Ω–Ω—ã–µ –æ–±–ª–∞
                                                  —Å—Ç–∏, —Ç.–µ. –≤—Å–µ –æ–±...

You may provide a definition with
\DeclareUnicodeCharacter 


! Package inputenc Error: Unicode character —Å (U+441)
(inputenc)                not set up for use with LaTeX.

See the inputenc package documentation for explanation.
Type  H <return>  for immediate help.
 ...                                              
                                                  
l.7 ...Ç—Å—Ç–≤—É—é—Ç –≤–ª–æ–∂–µ–Ω–Ω—ã–µ –æ–±–ª–∞—Å
                                                  —Ç–∏, —Ç.–µ. –≤—Å–µ –æ–±–ª...

You may provide a definition with
\DeclareUnicodeCharacter 


! Package inputenc Error: Unicode character —Ç (U+442)
(inputenc)                not set up for use with LaTeX.

See the inputenc package documentation for explanation.
Type  H <return>  for immediate help.
 ...                                              
                                                  
l.7 ...Å—Ç–≤—É—é—Ç –≤–ª–æ–∂–µ–Ω–Ω—ã–µ –æ–±–ª–∞—Å—Ç
                                                  –∏, —Ç.–µ. –≤—Å–µ –æ–±–ª–∞...

You may provide a definition with
\DeclareUnicodeCharacter 


! Package inputenc Error: Unicode character –∏ (U+438)
(inputenc)                not set up for use with LaTeX.

See the inputenc package documentation for explanation.
Type  H <return>  for immediate help.
 ...                                              
                                                  
l.7 ...Ç–≤—É—é—Ç –≤–ª–æ–∂–µ–Ω–Ω—ã–µ –æ–±–ª–∞—Å—Ç–∏
                                                  , —Ç.–µ. –≤—Å–µ –æ–±–ª–∞—Å...

You may provide a definition with
\DeclareUnicodeCharacter 

Missing character: There is no , in font nullfont!

! Package inputenc Error: Unicode character —Ç (U+442)
(inputenc)                not set up for use with LaTeX.

See the inputenc package documentation for explanation.
Type  H <return>  for immediate help.
 ...                                              
                                                  
l.7 ...É—é—Ç –≤–ª–æ–∂–µ–Ω–Ω—ã–µ –æ–±–ª–∞—Å—Ç–∏, —Ç
                                                  .–µ. –≤—Å–µ –æ–±–ª–∞—Å—Ç–∏...

You may provide a definition with
\DeclareUnicodeCharacter 

Missing character: There is no . in font nullfont!

! Package inputenc Error: Unicode character –µ (U+435)
(inputenc)                not set up for use with LaTeX.

See the inputenc package documentation for explanation.
Type  H <return>  for immediate help.
 ...                                              
                                                  
l.7 ...—Ç –≤–ª–æ–∂–µ–Ω–Ω—ã–µ –æ–±–ª–∞—Å—Ç–∏, —Ç.–µ
                                                  . –≤—Å–µ –æ–±–ª–∞—Å—Ç–∏ –æ...

You may provide a definition with
\DeclareUnicodeCharacter 

Missing character: There is no . in font nullfont!

! Package inputenc Error: Unicode character –≤ (U+432)
(inputenc)                not set up for use with LaTeX.

See the inputenc package documentation for explanation.
Type  H <return>  for immediate help.
 ...                                              
                                                  
l.7 ...≤–ª–æ–∂–µ–Ω–Ω—ã–µ –æ–±–ª–∞—Å—Ç–∏, —Ç.–µ. –≤
                                                  —Å–µ –æ–±–ª–∞—Å—Ç–∏ –æ–¥–Ω...

You may provide a definition with
\DeclareUnicodeCharacter 


! Package inputenc Error: Unicode character —Å (U+441)
(inputenc)                not set up for use with LaTeX.

See the inputenc package documentation for explanation.
Type  H <return>  for immediate help.
 ...                                              
                                                  
l.7 ...ª–æ–∂–µ–Ω–Ω—ã–µ –æ–±–ª–∞—Å—Ç–∏, —Ç.–µ. –≤—Å
                                                  –µ –æ–±–ª–∞—Å—Ç–∏ –æ–¥–Ω–æ...

You may provide a definition with
\DeclareUnicodeCharacter 


! Package inputenc Error: Unicode character –µ (U+435)
(inputenc)                not set up for use with LaTeX.

See the inputenc package documentation for explanation.
Type  H <return>  for immediate help.
 ...                                              
                                                  
l.7 ...æ–∂–µ–Ω–Ω—ã–µ –æ–±–ª–∞—Å—Ç–∏, —Ç.–µ. –≤—Å–µ
                                                   –æ–±–ª–∞—Å—Ç–∏ –æ–¥–Ω–æ—Å...

You may provide a definition with
\DeclareUnicodeCharacter 


! Package inputenc Error: Unicode character –æ (U+43E)
(inputenc)                not set up for use with LaTeX.

See the inputenc package documentation for explanation.
Type  H <return>  for immediate help.
 ...                                              
                                                  
l.7 ...–µ–Ω–Ω—ã–µ –æ–±–ª–∞—Å—Ç–∏, —Ç.–µ. –≤—Å–µ –æ
                                                  –±–ª–∞—Å—Ç–∏ –æ–¥–Ω–æ—Å–≤—...

You may provide a definition with
\DeclareUnicodeCharacter 


! Package inputenc Error: Unicode character –± (U+431)
(inputenc)                not set up for use with LaTeX.

See the inputenc package documentation for explanation.
Type  H <return>  for immediate help.
 ...                                              
                                                  
l.7 ...–Ω–Ω—ã–µ –æ–±–ª–∞—Å—Ç–∏, —Ç.–µ. –≤—Å–µ –æ–±
                                                  –ª–∞—Å—Ç–∏ –æ–¥–Ω–æ—Å–≤—è–...

You may provide a definition with
\DeclareUnicodeCharacter 


! Package inputenc Error: Unicode character –ª (U+43B)
(inputenc)                not set up for use with LaTeX.

See the inputenc package documentation for explanation.
Type  H <return>  for immediate help.
 ...                                              
                                                  
l.7 ...–Ω—ã–µ –æ–±–ª–∞—Å—Ç–∏, —Ç.–µ. –≤—Å–µ –æ–±–ª
                                                  –∞—Å—Ç–∏ –æ–¥–Ω–æ—Å–≤—è–∑–...

You may provide a definition with
\DeclareUnicodeCharacter 


! Package inputenc Error: Unicode character –∞ (U+430)
(inputenc)                not set up for use with LaTeX.

See the inputenc package documentation for explanation.
Type  H <return>  for immediate help.
 ...                                              
                                                  
l.7 ...—ã–µ –æ–±–ª–∞—Å—Ç–∏, —Ç.–µ. –≤—Å–µ –æ–±–ª–∞
                                                  —Å—Ç–∏ –æ–¥–Ω–æ—Å–≤—è–∑–Ω—...

You may provide a definition with
\DeclareUnicodeCharacter 


! Package inputenc Error: Unicode character —Å (U+441)
(inputenc)                not set up for use with LaTeX.

See the inputenc package documentation for explanation.
Type  H <return>  for immediate help.
 ...                                              
                                                  
l.7 ...–µ –æ–±–ª–∞—Å—Ç–∏, —Ç.–µ. –≤—Å–µ –æ–±–ª–∞—Å
                                                  —Ç–∏ –æ–¥–Ω–æ—Å–≤—è–∑–Ω—ã>>.
You may provide a definition with
\DeclareUnicodeCharacter 


! Package inputenc Error: Unicode character —Ç (U+442)
(inputenc)                not set up for use with LaTeX.

See the inputenc package documentation for explanation.
Type  H <return>  for immediate help.
 ...                                              
                                                  
l.7 ... –æ–±–ª–∞—Å—Ç–∏, —Ç.–µ. –≤—Å–µ –æ–±–ª–∞—Å—Ç
                                                  –∏ –æ–¥–Ω–æ—Å–≤—è–∑–Ω—ã>>.
You may provide a definition with
\DeclareUnicodeCharacter 


! Package inputenc Error: Unicode character –∏ (U+438)
(inputenc)                not set up for use with LaTeX.

See the inputenc package documentation for explanation.
Type  H <return>  for immediate help.
 ...                                              
                                                  
l.7 ...æ–±–ª–∞—Å—Ç–∏, —Ç.–µ. –≤—Å–µ –æ–±–ª–∞—Å—Ç–∏
                                                   –æ–¥–Ω–æ—Å–≤—è–∑–Ω—ã>>.
You may provide a definition with
\DeclareUnicodeCharacter 


! Package inputenc Error: Unicode character –æ (U+43E)
(inputenc)                not set up for use with LaTeX.

See the inputenc package documentation for explanation.
Type  H <return>  for immediate help.
 ...                                              
                                                  
l.7 ...–ª–∞—Å—Ç–∏, —Ç.–µ. –≤—Å–µ –æ–±–ª–∞—Å—Ç–∏ –æ
                                                  –¥–Ω–æ—Å–≤—è–∑–Ω—ã>>.
You may provide a definition with
\DeclareUnicodeCharacter 


! Package inputenc Error: Unicode character –¥ (U+434)
(inputenc)                not set up for use with LaTeX.

See the inputenc package documentation for explanation.
Type  H <return>  for immediate help.
 ...                                              
                                                  
l.7 ...–∞—Å—Ç–∏, —Ç.–µ. –≤—Å–µ –æ–±–ª–∞—Å—Ç–∏ –æ–¥
                                                  –Ω–æ—Å–≤—è–∑–Ω—ã>>.
You may provide a definition with
\DeclareUnicodeCharacter 


! Package inputenc Error: Unicode character –Ω (U+43D)
(inputenc)                not set up for use with LaTeX.

See the inputenc package documentation for explanation.
Type  H <return>  for immediate help.
 ...                                              
                                                  
l.7 ...—Å—Ç–∏, —Ç.–µ. –≤—Å–µ –æ–±–ª–∞—Å—Ç–∏ –æ–¥–Ω
                                                  –æ—Å–≤—è–∑–Ω—ã>>.
You may provide a definition with
\DeclareUnicodeCharacter 


! Package inputenc Error: Unicode character –æ (U+43E)
(inputenc)                not set up for use with LaTeX.

See the inputenc package documentation for explanation.
Type  H <return>  for immediate help.
 ...                                              
                                                  
l.7 ...—Ç–∏, —Ç.–µ. –≤—Å–µ –æ–±–ª–∞—Å—Ç–∏ –æ–¥–Ω–æ
                                                  —Å–≤—è–∑–Ω—ã>>.
You may provide a definition with
\DeclareUnicodeCharacter 


! Package inputenc Error: Unicode character —Å (U+441)
(inputenc)                not set up for use with LaTeX.

See the inputenc package documentation for explanation.
Type  H <return>  for immediate help.
 ...                                              
                                                  
l.7 ...–∏, —Ç.–µ. –≤—Å–µ –æ–±–ª–∞—Å—Ç–∏ –æ–¥–Ω–æ—Å
                                                  –≤—è–∑–Ω—ã>>.
You may provide a definition with
\DeclareUnicodeCharacter 


! Package inputenc Error: Unicode character –≤ (U+432)
(inputenc)                not set up for use with LaTeX.

See the inputenc package documentation for explanation.
Type  H <return>  for immediate help.
 ...                                              
                                                  
l.7 ..., —Ç.–µ. –≤—Å–µ –æ–±–ª–∞—Å—Ç–∏ –æ–¥–Ω–æ—Å–≤
                                                  —è–∑–Ω—ã>>.
You may provide a definition with
\DeclareUnicodeCharacter 


! Package inputenc Error: Unicode character —è (U+44F)
(inputenc)                not set up for use with LaTeX.

See the inputenc package documentation for explanation.
Type  H <return>  for immediate help.
 ...                                              
                                                  
l.7 ...—Ç.–µ. –≤—Å–µ –æ–±–ª–∞—Å—Ç–∏ –æ–¥–Ω–æ—Å–≤—è
                                                  –∑–Ω—ã>>.
You may provide a definition with
\DeclareUnicodeCharacter 


! Package inputenc Error: Unicode character –∑ (U+437)
(inputenc)                not set up for use with LaTeX.

See the inputenc package documentation for explanation.
Type  H <return>  for immediate help.
 ...                                              
                                                  
l.7 ....–µ. –≤—Å–µ –æ–±–ª–∞—Å—Ç–∏ –æ–¥–Ω–æ—Å–≤—è–∑
                                                  –Ω—ã>>.
You may provide a definition with
\DeclareUnicodeCharacter 


! Package inputenc Error: Unicode character –Ω (U+43D)
(inputenc)                not set up for use with LaTeX.

See the inputenc package documentation for explanation.
Type  H <return>  for immediate help.
 ...                                              
                                                  
l.7 ...µ. –≤—Å–µ –æ–±–ª–∞—Å—Ç–∏ –æ–¥–Ω–æ—Å–≤—è–∑–Ω
                                                  —ã>>.
You may provide a definition with
\DeclareUnicodeCharacter 


! Package inputenc Error: Unicode character —ã (U+44B)
(inputenc)                not set up for use with LaTeX.

See the inputenc package documentation for explanation.
Type  H <return>  for immediate help.
 ...                                              
                                                  
l.7 ... –≤—Å–µ –æ–±–ª–∞—Å—Ç–∏ –æ–¥–Ω–æ—Å–≤—è–∑–Ω—ã
                                                  >>.
You may provide a definition with
\DeclareUnicodeCharacter 

Missing character: There is no > in font nullfont!
Missing character: There is no > in font nullfont!
Missing character: There is no . in font nullfont!

Overfull \hbox (20.0pt too wide) in paragraph at lines 7--8
[]
 []


! Package inputenc Error: Unicode character –ú (U+41C)
(inputenc)                not set up for use with LaTeX.

See the inputenc package documentation for explanation.
Type  H <return>  for immediate help.
 ...                                              
                                                  
l.9 –ú
      –Ω–æ–≥–æ—Å–≤—è–∑–Ω–∞—è –æ–±–ª–∞—Å—Ç—å —Å–æ—Å—Ç–æ–∏—Ç –∏–∑ –≤–Ω–µ—à–Ω–µ...

You may provide a definition with
\DeclareUnicodeCharacter 


! Package inputenc Error: Unicode character –Ω (U+43D)
(inputenc)                not set up for use with LaTeX.

See the inputenc package documentation for explanation.
Type  H <return>  for immediate help.
 ...                                              
                                                  
l.9 –ú–Ω
        –æ–≥–æ—Å–≤—è–∑–Ω–∞—è –æ–±–ª–∞—Å—Ç—å —Å–æ—Å—Ç–æ–∏—Ç –∏–∑ –≤–Ω–µ—à–Ω–µ...

You may provide a definition with
\DeclareUnicodeCharacter 


! Package inputenc Error: Unicode character –æ (U+43E)
(inputenc)                not set up for use with LaTeX.

See the inputenc package documentation for explanation.
Type  H <return>  for immediate help.
 ...                                              
                                                  
l.9 –ú–Ω–æ
          –≥–æ—Å–≤—è–∑–Ω–∞—è –æ–±–ª–∞—Å—Ç—å —Å–æ—Å—Ç–æ–∏—Ç –∏–∑ –≤–Ω–µ—à–Ω–µ...

You may provide a definition with
\DeclareUnicodeCharacter 


! Package inputenc Error: Unicode character –≥ (U+433)
(inputenc)                not set up for use with LaTeX.

See the inputenc package documentation for explanation.
Type  H <return>  for immediate help.
 ...                                              
                                                  
l.9 –ú–Ω–æ–≥
            –æ—Å–≤—è–∑–Ω–∞—è –æ–±–ª–∞—Å—Ç—å —Å–æ—Å—Ç–æ–∏—Ç –∏–∑ –≤–Ω–µ—à–Ω–µ...

You may provide a definition with
\DeclareUnicodeCharacter 


! Package inputenc Error: Unicode character –æ (U+43E)
(inputenc)                not set up for use with LaTeX.

See the inputenc package documentation for explanation.
Type  H <return>  for immediate help.
 ...                                              
                                                  
l.9 –ú–Ω–æ–≥–æ
              —Å–≤—è–∑–Ω–∞—è –æ–±–ª–∞—Å—Ç—å —Å–æ—Å—Ç–æ–∏—Ç –∏–∑ –≤–Ω–µ—à–Ω–µ...

You may provide a definition with
\DeclareUnicodeCharacter 


! Package inputenc Error: Unicode character —Å (U+441)
(inputenc)                not set up for use with LaTeX.

See the inputenc package documentation for explanation.
Type  H <return>  for immediate help.
 ...                                              
                                                  
l.9 –ú–Ω–æ–≥–æ—Å
                –≤—è–∑–Ω–∞—è –æ–±–ª–∞—Å—Ç—å —Å–æ—Å—Ç–æ–∏—Ç –∏–∑ –≤–Ω–µ—à–Ω–µ...

You may provide a definition with
\DeclareUnicodeCharacter 


! Package inputenc Error: Unicode character –≤ (U+432)
(inputenc)                not set up for use with LaTeX.

See the inputenc package documentation for explanation.
Type  H <return>  for immediate help.
 ...                                              
                                                  
l.9 –ú–Ω–æ–≥–æ—Å–≤
                  —è–∑–Ω–∞—è –æ–±–ª–∞—Å—Ç—å —Å–æ—Å—Ç–æ–∏—Ç –∏–∑ –≤–Ω–µ—à–Ω–µ...

You may provide a definition with
\DeclareUnicodeCharacter 


! Package inputenc Error: Unicode character —è (U+44F)
(inputenc)                not set up for use with LaTeX.

See the inputenc package documentation for explanation.
Type  H <return>  for immediate help.
 ...                                              
                                                  
l.9 –ú–Ω–æ–≥–æ—Å–≤—è
                    –∑–Ω–∞—è –æ–±–ª–∞—Å—Ç—å —Å–æ—Å—Ç–æ–∏—Ç –∏–∑ –≤–Ω–µ—à–Ω–µ...

You may provide a definition with
\DeclareUnicodeCharacter 


! Package inputenc Error: Unicode character –∑ (U+437)
(inputenc)                not set up for use with LaTeX.

See the inputenc package documentation for explanation.
Type  H <return>  for immediate help.
 ...                                              
                                                  
l.9 –ú–Ω–æ–≥–æ—Å–≤—è–∑
                      –Ω–∞—è –æ–±–ª–∞—Å—Ç—å —Å–æ—Å—Ç–æ–∏—Ç –∏–∑ –≤–Ω–µ—à–Ω–µ...

You may provide a definition with
\DeclareUnicodeCharacter 


! Package inputenc Error: Unicode character –Ω (U+43D)
(inputenc)                not set up for use with LaTeX.

See the inputenc package documentation for explanation.
Type  H <return>  for immediate help.
 ...                                              
                                                  
l.9 –ú–Ω–æ–≥–æ—Å–≤—è–∑–Ω
                        –∞—è –æ–±–ª–∞—Å—Ç—å —Å–æ—Å—Ç–æ–∏—Ç –∏–∑ –≤–Ω–µ—à–Ω–µ...

You may provide a definition with
\DeclareUnicodeCharacter 


! Package inputenc Error: Unicode character –∞ (U+430)
(inputenc)                not set up for use with LaTeX.

See the inputenc package documentation for explanation.
Type  H <return>  for immediate help.
 ...                                              
                                                  
l.9 –ú–Ω–æ–≥–æ—Å–≤—è–∑–Ω–∞
                          —è –æ–±–ª–∞—Å—Ç—å —Å–æ—Å—Ç–æ–∏—Ç –∏–∑ –≤–Ω–µ—à–Ω–µ...

You may provide a definition with
\DeclareUnicodeCharacter 


! Package inputenc Error: Unicode character —è (U+44F)
(inputenc)                not set up for use with LaTeX.

See the inputenc package documentation for explanation.
Type  H <return>  for immediate help.
 ...                                              
                                                  
l.9 –ú–Ω–æ–≥–æ—Å–≤—è–∑–Ω–∞—è
                             –æ–±–ª–∞—Å—Ç—å —Å–æ—Å—Ç–æ–∏—Ç –∏–∑ –≤–Ω–µ—à–Ω–µ...

You may provide a definition with
\DeclareUnicodeCharacter 


! Package inputenc Error: Unicode character –æ (U+43E)
(inputenc)                not set up for use with LaTeX.

See the inputenc package documentation for explanation.
Type  H <return>  for immediate help.
 ...                                              
                                                  
l.9 –ú–Ω–æ–≥–æ—Å–≤—è–∑–Ω–∞—è –æ
                               –±–ª–∞—Å—Ç—å —Å–æ—Å—Ç–æ–∏—Ç –∏–∑ –≤–Ω–µ—à–Ω–µ...

You may provide a definition with
\DeclareUnicodeCharacter 


! Package inputenc Error: Unicode character –± (U+431)
(inputenc)                not set up for use with LaTeX.

See the inputenc package documentation for explanation.
Type  H <return>  for immediate help.
 ...                                              
                                                  
l.9 –ú–Ω–æ–≥–æ—Å–≤—è–∑–Ω–∞—è –æ–±
                                 –ª–∞—Å—Ç—å —Å–æ—Å—Ç–æ–∏—Ç –∏–∑ –≤–Ω–µ—à–Ω–µ...

You may provide a definition with
\DeclareUnicodeCharacter 


! Package inputenc Error: Unicode character –ª (U+43B)
(inputenc)                not set up for use with LaTeX.

See the inputenc package documentation for explanation.
Type  H <return>  for immediate help.
 ...                                              
                                                  
l.9 –ú–Ω–æ–≥–æ—Å–≤—è–∑–Ω–∞—è –æ–±–ª
                                   –∞—Å—Ç—å —Å–æ—Å—Ç–æ–∏—Ç –∏–∑ –≤–Ω–µ—à–Ω–µ...

You may provide a definition with
\DeclareUnicodeCharacter 


! Package inputenc Error: Unicode character –∞ (U+430)
(inputenc)                not set up for use with LaTeX.

See the inputenc package documentation for explanation.
Type  H <return>  for immediate help.
 ...                                              
                                                  
l.9 –ú–Ω–æ–≥–æ—Å–≤—è–∑–Ω–∞—è –æ–±–ª–∞
                                     —Å—Ç—å —Å–æ—Å—Ç–æ–∏—Ç –∏–∑ –≤–Ω–µ—à–Ω–µ...

You may provide a definition with
\DeclareUnicodeCharacter 


! Package inputenc Error: Unicode character —Å (U+441)
(inputenc)                not set up for use with LaTeX.

See the inputenc package documentation for explanation.
Type  H <return>  for immediate help.
 ...                                              
                                                  
l.9 –ú–Ω–æ–≥–æ—Å–≤—è–∑–Ω–∞—è –æ–±–ª–∞—Å
                                       —Ç—å —Å–æ—Å—Ç–æ–∏—Ç –∏–∑ –≤–Ω–µ—à–Ω–µ...

You may provide a definition with
\DeclareUnicodeCharacter 


! Package inputenc Error: Unicode character —Ç (U+442)
(inputenc)                not set up for use with LaTeX.

See the inputenc package documentation for explanation.
Type  H <return>  for immediate help.
 ...                                              
                                                  
l.9 –ú–Ω–æ–≥–æ—Å–≤—è–∑–Ω–∞—è –æ–±–ª–∞—Å—Ç
                                         —å —Å–æ—Å—Ç–æ–∏—Ç –∏–∑ –≤–Ω–µ—à–Ω–µ...

You may provide a definition with
\DeclareUnicodeCharacter 


! Package inputenc Error: Unicode character —å (U+44C)
(inputenc)                not set up for use with LaTeX.

See the inputenc package documentation for explanation.
Type  H <return>  for immediate help.
 ...                                              
                                                  
l.9 –ú–Ω–æ–≥–æ—Å–≤—è–∑–Ω–∞—è –æ–±–ª–∞—Å—Ç—å
                                            —Å–æ—Å—Ç–æ–∏—Ç –∏–∑ –≤–Ω–µ—à–Ω–µ...

You may provide a definition with
\DeclareUnicodeCharacter 


! Package inputenc Error: Unicode character —Å (U+441)
(inputenc)                not set up for use with LaTeX.

See the inputenc package documentation for explanation.
Type  H <return>  for immediate help.
 ...                                              
                                                  
l.9 –ú–Ω–æ–≥–æ—Å–≤—è–∑–Ω–∞—è –æ–±–ª–∞—Å—Ç—å —Å
                                              –æ—Å—Ç–æ–∏—Ç –∏–∑ –≤–Ω–µ—à–Ω–µ...

You may provide a definition with
\DeclareUnicodeCharacter 


! Package inputenc Error: Unicode character –æ (U+43E)
(inputenc)                not set up for use with LaTeX.

See the inputenc package documentation for explanation.
Type  H <return>  for immediate help.
 ...                                              
                                                  
l.9 –ú–Ω–æ–≥–æ—Å–≤—è–∑–Ω–∞—è –æ–±–ª–∞—Å—Ç—å —Å–æ
                                                —Å—Ç–æ–∏—Ç –∏–∑ –≤–Ω–µ—à–Ω–µ...

You may provide a definition with
\DeclareUnicodeCharacter 


! Package inputenc Error: Unicode character —Å (U+441)
(inputenc)                not set up for use with LaTeX.

See the inputenc package documentation for explanation.
Type  H <return>  for immediate help.
 ...                                              
                                                  
l.9 –ú–Ω–æ–≥–æ—Å–≤—è–∑–Ω–∞—è –æ–±–ª–∞—Å—Ç—å —Å–æ—Å
                                                  —Ç–æ–∏—Ç –∏–∑ –≤–Ω–µ—à–Ω–µ...

You may provide a definition with
\DeclareUnicodeCharacter 


! Package inputenc Error: Unicode character —Ç (U+442)
(inputenc)                not set up for use with LaTeX.

See the inputenc package documentation for explanation.
Type  H <return>  for immediate help.
 ...                                              
                                                  
l.9 ...æ–≥–æ—Å–≤—è–∑–Ω–∞—è –æ–±–ª–∞—Å—Ç—å —Å–æ—Å—Ç
                                                  –æ–∏—Ç –∏–∑ –≤–Ω–µ—à–Ω–µ–π...

You may provide a definition with
\DeclareUnicodeCharacter 


! Package inputenc Error: Unicode character –æ (U+43E)
(inputenc)                not set up for use with LaTeX.

See the inputenc package documentation for explanation.
Type  H <return>  for immediate help.
 ...                                              
                                                  
l.9 ...≥–æ—Å–≤—è–∑–Ω–∞—è –æ–±–ª–∞—Å—Ç—å —Å–æ—Å—Ç–æ
                                                  –∏—Ç –∏–∑ –≤–Ω–µ—à–Ω–µ–π –...

You may provide a definition with
\DeclareUnicodeCharacter 


! Package inputenc Error: Unicode character –∏ (U+438)
(inputenc)                not set up for use with LaTeX.

See the inputenc package documentation for explanation.
Type  H <return>  for immediate help.
 ...                                              
                                                  
l.9 ...æ—Å–≤—è–∑–Ω–∞—è –æ–±–ª–∞—Å—Ç—å —Å–æ—Å—Ç–æ–∏
                                                  —Ç –∏–∑ –≤–Ω–µ—à–Ω–µ–π –≥—...

You may provide a definition with
\DeclareUnicodeCharacter 


! Package inputenc Error: Unicode character —Ç (U+442)
(inputenc)                not set up for use with LaTeX.

See the inputenc package documentation for explanation.
Type  H <return>  for immediate help.
 ...                                              
                                                  
l.9 ...Å–≤—è–∑–Ω–∞—è –æ–±–ª–∞—Å—Ç—å —Å–æ—Å—Ç–æ–∏—Ç
                                                   –∏–∑ –≤–Ω–µ—à–Ω–µ–π –≥—Ä–...

You may provide a definition with
\DeclareUnicodeCharacter 


! Package inputenc Error: Unicode character –∏ (U+438)
(inputenc)                not set up for use with LaTeX.

See the inputenc package documentation for explanation.
Type  H <return>  for immediate help.
 ...                                              
                                                  
l.9 ...—è–∑–Ω–∞—è –æ–±–ª–∞—Å—Ç—å —Å–æ—Å—Ç–æ–∏—Ç –∏
                                                  –∑ –≤–Ω–µ—à–Ω–µ–π –≥—Ä–∞–Ω...

You may provide a definition with
\DeclareUnicodeCharacter 


! Package inputenc Error: Unicode character –∑ (U+437)
(inputenc)                not set up for use with LaTeX.

See the inputenc package documentation for explanation.
Type  H <return>  for immediate help.
 ...                                              
                                                  
l.9 ...–∑–Ω–∞—è –æ–±–ª–∞—Å—Ç—å —Å–æ—Å—Ç–æ–∏—Ç –∏–∑
                                                   –≤–Ω–µ—à–Ω–µ–π –≥—Ä–∞–Ω–∏...

You may provide a definition with
\DeclareUnicodeCharacter 


! Package inputenc Error: Unicode character –≤ (U+432)
(inputenc)                not set up for use with LaTeX.

See the inputenc package documentation for explanation.
Type  H <return>  for immediate help.
 ...                                              
                                                  
l.9 ...Ω–∞—è –æ–±–ª–∞—Å—Ç—å —Å–æ—Å—Ç–æ–∏—Ç –∏–∑ –≤
                                                  –Ω–µ—à–Ω–µ–π –≥—Ä–∞–Ω–∏—Ü—...

You may provide a definition with
\DeclareUnicodeCharacter 


! Package inputenc Error: Unicode character –Ω (U+43D)
(inputenc)                not set up for use with LaTeX.

See the inputenc package documentation for explanation.
Type  H <return>  for immediate help.
 ...                                              
                                                  
l.9 ...∞—è –æ–±–ª–∞—Å—Ç—å —Å–æ—Å—Ç–æ–∏—Ç –∏–∑ –≤–Ω
                                                  –µ—à–Ω–µ–π –≥—Ä–∞–Ω–∏—Ü—ã ...

You may provide a definition with
\DeclareUnicodeCharacter 


! Package inputenc Error: Unicode character –µ (U+435)
(inputenc)                not set up for use with LaTeX.

See the inputenc package documentation for explanation.
Type  H <return>  for immediate help.
 ...                                              
                                                  
l.9 ...è –æ–±–ª–∞—Å—Ç—å —Å–æ—Å—Ç–æ–∏—Ç –∏–∑ –≤–Ω–µ
                                                  —à–Ω–µ–π –≥—Ä–∞–Ω–∏—Ü—ã –∏...

You may provide a definition with
\DeclareUnicodeCharacter 


! Package inputenc Error: Unicode character —à (U+448)
(inputenc)                not set up for use with LaTeX.

See the inputenc package documentation for explanation.
Type  H <return>  for immediate help.
 ...                                              
                                                  
l.9 ...–æ–±–ª–∞—Å—Ç—å —Å–æ—Å—Ç–æ–∏—Ç –∏–∑ –≤–Ω–µ—à
                                                  –Ω–µ–π –≥—Ä–∞–Ω–∏—Ü—ã –∏ –...

You may provide a definition with
\DeclareUnicodeCharacter 


! Package inputenc Error: Unicode character –Ω (U+43D)
(inputenc)                not set up for use with LaTeX.

See the inputenc package documentation for explanation.
Type  H <return>  for immediate help.
 ...                                              
                                                  
l.9 ...–±–ª–∞—Å—Ç—å —Å–æ—Å—Ç–æ–∏—Ç –∏–∑ –≤–Ω–µ—à–Ω
                                                  –µ–π –≥—Ä–∞–Ω–∏—Ü—ã –∏ –ø—...

You may provide a definition with
\DeclareUnicodeCharacter 


! Package inputenc Error: Unicode character –µ (U+435)
(inputenc)                not set up for use with LaTeX.

See the inputenc package documentation for explanation.
Type  H <return>  for immediate help.
 ...                                              
                                                  
l.9 ...–ª–∞—Å—Ç—å —Å–æ—Å—Ç–æ–∏—Ç –∏–∑ –≤–Ω–µ—à–Ω–µ
                                                  –π –≥—Ä–∞–Ω–∏—Ü—ã –∏ –ø—Ä–...

You may provide a definition with
\DeclareUnicodeCharacter 


! Package inputenc Error: Unicode character –π (U+439)
(inputenc)                not set up for use with LaTeX.

See the inputenc package documentation for explanation.
Type  H <return>  for immediate help.
 ...                                              
                                                  
l.9 ...–∞—Å—Ç—å —Å–æ—Å—Ç–æ–∏—Ç –∏–∑ –≤–Ω–µ—à–Ω–µ–π
                                                   –≥—Ä–∞–Ω–∏—Ü—ã –∏ –ø—Ä–æ–...

You may provide a definition with
\DeclareUnicodeCharacter 


! Package inputenc Error: Unicode character –≥ (U+433)
(inputenc)                not set up for use with LaTeX.

See the inputenc package documentation for explanation.
Type  H <return>  for immediate help.
 ...                                              
                                                  
l.9 ...Å—Ç—å —Å–æ—Å—Ç–æ–∏—Ç –∏–∑ –≤–Ω–µ—à–Ω–µ–π –≥
                                                  —Ä–∞–Ω–∏—Ü—ã –∏ –ø—Ä–æ–∏–∑...

You may provide a definition with
\DeclareUnicodeCharacter 


! Package inputenc Error: Unicode character —Ä (U+440)
(inputenc)                not set up for use with LaTeX.

See the inputenc package documentation for explanation.
Type  H <return>  for immediate help.
 ...                                              
                                                  
l.9 ...Ç—å —Å–æ—Å—Ç–æ–∏—Ç –∏–∑ –≤–Ω–µ—à–Ω–µ–π –≥—Ä
                                                  –∞–Ω–∏—Ü—ã –∏ –ø—Ä–æ–∏–∑–≤...

You may provide a definition with
\DeclareUnicodeCharacter 


! Package inputenc Error: Unicode character –∞ (U+430)
(inputenc)                not set up for use with LaTeX.

See the inputenc package documentation for explanation.
Type  H <return>  for immediate help.
 ...                                              
                                                  
l.9 ...å —Å–æ—Å—Ç–æ–∏—Ç –∏–∑ –≤–Ω–µ—à–Ω–µ–π –≥—Ä–∞
                                                  –Ω–∏—Ü—ã –∏ –ø—Ä–æ–∏–∑–≤–æ...

You may provide a definition with
\DeclareUnicodeCharacter 


! Package inputenc Error: Unicode character –Ω (U+43D)
(inputenc)                not set up for use with LaTeX.

See the inputenc package documentation for explanation.
Type  H <return>  for immediate help.
 ...                                              
                                                  
l.9 ...—Å–æ—Å—Ç–æ–∏—Ç –∏–∑ –≤–Ω–µ—à–Ω–µ–π –≥—Ä–∞–Ω
                                                  –∏—Ü—ã –∏ –ø—Ä–æ–∏–∑–≤–æ–ª...

You may provide a definition with
\DeclareUnicodeCharacter 


! Package inputenc Error: Unicode character –∏ (U+438)
(inputenc)                not set up for use with LaTeX.

See the inputenc package documentation for explanation.
Type  H <return>  for immediate help.
 ...                                              
                                                  
l.9 ...–æ—Å—Ç–æ–∏—Ç –∏–∑ –≤–Ω–µ—à–Ω–µ–π –≥—Ä–∞–Ω–∏
                                                  —Ü—ã –∏ –ø—Ä–æ–∏–∑–≤–æ–ª—å...

You may provide a definition with
\DeclareUnicodeCharacter 


! Package inputenc Error: Unicode character —Ü (U+446)
(inputenc)                not set up for use with LaTeX.

See the inputenc package documentation for explanation.
Type  H <return>  for immediate help.
 ...                                              
                                                  
l.9 ...—Å—Ç–æ–∏—Ç –∏–∑ –≤–Ω–µ—à–Ω–µ–π –≥—Ä–∞–Ω–∏—Ü
                                                  —ã –∏ –ø—Ä–æ–∏–∑–≤–æ–ª—å–Ω...

You may provide a definition with
\DeclareUnicodeCharacter 


! Package inputenc Error: Unicode character —ã (U+44B)
(inputenc)                not set up for use with LaTeX.

See the inputenc package documentation for explanation.
Type  H <return>  for immediate help.
 ...                                              
                                                  
l.9 ...—Ç–æ–∏—Ç –∏–∑ –≤–Ω–µ—à–Ω–µ–π –≥—Ä–∞–Ω–∏—Ü—ã
                                                   –∏ –ø—Ä–æ–∏–∑–≤–æ–ª—å–Ω–æ...

You may provide a definition with
\DeclareUnicodeCharacter 


! Package inputenc Error: Unicode character –∏ (U+438)
(inputenc)                not set up for use with LaTeX.

See the inputenc package documentation for explanation.
Type  H <return>  for immediate help.
 ...                                              
                                                  
l.9 ...æ–∏—Ç –∏–∑ –≤–Ω–µ—à–Ω–µ–π –≥—Ä–∞–Ω–∏—Ü—ã –∏
                                                   –ø—Ä–æ–∏–∑–≤–æ–ª—å–Ω–æ–≥–...

You may provide a definition with
\DeclareUnicodeCharacter 


! Package inputenc Error: Unicode character –ø (U+43F)
(inputenc)                not set up for use with LaTeX.

See the inputenc package documentation for explanation.
Type  H <return>  for immediate help.
 ...                                              
                                                  
l.9 ...—Ç –∏–∑ –≤–Ω–µ—à–Ω–µ–π –≥—Ä–∞–Ω–∏—Ü—ã –∏ –ø
                                                  —Ä–æ–∏–∑–≤–æ–ª—å–Ω–æ–≥–æ —...

You may provide a definition with
\DeclareUnicodeCharacter 


! Package inputenc Error: Unicode character —Ä (U+440)
(inputenc)                not set up for use with LaTeX.

See the inputenc package documentation for explanation.
Type  H <return>  for immediate help.
 ...                                              
                                                  
l.9 ... –∏–∑ –≤–Ω–µ—à–Ω–µ–π –≥—Ä–∞–Ω–∏—Ü—ã –∏ –ø—Ä
                                                  –æ–∏–∑–≤–æ–ª—å–Ω–æ–≥–æ —á–...

You may provide a definition with
\DeclareUnicodeCharacter 


! Package inputenc Error: Unicode character –æ (U+43E)
(inputenc)                not set up for use with LaTeX.

See the inputenc package documentation for explanation.
Type  H <return>  for immediate help.
 ...                                              
                                                  
l.9 ...∏–∑ –≤–Ω–µ—à–Ω–µ–π –≥—Ä–∞–Ω–∏—Ü—ã –∏ –ø—Ä–æ
                                                  –∏–∑–≤–æ–ª—å–Ω–æ–≥–æ —á–∏—...

You may provide a definition with
\DeclareUnicodeCharacter 


! Package inputenc Error: Unicode character –∏ (U+438)
(inputenc)                not set up for use with LaTeX.

See the inputenc package documentation for explanation.
Type  H <return>  for immediate help.
 ...                                              
                                                  
l.9 ...∑ –≤–Ω–µ—à–Ω–µ–π –≥—Ä–∞–Ω–∏—Ü—ã –∏ –ø—Ä–æ–∏
                                                  –∑–≤–æ–ª—å–Ω–æ–≥–æ —á–∏—Å–...

You may provide a definition with
\DeclareUnicodeCharacter 


! Package inputenc Error: Unicode character –∑ (U+437)
(inputenc)                not set up for use with LaTeX.

See the inputenc package documentation for explanation.
Type  H <return>  for immediate help.
 ...                                              
                                                  
l.9 ...–≤–Ω–µ—à–Ω–µ–π –≥—Ä–∞–Ω–∏—Ü—ã –∏ –ø—Ä–æ–∏–∑
                                                  –≤–æ–ª—å–Ω–æ–≥–æ —á–∏—Å–ª–...

You may provide a definition with
\DeclareUnicodeCharacter 


! Package inputenc Error: Unicode character –≤ (U+432)
(inputenc)                not set up for use with LaTeX.

See the inputenc package documentation for explanation.
Type  H <return>  for immediate help.
 ...                                              
                                                  
l.9 ...–Ω–µ—à–Ω–µ–π –≥—Ä–∞–Ω–∏—Ü—ã –∏ –ø—Ä–æ–∏–∑–≤
                                                  –æ–ª—å–Ω–æ–≥–æ —á–∏—Å–ª–∞ ...

You may provide a definition with
\DeclareUnicodeCharacter 


! Package inputenc Error: Unicode character –æ (U+43E)
(inputenc)                not set up for use with LaTeX.

See the inputenc package documentation for explanation.
Type  H <return>  for immediate help.
 ...                                              
                                                  
l.9 ...–µ—à–Ω–µ–π –≥—Ä–∞–Ω–∏—Ü—ã –∏ –ø—Ä–æ–∏–∑–≤–æ
                                                  –ª—å–Ω–æ–≥–æ —á–∏—Å–ª–∞ –≤...

You may provide a definition with
\DeclareUnicodeCharacter 


! Package inputenc Error: Unicode character –ª (U+43B)
(inputenc)                not set up for use with LaTeX.

See the inputenc package documentation for explanation.
Type  H <return>  for immediate help.
 ...                                              
                                                  
l.9 ...—à–Ω–µ–π –≥—Ä–∞–Ω–∏—Ü—ã –∏ –ø—Ä–æ–∏–∑–≤–æ–ª
                                                  —å–Ω–æ–≥–æ —á–∏—Å–ª–∞ –≤–Ω...

You may provide a definition with
\DeclareUnicodeCharacter 


! Package inputenc Error: Unicode character —å (U+44C)
(inputenc)                not set up for use with LaTeX.

See the inputenc package documentation for explanation.
Type  H <return>  for immediate help.
 ...                                              
                                                  
l.9 ...–Ω–µ–π –≥—Ä–∞–Ω–∏—Ü—ã –∏ –ø—Ä–æ–∏–∑–≤–æ–ª—å
                                                  –Ω–æ–≥–æ —á–∏—Å–ª–∞ –≤–Ω—É...

You may provide a definition with
\DeclareUnicodeCharacter 


! Package inputenc Error: Unicode character –Ω (U+43D)
(inputenc)                not set up for use with LaTeX.

See the inputenc package documentation for explanation.
Type  H <return>  for immediate help.
 ...                                              
                                                  
l.9 ...–µ–π –≥—Ä–∞–Ω–∏—Ü—ã –∏ –ø—Ä–æ–∏–∑–≤–æ–ª—å–Ω
                                                  –æ–≥–æ —á–∏—Å–ª–∞ –≤–Ω—É—Ç...

You may provide a definition with
\DeclareUnicodeCharacter 


! Package inputenc Error: Unicode character –æ (U+43E)
(inputenc)                not set up for use with LaTeX.

See the inputenc package documentation for explanation.
Type  H <return>  for immediate help.
 ...                                              
                                                  
l.9 ...–π –≥—Ä–∞–Ω–∏—Ü—ã –∏ –ø—Ä–æ–∏–∑–≤–æ–ª—å–Ω–æ
                                                  –≥–æ —á–∏—Å–ª–∞ –≤–Ω—É—Ç—Ä...

You may provide a definition with
\DeclareUnicodeCharacter 


! Package inputenc Error: Unicode character –≥ (U+433)
(inputenc)                not set up for use with LaTeX.

See the inputenc package documentation for explanation.
Type  H <return>  for immediate help.
 ...                                              
                                                  
l.9 ... –≥—Ä–∞–Ω–∏—Ü—ã –∏ –ø—Ä–æ–∏–∑–≤–æ–ª—å–Ω–æ–≥
                                                  –æ —á–∏—Å–ª–∞ –≤–Ω—É—Ç—Ä–µ...

You may provide a definition with
\DeclareUnicodeCharacter 


! Package inputenc Error: Unicode character –æ (U+43E)
(inputenc)                not set up for use with LaTeX.

See the inputenc package documentation for explanation.
Type  H <return>  for immediate help.
 ...                                              
                                                  
l.9 ...≥—Ä–∞–Ω–∏—Ü—ã –∏ –ø—Ä–æ–∏–∑–≤–æ–ª—å–Ω–æ–≥–æ
                                                   —á–∏—Å–ª–∞ –≤–Ω—É—Ç—Ä–µ–Ω...

You may provide a definition with
\DeclareUnicodeCharacter 


! Package inputenc Error: Unicode character —á (U+447)
(inputenc)                not set up for use with LaTeX.

See the inputenc package documentation for explanation.
Type  H <return>  for immediate help.
 ...                                              
                                                  
l.9 ...–∞–Ω–∏—Ü—ã –∏ –ø—Ä–æ–∏–∑–≤–æ–ª—å–Ω–æ–≥–æ —á
                                                  –∏—Å–ª–∞ –≤–Ω—É—Ç—Ä–µ–Ω–Ω–...

You may provide a definition with
\DeclareUnicodeCharacter 


! Package inputenc Error: Unicode character –∏ (U+438)
(inputenc)                not set up for use with LaTeX.

See the inputenc package documentation for explanation.
Type  H <return>  for immediate help.
 ...                                              
                                                  
l.9 ...–Ω–∏—Ü—ã –∏ –ø—Ä–æ–∏–∑–≤–æ–ª—å–Ω–æ–≥–æ —á–∏
                                                  —Å–ª–∞ –≤–Ω—É—Ç—Ä–µ–Ω–Ω–∏—...

You may provide a definition with
\DeclareUnicodeCharacter 


! Package inputenc Error: Unicode character —Å (U+441)
(inputenc)                not set up for use with LaTeX.

See the inputenc package documentation for explanation.
Type  H <return>  for immediate help.
 ...                                              
                                                  
l.9 ...–∏—Ü—ã –∏ –ø—Ä–æ–∏–∑–≤–æ–ª—å–Ω–æ–≥–æ —á–∏—Å
                                                  –ª–∞ –≤–Ω—É—Ç—Ä–µ–Ω–Ω–∏—Ö ...

You may provide a definition with
\DeclareUnicodeCharacter 


! Package inputenc Error: Unicode character –ª (U+43B)
(inputenc)                not set up for use with LaTeX.

See the inputenc package documentation for explanation.
Type  H <return>  for immediate help.
 ...                                              
                                                  
l.9 ...—Ü—ã –∏ –ø—Ä–æ–∏–∑–≤–æ–ª—å–Ω–æ–≥–æ —á–∏—Å–ª
                                                  –∞ –≤–Ω—É—Ç—Ä–µ–Ω–Ω–∏—Ö –≥...

You may provide a definition with
\DeclareUnicodeCharacter 


! Package inputenc Error: Unicode character –∞ (U+430)
(inputenc)                not set up for use with LaTeX.

See the inputenc package documentation for explanation.
Type  H <return>  for immediate help.
 ...                                              
                                                  
l.9 ...—ã –∏ –ø—Ä–æ–∏–∑–≤–æ–ª—å–Ω–æ–≥–æ —á–∏—Å–ª–∞
                                                   –≤–Ω—É—Ç—Ä–µ–Ω–Ω–∏—Ö –≥—Ä...

You may provide a definition with
\DeclareUnicodeCharacter 


! Package inputenc Error: Unicode character –≤ (U+432)
(inputenc)                not set up for use with LaTeX.

See the inputenc package documentation for explanation.
Type  H <return>  for immediate help.
 ...                                              
                                                  
l.9 ...–∏ –ø—Ä–æ–∏–∑–≤–æ–ª—å–Ω–æ–≥–æ —á–∏—Å–ª–∞ –≤
                                                  –Ω—É—Ç—Ä–µ–Ω–Ω–∏—Ö –≥—Ä–∞–...

You may provide a definition with
\DeclareUnicodeCharacter 


! Package inputenc Error: Unicode character –Ω (U+43D)
(inputenc)                not set up for use with LaTeX.

See the inputenc package documentation for explanation.
Type  H <return>  for immediate help.
 ...                                              
                                                  
l.9 ... –ø—Ä–æ–∏–∑–≤–æ–ª—å–Ω–æ–≥–æ —á–∏—Å–ª–∞ –≤–Ω
                                                  —É—Ç—Ä–µ–Ω–Ω–∏—Ö –≥—Ä–∞–Ω–...

You may provide a definition with
\DeclareUnicodeCharacter 


! Package inputenc Error: Unicode character —É (U+443)
(inputenc)                not set up for use with LaTeX.

See the inputenc package documentation for explanation.
Type  H <return>  for immediate help.
 ...                                              
                                                  
l.9 ...ø—Ä–æ–∏–∑–≤–æ–ª—å–Ω–æ–≥–æ —á–∏—Å–ª–∞ –≤–Ω—É
                                                  —Ç—Ä–µ–Ω–Ω–∏—Ö –≥—Ä–∞–Ω–∏—...

You may provide a definition with
\DeclareUnicodeCharacter 


! Package inputenc Error: Unicode character —Ç (U+442)
(inputenc)                not set up for use with LaTeX.

See the inputenc package documentation for explanation.
Type  H <return>  for immediate help.
 ...                                              
                                                  
l.9 ...Ä–æ–∏–∑–≤–æ–ª—å–Ω–æ–≥–æ —á–∏—Å–ª–∞ –≤–Ω—É—Ç
                                                  —Ä–µ–Ω–Ω–∏—Ö –≥—Ä–∞–Ω–∏—Ü,...

You may provide a definition with
\DeclareUnicodeCharacter 


! Package inputenc Error: Unicode character —Ä (U+440)
(inputenc)                not set up for use with LaTeX.

See the inputenc package documentation for explanation.
Type  H <return>  for immediate help.
 ...                                              
                                                  
l.9 ...æ–∏–∑–≤–æ–ª—å–Ω–æ–≥–æ —á–∏—Å–ª–∞ –≤–Ω—É—Ç—Ä
                                                  –µ–Ω–Ω–∏—Ö –≥—Ä–∞–Ω–∏—Ü, –...

You may provide a definition with
\DeclareUnicodeCharacter 


! Package inputenc Error: Unicode character –µ (U+435)
(inputenc)                not set up for use with LaTeX.

See the inputenc package documentation for explanation.
Type  H <return>  for immediate help.
 ...                                              
                                                  
l.9 ...∏–∑–≤–æ–ª—å–Ω–æ–≥–æ —á–∏—Å–ª–∞ –≤–Ω—É—Ç—Ä–µ
                                                  –Ω–Ω–∏—Ö –≥—Ä–∞–Ω–∏—Ü, –∑–...

You may provide a definition with
\DeclareUnicodeCharacter 


! Package inputenc Error: Unicode character –Ω (U+43D)
(inputenc)                not set up for use with LaTeX.

See the inputenc package documentation for explanation.
Type  H <return>  for immediate help.
 ...                                              
                                                  
l.9 ...∑–≤–æ–ª—å–Ω–æ–≥–æ —á–∏—Å–ª–∞ –≤–Ω—É—Ç—Ä–µ–Ω
                                                  –Ω–∏—Ö –≥—Ä–∞–Ω–∏—Ü, –∑–∞–...

You may provide a definition with
\DeclareUnicodeCharacter 


! Package inputenc Error: Unicode character –Ω (U+43D)
(inputenc)                not set up for use with LaTeX.

See the inputenc package documentation for explanation.
Type  H <return>  for immediate help.
 ...                                              
                                                  
l.9 ...≤–æ–ª—å–Ω–æ–≥–æ —á–∏—Å–ª–∞ –≤–Ω—É—Ç—Ä–µ–Ω–Ω
                                                  –∏—Ö –≥—Ä–∞–Ω–∏—Ü, –∑–∞–¥–...

You may provide a definition with
\DeclareUnicodeCharacter 


! Package inputenc Error: Unicode character –∏ (U+438)
(inputenc)                not set up for use with LaTeX.

See the inputenc package documentation for explanation.
Type  H <return>  for immediate help.
 ...                                              
                                                  
l.9 ...æ–ª—å–Ω–æ–≥–æ —á–∏—Å–ª–∞ –≤–Ω—É—Ç—Ä–µ–Ω–Ω–∏
                                                  —Ö –≥—Ä–∞–Ω–∏—Ü, –∑–∞–¥–∞–...

You may provide a definition with
\DeclareUnicodeCharacter 


! Package inputenc Error: Unicode character —Ö (U+445)
(inputenc)                not set up for use with LaTeX.

See the inputenc package documentation for explanation.
Type  H <return>  for immediate help.
 ...                                              
                                                  
l.9 ...ª—å–Ω–æ–≥–æ —á–∏—Å–ª–∞ –≤–Ω—É—Ç—Ä–µ–Ω–Ω–∏—Ö
                                                   –≥—Ä–∞–Ω–∏—Ü, –∑–∞–¥–∞–Ω–...

You may provide a definition with
\DeclareUnicodeCharacter 


! Package inputenc Error: Unicode character –≥ (U+433)
(inputenc)                not set up for use with LaTeX.

See the inputenc package documentation for explanation.
Type  H <return>  for immediate help.
 ...                                              
                                                  
l.9 ...–Ω–æ–≥–æ —á–∏—Å–ª–∞ –≤–Ω—É—Ç—Ä–µ–Ω–Ω–∏—Ö –≥
                                                  —Ä–∞–Ω–∏—Ü, –∑–∞–¥–∞–Ω–Ω—ã...

You may provide a definition with
\DeclareUnicodeCharacter 


! Package inputenc Error: Unicode character —Ä (U+440)
(inputenc)                not set up for use with LaTeX.

See the inputenc package documentation for explanation.
Type  H <return>  for immediate help.
 ...                                              
                                                  
l.9 ...–æ–≥–æ —á–∏—Å–ª–∞ –≤–Ω—É—Ç—Ä–µ–Ω–Ω–∏—Ö –≥—Ä
                                                  –∞–Ω–∏—Ü, –∑–∞–¥–∞–Ω–Ω—ã—Ö...

You may provide a definition with
\DeclareUnicodeCharacter 


! Package inputenc Error: Unicode character –∞ (U+430)
(inputenc)                not set up for use with LaTeX.

See the inputenc package documentation for explanation.
Type  H <return>  for immediate help.
 ...                                              
                                                  
l.9 ...–≥–æ —á–∏—Å–ª–∞ –≤–Ω—É—Ç—Ä–µ–Ω–Ω–∏—Ö –≥—Ä–∞
                                                  –Ω–∏—Ü, –∑–∞–¥–∞–Ω–Ω—ã—Ö –...

You may provide a definition with
\DeclareUnicodeCharacter 


! Package inputenc Error: Unicode character –Ω (U+43D)
(inputenc)                not set up for use with LaTeX.

See the inputenc package documentation for explanation.
Type  H <return>  for immediate help.
 ...                                              
                                                  
l.9 ...–æ —á–∏—Å–ª–∞ –≤–Ω—É—Ç—Ä–µ–Ω–Ω–∏—Ö –≥—Ä–∞–Ω
                                                  –∏—Ü, –∑–∞–¥–∞–Ω–Ω—ã—Ö –º–...

You may provide a definition with
\DeclareUnicodeCharacter 


! Package inputenc Error: Unicode character –∏ (U+438)
(inputenc)                not set up for use with LaTeX.

See the inputenc package documentation for explanation.
Type  H <return>  for immediate help.
 ...                                              
                                                  
l.9 ... —á–∏—Å–ª–∞ –≤–Ω—É—Ç—Ä–µ–Ω–Ω–∏—Ö –≥—Ä–∞–Ω–∏
                                                  —Ü, –∑–∞–¥–∞–Ω–Ω—ã—Ö –º–Ω–...

You may provide a definition with
\DeclareUnicodeCharacter 


! Package inputenc Error: Unicode character —Ü (U+446)
(inputenc)                not set up for use with LaTeX.

See the inputenc package documentation for explanation.
Type  H <return>  for immediate help.
 ...                                              
                                                  
l.9 ...á–∏—Å–ª–∞ –≤–Ω—É—Ç—Ä–µ–Ω–Ω–∏—Ö –≥—Ä–∞–Ω–∏—Ü
                                                  , –∑–∞–¥–∞–Ω–Ω—ã—Ö –º–Ω–æ–...

You may provide a definition with
\DeclareUnicodeCharacter 


! LaTeX Error: Missing \begin{document}.

See the LaTeX manual or LaTeX Companion for explanation.
Type  H <return>  for immediate help.
 ...                                              
                                                  
l.9 ...–∏—Å–ª–∞ –≤–Ω—É—Ç—Ä–µ–Ω–Ω–∏—Ö –≥—Ä–∞–Ω–∏—Ü,
                                                   –∑–∞–¥–∞–Ω–Ω—ã—Ö –º–Ω–æ–≥...

You're in trouble here.  Try typing  <return>  to proceed.
If that doesn't work, type  X <return>  to quit.

Missing character: There is no , in font nullfont!

! Package inputenc Error: Unicode character –∑ (U+437)
(inputenc)                not set up for use with LaTeX.

See the inputenc package documentation for explanation.
Type  H <return>  for immediate help.
 ...                                              
                                                  
l.9 ...Å–ª–∞ –≤–Ω—É—Ç—Ä–µ–Ω–Ω–∏—Ö –≥—Ä–∞–Ω–∏—Ü, –∑
                                                  –∞–¥–∞–Ω–Ω—ã—Ö –º–Ω–æ–≥–æ—...

You may provide a definition with
\DeclareUnicodeCharacter 


! Package inputenc Error: Unicode character –∞ (U+430)
(inputenc)                not set up for use with LaTeX.

See the inputenc package documentation for explanation.
Type  H <return>  for immediate help.
 ...                                              
                                                  
l.9 ...ª–∞ –≤–Ω—É—Ç—Ä–µ–Ω–Ω–∏—Ö –≥—Ä–∞–Ω–∏—Ü, –∑–∞
                                                  –¥–∞–Ω–Ω—ã—Ö –º–Ω–æ–≥–æ—É–...

You may provide a definition with
\DeclareUnicodeCharacter 


! Package inputenc Error: Unicode character –¥ (U+434)
(inputenc)                not set up for use with LaTeX.

See the inputenc package documentation for explanation.
Type  H <return>  for immediate help.
 ...                                              
                                                  
l.9 ...∞ –≤–Ω—É—Ç—Ä–µ–Ω–Ω–∏—Ö –≥—Ä–∞–Ω–∏—Ü, –∑–∞–¥
                                                  –∞–Ω–Ω—ã—Ö –º–Ω–æ–≥–æ—É–≥–...

You may provide a definition with
\DeclareUnicodeCharacter 


! Package inputenc Error: Unicode character –∞ (U+430)
(inputenc)                not set up for use with LaTeX.

See the inputenc package documentation for explanation.
Type  H <return>  for immediate help.
 ...                                              
                                                  
l.9 ...–≤–Ω—É—Ç—Ä–µ–Ω–Ω–∏—Ö –≥—Ä–∞–Ω–∏—Ü, –∑–∞–¥–∞
                                                  –Ω–Ω—ã—Ö –º–Ω–æ–≥–æ—É–≥–æ–...

You may provide a definition with
\DeclareUnicodeCharacter 


! Package inputenc Error: Unicode character –Ω (U+43D)
(inputenc)                not set up for use with LaTeX.

See the inputenc package documentation for explanation.
Type  H <return>  for immediate help.
 ...                                              
                                                  
l.9 ...–Ω—É—Ç—Ä–µ–Ω–Ω–∏—Ö –≥—Ä–∞–Ω–∏—Ü, –∑–∞–¥–∞–Ω
                                                  –Ω—ã—Ö –º–Ω–æ–≥–æ—É–≥–æ–ª—...

You may provide a definition with
\DeclareUnicodeCharacter 


! Package inputenc Error: Unicode character –Ω (U+43D)
(inputenc)                not set up for use with LaTeX.

See the inputenc package documentation for explanation.
Type  H <return>  for immediate help.
 ...                                              
                                                  
l.9 ...—É—Ç—Ä–µ–Ω–Ω–∏—Ö –≥—Ä–∞–Ω–∏—Ü, –∑–∞–¥–∞–Ω–Ω
                                                  —ã—Ö –º–Ω–æ–≥–æ—É–≥–æ–ª—å–...

You may provide a definition with
\DeclareUnicodeCharacter 


! Package inputenc Error: Unicode character —ã (U+44B)
(inputenc)                not set up for use with LaTeX.

See the inputenc package documentation for explanation.
Type  H <return>  for immediate help.
 ...                                              
                                                  
l.9 ...—Ç—Ä–µ–Ω–Ω–∏—Ö –≥—Ä–∞–Ω–∏—Ü, –∑–∞–¥–∞–Ω–Ω—ã
                                                  —Ö –º–Ω–æ–≥–æ—É–≥–æ–ª—å–Ω–...

You may provide a definition with
\DeclareUnicodeCharacter 


! Package inputenc Error: Unicode character —Ö (U+445)
(inputenc)                not set up for use with LaTeX.

See the inputenc package documentation for explanation.
Type  H <return>  for immediate help.
 ...                                              
                                                  
l.9 ...—Ä–µ–Ω–Ω–∏—Ö –≥—Ä–∞–Ω–∏—Ü, –∑–∞–¥–∞–Ω–Ω—ã—Ö
                                                   –º–Ω–æ–≥–æ—É–≥–æ–ª—å–Ω–∏–...

You may provide a definition with
\DeclareUnicodeCharacter 


! Package inputenc Error: Unicode character –º (U+43C)
(inputenc)                not set up for use with LaTeX.

See the inputenc package documentation for explanation.
Type  H <return>  for immediate help.
 ...                                              
                                                  
l.9 ...µ–Ω–Ω–∏—Ö –≥—Ä–∞–Ω–∏—Ü, –∑–∞–¥–∞–Ω–Ω—ã—Ö –º
                                                  –Ω–æ–≥–æ—É–≥–æ–ª—å–Ω–∏–∫–∞...

You may provide a definition with
\DeclareUnicodeCharacter 


! Package inputenc Error: Unicode character –Ω (U+43D)
(inputenc)                not set up for use with LaTeX.

See the inputenc package documentation for explanation.
Type  H <return>  for immediate help.
 ...                                              
                                                  
l.9 ...Ω–Ω–∏—Ö –≥—Ä–∞–Ω–∏—Ü, –∑–∞–¥–∞–Ω–Ω—ã—Ö –º–Ω
                                                  –æ–≥–æ—É–≥–æ–ª—å–Ω–∏–∫–∞–º...

You may provide a definition with
\DeclareUnicodeCharacter 


! Package inputenc Error: Unicode character –æ (U+43E)
(inputenc)                not set up for use with LaTeX.

See the inputenc package documentation for explanation.
Type  H <return>  for immediate help.
 ...                                              
                                                  
l.9 ...Ω–∏—Ö –≥—Ä–∞–Ω–∏—Ü, –∑–∞–¥–∞–Ω–Ω—ã—Ö –º–Ω–æ
                                                  –≥–æ—É–≥–æ–ª—å–Ω–∏–∫–∞–º–∏...

You may provide a definition with
\DeclareUnicodeCharacter 


! Package inputenc Error: Unicode character –≥ (U+433)
(inputenc)                not set up for use with LaTeX.

See the inputenc package documentation for explanation.
Type  H <return>  for immediate help.
 ...                                              
                                                  
l.9 ...∏—Ö –≥—Ä–∞–Ω–∏—Ü, –∑–∞–¥–∞–Ω–Ω—ã—Ö –º–Ω–æ–≥
                                                  –æ—É–≥–æ–ª—å–Ω–∏–∫–∞–º–∏. ...

You may provide a definition with
\DeclareUnicodeCharacter 


! Package inputenc Error: Unicode character –æ (U+43E)
(inputenc)                not set up for use with LaTeX.

See the inputenc package documentation for explanation.
Type  H <return>  for immediate help.
 ...                                              
                                                  
l.9 ...Ö –≥—Ä–∞–Ω–∏—Ü, –∑–∞–¥–∞–Ω–Ω—ã—Ö –º–Ω–æ–≥–æ
                                                  —É–≥–æ–ª—å–Ω–∏–∫–∞–º–∏. –ó...

You may provide a definition with
\DeclareUnicodeCharacter 


! Package inputenc Error: Unicode character —É (U+443)
(inputenc)                not set up for use with LaTeX.

See the inputenc package documentation for explanation.
Type  H <return>  for immediate help.
 ...                                              
                                                  
l.9 ...–≥—Ä–∞–Ω–∏—Ü, –∑–∞–¥–∞–Ω–Ω—ã—Ö –º–Ω–æ–≥–æ—É
                                                  –≥–æ–ª—å–Ω–∏–∫–∞–º–∏. –ó–∞...

You may provide a definition with
\DeclareUnicodeCharacter 


! Package inputenc Error: Unicode character –≥ (U+433)
(inputenc)                not set up for use with LaTeX.

See the inputenc package documentation for explanation.
Type  H <return>  for immediate help.
 ...                                              
                                                  
l.9 ...—Ä–∞–Ω–∏—Ü, –∑–∞–¥–∞–Ω–Ω—ã—Ö –º–Ω–æ–≥–æ—É–≥
                                                  –æ–ª—å–Ω–∏–∫–∞–º–∏. –ó–∞–¥...

You may provide a definition with
\DeclareUnicodeCharacter 


! Package inputenc Error: Unicode character –æ (U+43E)
(inputenc)                not set up for use with LaTeX.

See the inputenc package documentation for explanation.
Type  H <return>  for immediate help.
 ...                                              
                                                  
l.9 ...–∞–Ω–∏—Ü, –∑–∞–¥–∞–Ω–Ω—ã—Ö –º–Ω–æ–≥–æ—É–≥–æ
                                                  –ª—å–Ω–∏–∫–∞–º–∏. –ó–∞–¥–∞...

You may provide a definition with
\DeclareUnicodeCharacter 


! Package inputenc Error: Unicode character –ª (U+43B)
(inputenc)                not set up for use with LaTeX.

See the inputenc package documentation for explanation.
Type  H <return>  for immediate help.
 ...                                              
                                                  
l.9 ...–Ω–∏—Ü, –∑–∞–¥–∞–Ω–Ω—ã—Ö –º–Ω–æ–≥–æ—É–≥–æ–ª
                                                  —å–Ω–∏–∫–∞–º–∏. –ó–∞–¥–∞—á...

You may provide a definition with
\DeclareUnicodeCharacter 


! Package inputenc Error: Unicode character —å (U+44C)
(inputenc)                not set up for use with LaTeX.

See the inputenc package documentation for explanation.
Type  H <return>  for immediate help.
 ...                                              
                                                  
l.9 ...–∏—Ü, –∑–∞–¥–∞–Ω–Ω—ã—Ö –º–Ω–æ–≥–æ—É–≥–æ–ª—å
                                                  –Ω–∏–∫–∞–º–∏. –ó–∞–¥–∞—á–∞...

You may provide a definition with
\DeclareUnicodeCharacter 


! Package inputenc Error: Unicode character –Ω (U+43D)
(inputenc)                not set up for use with LaTeX.

See the inputenc package documentation for explanation.
Type  H <return>  for immediate help.
 ...                                              
                                                  
l.9 ...—Ü, –∑–∞–¥–∞–Ω–Ω—ã—Ö –º–Ω–æ–≥–æ—É–≥–æ–ª—å–Ω
                                                  –∏–∫–∞–º–∏. –ó–∞–¥–∞—á–∞ —...

You may provide a definition with
\DeclareUnicodeCharacter 


! Package inputenc Error: Unicode character –∏ (U+438)
(inputenc)                not set up for use with LaTeX.

See the inputenc package documentation for explanation.
Type  H <return>  for immediate help.
 ...                                              
                                                  
l.9 ..., –∑–∞–¥–∞–Ω–Ω—ã—Ö –º–Ω–æ–≥–æ—É–≥–æ–ª—å–Ω–∏
                                                  –∫–∞–º–∏. –ó–∞–¥–∞—á–∞ —Å–...

You may provide a definition with
\DeclareUnicodeCharacter 


! Package inputenc Error: Unicode character –∫ (U+43A)
(inputenc)                not set up for use with LaTeX.

See the inputenc package documentation for explanation.
Type  H <return>  for immediate help.
 ...                                              
                                                  
l.9 ...–∑–∞–¥–∞–Ω–Ω—ã—Ö –º–Ω–æ–≥–æ—É–≥–æ–ª—å–Ω–∏–∫
                                                  –∞–º–∏. –ó–∞–¥–∞—á–∞ —Å–Ω–...

You may provide a definition with
\DeclareUnicodeCharacter 


! Package inputenc Error: Unicode character –∞ (U+430)
(inputenc)                not set up for use with LaTeX.

See the inputenc package documentation for explanation.
Type  H <return>  for immediate help.
 ...                                              
                                                  
l.9 ...–∞–¥–∞–Ω–Ω—ã—Ö –º–Ω–æ–≥–æ—É–≥–æ–ª—å–Ω–∏–∫–∞
                                                  –º–∏. –ó–∞–¥–∞—á–∞ —Å–Ω–∏–...
(That makes 100 errors; please try again.) 
Here is how much of TeX's memory you used:
 39 strings out of 492650
 498 string characters out of 6133410
 56812 words of memory out of 5000000
 4021 multiletter control sequences out of 15000+600000
 3640 words of font info for 14 fonts, out of 8000000 for 9000
 1141 hyphenation exceptions out of 8191
 10i,0n,10p,1163b,29s stack positions out of 5000i,500n,10000p,200000b,80000s

No pages of output.
